command line args [-m NARM -d CDs_and_Vinyl --epochs 180 --stopping_step 15 --tag cds-narm-main --result_file results/experiment_results.jsonl --checkpoint_dir checkpoints --show_progress false] will not be used in RecBole
24 May 16:07    INFO  
General Hyper Parameters:
gpu_id = 0
use_gpu = True
seed = 2020
state = INFO
reproducibility = True
data_path = dataset/processed/CDs_and_Vinyl
checkpoint_dir = checkpoints
show_progress = False
save_dataset = False
dataset_save_path = None
save_dataloaders = False
dataloaders_save_path = None
log_wandb = False

Training Hyper Parameters:
epochs = 180
train_batch_size = 2048
learner = adamw
learning_rate = 0.001
train_neg_sample_args = {'distribution': 'none', 'sample_num': 'none', 'alpha': 'none', 'dynamic': False, 'candidate_num': 0}
eval_step = 1
stopping_step = 15
clip_grad_norm = None
weight_decay = 0.0
loss_decimal_place = 4

Evaluation Hyper Parameters:
eval_args = {'split': {'LS': 'valid_and_test'}, 'order': 'TO', 'group_by': 'user', 'mode': {'valid': 'full', 'test': 'full'}}
repeatable = True
metrics = ['Recall', 'NDCG']
topk = [10, 50]
valid_metric = NDCG@10
valid_metric_bigger = True
eval_batch_size = 2048
metric_decimal_place = 4

Dataset Hyper Parameters:
field_separator = 	
seq_separator =  
USER_ID_FIELD = user_id
ITEM_ID_FIELD = item_id
RATING_FIELD = rating
TIME_FIELD = timestamp
seq_len = None
LABEL_FIELD = label
threshold = None
NEG_PREFIX = neg_
load_col = {'inter': ['user_id', 'item_id_list', 'item_id']}
unload_col = None
unused_col = None
additional_feat_suffix = None
rm_dup_inter = None
val_interval = None
filter_inter_by_user_or_item = True
user_inter_num_interval = [0,inf)
item_inter_num_interval = [0,inf)
alias_of_user_id = None
alias_of_item_id = ['item_id_list']
alias_of_entity_id = None
alias_of_relation_id = None
preload_weight = None
normalize_field = None
normalize_all = None
ITEM_LIST_LENGTH_FIELD = item_length
LIST_SUFFIX = _list
MAX_ITEM_LIST_LENGTH = 50
POSITION_FIELD = position_id
HEAD_ENTITY_ID_FIELD = head_id
TAIL_ENTITY_ID_FIELD = tail_id
RELATION_ID_FIELD = relation_id
ENTITY_ID_FIELD = entity_id
benchmark_filename = ['train', 'valid', 'test']

Other Hyper Parameters: 
worker = 0
wandb_project = recbole
shuffle = True
require_pow = False
enable_amp = False
enable_scaler = False
transform = None
embedding_size = 300
hidden_size = 300
n_layers = 1
dropout_probs = [0.25, 0.5]
loss_type = CE
numerical_features = []
discretization = None
kg_reverse_r = False
entity_kg_num_interval = [0,inf)
relation_kg_num_interval = [0,inf)
MODEL_TYPE = ModelType.SEQUENTIAL
MODEL_INPUT_TYPE = InputType.POINTWISE
eval_type = EvaluatorType.RANKING
single_spec = True
local_rank = 0
device = cuda
valid_neg_sample_args = {'distribution': 'uniform', 'sample_num': 'none'}
test_neg_sample_args = {'distribution': 'uniform', 'sample_num': 'none'}


/root/miniconda3/lib/python3.10/site-packages/recbole/data/dataset/dataset.py:501: FutureWarning: A value is trying to be set on a copy of a DataFrame or Series through chained assignment using an inplace method.
The behavior will change in pandas 3.0. This inplace method will never work because the intermediate object on which we are setting values always behaves as a copy.

For example, when doing 'df[col].method(value, inplace=True)', try using 'df.method({col: value}, inplace=True)' or df[col] = df[col].method(value) instead, to perform the operation inplace on the original object.


  df[field].fillna(value="", inplace=True)
/root/miniconda3/lib/python3.10/site-packages/recbole/data/dataset/dataset.py:501: FutureWarning: A value is trying to be set on a copy of a DataFrame or Series through chained assignment using an inplace method.
The behavior will change in pandas 3.0. This inplace method will never work because the intermediate object on which we are setting values always behaves as a copy.

For example, when doing 'df[col].method(value, inplace=True)', try using 'df.method({col: value}, inplace=True)' or df[col] = df[col].method(value) instead, to perform the operation inplace on the original object.


  df[field].fillna(value="", inplace=True)
/root/miniconda3/lib/python3.10/site-packages/recbole/data/dataset/dataset.py:501: FutureWarning: A value is trying to be set on a copy of a DataFrame or Series through chained assignment using an inplace method.
The behavior will change in pandas 3.0. This inplace method will never work because the intermediate object on which we are setting values always behaves as a copy.

For example, when doing 'df[col].method(value, inplace=True)', try using 'df.method({col: value}, inplace=True)' or df[col] = df[col].method(value) instead, to perform the operation inplace on the original object.


  df[field].fillna(value="", inplace=True)
/root/miniconda3/lib/python3.10/site-packages/recbole/data/dataset/dataset.py:1217: FutureWarning: using <built-in function len> in Series.agg cannot aggregate and has been deprecated. Use Series.transform to keep behavior unchanged.
  split_point = np.cumsum(feat[field].agg(len))[:-1]
/root/miniconda3/lib/python3.10/site-packages/recbole/data/dataset/dataset.py:648: FutureWarning: A value is trying to be set on a copy of a DataFrame or Series through chained assignment using an inplace method.
The behavior will change in pandas 3.0. This inplace method will never work because the intermediate object on which we are setting values always behaves as a copy.

For example, when doing 'df[col].method(value, inplace=True)', try using 'df.method({col: value}, inplace=True)' or df[col] = df[col].method(value) instead, to perform the operation inplace on the original object.


  feat[field].fillna(value=0, inplace=True)
/root/miniconda3/lib/python3.10/site-packages/recbole/data/dataset/sequential_dataset.py:165: FutureWarning: using <built-in function len> in Series.agg cannot aggregate and has been deprecated. Use Series.transform to keep behavior unchanged.
  ].agg(len)
24 May 16:07    INFO  CDs_and_Vinyl
The number of users: 123877
Average actions of users: 11.534825147728373
The number of items: 89371
Average actions of items: 15.988452500839207
The number of inters: 1428888
The sparsity of the dataset: 99.98709342848062%
Remain Fields: ['user_id', 'item_id_list', 'item_id', 'item_length']
24 May 16:07    INFO  [Training]: train_batch_size = [2048] train_neg_sample_args: [{'distribution': 'none', 'sample_num': 'none', 'alpha': 'none', 'dynamic': False, 'candidate_num': 0}]
24 May 16:07    INFO  [Evaluation]: eval_batch_size = [2048] eval_args: [{'split': {'LS': 'valid_and_test'}, 'order': 'TO', 'group_by': 'user', 'mode': {'valid': 'full', 'test': 'full'}}]
24 May 16:07    INFO  NARM(
  (item_embedding): Embedding(89371, 300, padding_idx=0)
  (emb_dropout): Dropout(p=0.25, inplace=False)
  (gru): GRU(300, 300, bias=False, batch_first=True)
  (a_1): Linear(in_features=300, out_features=300, bias=False)
  (a_2): Linear(in_features=300, out_features=300, bias=False)
  (v_t): Linear(in_features=300, out_features=1, bias=False)
  (ct_dropout): Dropout(p=0.5, inplace=False)
  (b): Linear(in_features=600, out_features=300, bias=False)
  (loss_fct): CrossEntropyLoss()
)
Trainable parameters: 27711600
24 May 16:08    INFO  epoch 0 training [time: 43.19s, train loss: 6068.2143]
24 May 16:08    INFO  epoch 0 evaluating [time: 4.44s, valid_score: 0.009900]
24 May 16:08    INFO  valid result: 
recall@10 : 0.0198    recall@50 : 0.0621    ndcg@10 : 0.0099    ndcg@50 : 0.0189
24 May 16:08    INFO  Saving current: checkpoints/NARM-May-24-2026_16-07-36.pth
24 May 16:09    INFO  epoch 1 training [time: 41.54s, train loss: 5498.4312]
24 May 16:09    INFO  epoch 1 evaluating [time: 4.14s, valid_score: 0.021500]
24 May 16:09    INFO  valid result: 
recall@10 : 0.0424    recall@50 : 0.1129    ndcg@10 : 0.0215    ndcg@50 : 0.0367
24 May 16:09    INFO  Saving current: checkpoints/NARM-May-24-2026_16-07-36.pth
24 May 16:09    INFO  epoch 2 training [time: 42.97s, train loss: 5191.6691]
24 May 16:09    INFO  epoch 2 evaluating [time: 4.50s, valid_score: 0.027700]
24 May 16:09    INFO  valid result: 
recall@10 : 0.0544    recall@50 : 0.1371    ndcg@10 : 0.0277    ndcg@50 : 0.0456
24 May 16:09    INFO  Saving current: checkpoints/NARM-May-24-2026_16-07-36.pth
24 May 16:10    INFO  epoch 3 training [time: 41.71s, train loss: 4980.1605]
24 May 16:10    INFO  epoch 3 evaluating [time: 4.55s, valid_score: 0.031200]
24 May 16:10    INFO  valid result: 
recall@10 : 0.0617    recall@50 : 0.1519    ndcg@10 : 0.0312    ndcg@50 : 0.0508
24 May 16:10    INFO  Saving current: checkpoints/NARM-May-24-2026_16-07-36.pth
24 May 16:11    INFO  epoch 4 training [time: 41.75s, train loss: 4795.0807]
24 May 16:11    INFO  epoch 4 evaluating [time: 4.40s, valid_score: 0.034000]
24 May 16:11    INFO  valid result: 
recall@10 : 0.0673    recall@50 : 0.1593    ndcg@10 : 0.034    ndcg@50 : 0.054
24 May 16:11    INFO  Saving current: checkpoints/NARM-May-24-2026_16-07-36.pth
24 May 16:12    INFO  epoch 5 training [time: 40.96s, train loss: 4614.6615]
24 May 16:12    INFO  epoch 5 evaluating [time: 4.27s, valid_score: 0.035800]
24 May 16:12    INFO  valid result: 
recall@10 : 0.0709    recall@50 : 0.1617    ndcg@10 : 0.0358    ndcg@50 : 0.0556
24 May 16:12    INFO  Saving current: checkpoints/NARM-May-24-2026_16-07-36.pth
24 May 16:12    INFO  epoch 6 training [time: 40.88s, train loss: 4437.9278]
24 May 16:13    INFO  epoch 6 evaluating [time: 4.41s, valid_score: 0.035900]
24 May 16:13    INFO  valid result: 
recall@10 : 0.0706    recall@50 : 0.1623    ndcg@10 : 0.0359    ndcg@50 : 0.0559
24 May 16:13    INFO  Saving current: checkpoints/NARM-May-24-2026_16-07-36.pth
24 May 16:13    INFO  epoch 7 training [time: 40.37s, train loss: 4268.4553]
24 May 16:13    INFO  epoch 7 evaluating [time: 4.28s, valid_score: 0.036700]
24 May 16:13    INFO  valid result: 
recall@10 : 0.0711    recall@50 : 0.1596    ndcg@10 : 0.0367    ndcg@50 : 0.0559
24 May 16:13    INFO  Saving current: checkpoints/NARM-May-24-2026_16-07-36.pth
24 May 16:14    INFO  epoch 8 training [time: 41.61s, train loss: 4103.3517]
24 May 16:14    INFO  epoch 8 evaluating [time: 4.49s, valid_score: 0.036300]
24 May 16:14    INFO  valid result: 
recall@10 : 0.0702    recall@50 : 0.157    ndcg@10 : 0.0363    ndcg@50 : 0.0553
24 May 16:15    INFO  epoch 9 training [time: 41.41s, train loss: 3948.8709]
24 May 16:15    INFO  epoch 9 evaluating [time: 4.48s, valid_score: 0.036000]
24 May 16:15    INFO  valid result: 
recall@10 : 0.0689    recall@50 : 0.1532    ndcg@10 : 0.036    ndcg@50 : 0.0545
24 May 16:16    INFO  epoch 10 training [time: 42.12s, train loss: 3802.9357]
24 May 16:16    INFO  epoch 10 evaluating [time: 4.32s, valid_score: 0.036000]
24 May 16:16    INFO  valid result: 
recall@10 : 0.0689    recall@50 : 0.1512    ndcg@10 : 0.036    ndcg@50 : 0.054
24 May 16:16    INFO  epoch 11 training [time: 40.97s, train loss: 3668.0287]
24 May 16:16    INFO  epoch 11 evaluating [time: 4.41s, valid_score: 0.035600]
24 May 16:16    INFO  valid result: 
recall@10 : 0.067    recall@50 : 0.147    ndcg@10 : 0.0356    ndcg@50 : 0.053
24 May 16:17    INFO  epoch 12 training [time: 41.89s, train loss: 3541.4532]
24 May 16:17    INFO  epoch 12 evaluating [time: 4.33s, valid_score: 0.035400]
24 May 16:17    INFO  valid result: 
recall@10 : 0.0666    recall@50 : 0.1444    ndcg@10 : 0.0354    ndcg@50 : 0.0524
24 May 16:18    INFO  epoch 13 training [time: 41.66s, train loss: 3428.0363]
24 May 16:18    INFO  epoch 13 evaluating [time: 4.24s, valid_score: 0.035200]
24 May 16:18    INFO  valid result: 
recall@10 : 0.0658    recall@50 : 0.1425    ndcg@10 : 0.0352    ndcg@50 : 0.0519
24 May 16:19    INFO  epoch 14 training [time: 42.46s, train loss: 3321.6409]
24 May 16:19    INFO  epoch 14 evaluating [time: 4.53s, valid_score: 0.034300]
24 May 16:19    INFO  valid result: 
recall@10 : 0.064    recall@50 : 0.14    ndcg@10 : 0.0343    ndcg@50 : 0.0509
24 May 16:19    INFO  epoch 15 training [time: 41.87s, train loss: 3223.6415]
24 May 16:19    INFO  epoch 15 evaluating [time: 4.24s, valid_score: 0.033900]
24 May 16:19    INFO  valid result: 
recall@10 : 0.0635    recall@50 : 0.1382    ndcg@10 : 0.0339    ndcg@50 : 0.0502
24 May 16:20    INFO  epoch 16 training [time: 42.19s, train loss: 3134.2849]
24 May 16:20    INFO  epoch 16 evaluating [time: 4.49s, valid_score: 0.034600]
24 May 16:20    INFO  valid result: 
recall@10 : 0.0637    recall@50 : 0.137    ndcg@10 : 0.0346    ndcg@50 : 0.0506
24 May 16:21    INFO  epoch 17 training [time: 41.71s, train loss: 3051.4357]
24 May 16:21    INFO  epoch 17 evaluating [time: 4.32s, valid_score: 0.033800]
24 May 16:21    INFO  valid result: 
recall@10 : 0.0627    recall@50 : 0.1363    ndcg@10 : 0.0338    ndcg@50 : 0.0498
24 May 16:22    INFO  epoch 18 training [time: 42.75s, train loss: 2975.7854]
24 May 16:22    INFO  epoch 18 evaluating [time: 4.48s, valid_score: 0.033700]
24 May 16:22    INFO  valid result: 
recall@10 : 0.0625    recall@50 : 0.1332    ndcg@10 : 0.0337    ndcg@50 : 0.0491
24 May 16:23    INFO  epoch 19 training [time: 41.90s, train loss: 2903.7298]
24 May 16:23    INFO  epoch 19 evaluating [time: 4.32s, valid_score: 0.033900]
24 May 16:23    INFO  valid result: 
recall@10 : 0.062    recall@50 : 0.1321    ndcg@10 : 0.0339    ndcg@50 : 0.0492
24 May 16:23    INFO  epoch 20 training [time: 42.78s, train loss: 2837.6263]
24 May 16:23    INFO  epoch 20 evaluating [time: 4.46s, valid_score: 0.033600]
24 May 16:23    INFO  valid result: 
recall@10 : 0.0618    recall@50 : 0.1308    ndcg@10 : 0.0336    ndcg@50 : 0.0486
24 May 16:24    INFO  epoch 21 training [time: 42.07s, train loss: 2775.9913]
24 May 16:24    INFO  epoch 21 evaluating [time: 4.36s, valid_score: 0.033800]
24 May 16:24    INFO  valid result: 
recall@10 : 0.0619    recall@50 : 0.1304    ndcg@10 : 0.0338    ndcg@50 : 0.0487
24 May 16:25    INFO  epoch 22 training [time: 41.00s, train loss: 2715.3087]
24 May 16:25    INFO  epoch 22 evaluating [time: 4.42s, valid_score: 0.033400]
24 May 16:25    INFO  valid result: 
recall@10 : 0.0607    recall@50 : 0.1296    ndcg@10 : 0.0334    ndcg@50 : 0.0484
24 May 16:26    INFO  epoch 23 training [time: 42.97s, train loss: 2663.0941]
24 May 16:26    INFO  epoch 23 evaluating [time: 4.37s, valid_score: 0.033200]
24 May 16:26    INFO  valid result: 
recall@10 : 0.0603    recall@50 : 0.1283    ndcg@10 : 0.0332    ndcg@50 : 0.048
24 May 16:26    INFO  Finished training, best eval result in epoch 7
24 May 16:26    INFO  Loading model structure and parameters from checkpoints/NARM-May-24-2026_16-07-36.pth
24 May 16:26    INFO  best valid : OrderedDict([('recall@10', 0.0711), ('recall@50', 0.1596), ('ndcg@10', 0.0367), ('ndcg@50', 0.0559)])
24 May 16:26    INFO  test result: OrderedDict([('recall@10', 0.0596), ('recall@50', 0.1388), ('ndcg@10', 0.0311), ('ndcg@50', 0.0483)])
