command line args [-m RichUniSRec -d CDs_and_Vinyl_Rich -p checkpoints/cds-richunisrec-smoke-best.pth --train_stage transductive_ft --learning_rate 0.00005 --epochs 30 --stopping_step 6 --tag cds-richunisrec-main --result_file results/experiment_results.jsonl --checkpoint_dir checkpoints --show_progress false] will not be used in RecBole
24 May 19:12    INFO  
General Hyper Parameters:
gpu_id = 0
use_gpu = True
seed = 2020
state = INFO
reproducibility = True
data_path = dataset/processed/CDs_and_Vinyl_Rich
checkpoint_dir = checkpoints
show_progress = False
save_dataset = False
dataset_save_path = None
save_dataloaders = False
dataloaders_save_path = None
log_wandb = False

Training Hyper Parameters:
epochs = 30
train_batch_size = 2048
learner = adamw
learning_rate = 5e-05
train_neg_sample_args = {'distribution': 'none', 'sample_num': 'none', 'alpha': 'none', 'dynamic': False, 'candidate_num': 0}
eval_step = 1
stopping_step = 6
clip_grad_norm = None
weight_decay = 0.0
loss_decimal_place = 4

Evaluation Hyper Parameters:
eval_args = {'split': {'LS': 'valid_and_test'}, 'order': 'TO', 'group_by': 'user', 'mode': {'valid': 'full', 'test': 'full'}}
repeatable = True
metrics = ['Recall', 'NDCG']
topk = [10, 50]
valid_metric = NDCG@10
valid_metric_bigger = True
eval_batch_size = 2048
metric_decimal_place = 4

Dataset Hyper Parameters:
field_separator = 	
seq_separator =  
USER_ID_FIELD = user_id
ITEM_ID_FIELD = item_id
RATING_FIELD = rating
TIME_FIELD = timestamp
seq_len = None
LABEL_FIELD = label
threshold = None
NEG_PREFIX = neg_
load_col = {'inter': ['user_id', 'item_id_list', 'rating_list', 'time_gap_list', 'recency_list', 'item_id']}
unload_col = None
unused_col = None
additional_feat_suffix = None
rm_dup_inter = None
val_interval = None
filter_inter_by_user_or_item = True
user_inter_num_interval = [0,inf)
item_inter_num_interval = [0,inf)
alias_of_user_id = None
alias_of_item_id = ['item_id_list']
alias_of_entity_id = None
alias_of_relation_id = None
preload_weight = None
normalize_field = None
normalize_all = None
ITEM_LIST_LENGTH_FIELD = item_length
LIST_SUFFIX = _list
MAX_ITEM_LIST_LENGTH = 50
POSITION_FIELD = position_id
HEAD_ENTITY_ID_FIELD = head_id
TAIL_ENTITY_ID_FIELD = tail_id
RELATION_ID_FIELD = relation_id
ENTITY_ID_FIELD = entity_id
benchmark_filename = ['train', 'valid', 'test']

Other Hyper Parameters: 
worker = 0
wandb_project = recbole
shuffle = True
require_pow = False
enable_amp = False
enable_scaler = False
transform = None
numerical_features = []
discretization = None
kg_reverse_r = False
entity_kg_num_interval = [0,inf)
relation_kg_num_interval = [0,inf)
MODEL_TYPE = ModelType.SEQUENTIAL
n_layers = 3
n_heads = 4
hidden_size = 300
inner_size = 512
hidden_dropout_prob = 0.3
attn_dropout_prob = 0.3
hidden_act = gelu
layer_norm_eps = 1e-12
initializer_range = 0.02
loss_type = CE
item_drop_ratio = 0.15
item_drop_coefficient = 0.95
lambda = 0.001
plm_suffix = blair-roberta-base.feature
struct_suffix = rich-item-struct.npy
train_stage = transductive_ft
plm_size = 768
adaptor_dropout_prob = 0.1
adaptor_layers = [768, 300]
temperature = 0.05
n_exps = 8
use_rich_item_struct = True
use_user_history_features = True
rich_struct_embedding_size = 32
rich_user_feature_embedding_size = 32
rich_rating_bucket_num = 6
rich_time_gap_bucket_num = 10
rich_recency_bucket_num = 51
MODEL_INPUT_TYPE = InputType.POINTWISE
eval_type = EvaluatorType.RANKING
single_spec = True
local_rank = 0
device = cuda
valid_neg_sample_args = {'distribution': 'uniform', 'sample_num': 'none'}
test_neg_sample_args = {'distribution': 'uniform', 'sample_num': 'none'}


/root/miniconda3/lib/python3.10/site-packages/recbole/data/dataset/dataset.py:501: FutureWarning: A value is trying to be set on a copy of a DataFrame or Series through chained assignment using an inplace method.
The behavior will change in pandas 3.0. This inplace method will never work because the intermediate object on which we are setting values always behaves as a copy.

For example, when doing 'df[col].method(value, inplace=True)', try using 'df.method({col: value}, inplace=True)' or df[col] = df[col].method(value) instead, to perform the operation inplace on the original object.


  df[field].fillna(value="", inplace=True)
/root/miniconda3/lib/python3.10/site-packages/recbole/data/dataset/dataset.py:501: FutureWarning: A value is trying to be set on a copy of a DataFrame or Series through chained assignment using an inplace method.
The behavior will change in pandas 3.0. This inplace method will never work because the intermediate object on which we are setting values always behaves as a copy.

For example, when doing 'df[col].method(value, inplace=True)', try using 'df.method({col: value}, inplace=True)' or df[col] = df[col].method(value) instead, to perform the operation inplace on the original object.


  df[field].fillna(value="", inplace=True)
/root/miniconda3/lib/python3.10/site-packages/recbole/data/dataset/dataset.py:501: FutureWarning: A value is trying to be set on a copy of a DataFrame or Series through chained assignment using an inplace method.
The behavior will change in pandas 3.0. This inplace method will never work because the intermediate object on which we are setting values always behaves as a copy.

For example, when doing 'df[col].method(value, inplace=True)', try using 'df.method({col: value}, inplace=True)' or df[col] = df[col].method(value) instead, to perform the operation inplace on the original object.


  df[field].fillna(value="", inplace=True)
/root/miniconda3/lib/python3.10/site-packages/recbole/data/dataset/dataset.py:1217: FutureWarning: using <built-in function len> in Series.agg cannot aggregate and has been deprecated. Use Series.transform to keep behavior unchanged.
  split_point = np.cumsum(feat[field].agg(len))[:-1]
/root/miniconda3/lib/python3.10/site-packages/recbole/data/dataset/dataset.py:648: FutureWarning: A value is trying to be set on a copy of a DataFrame or Series through chained assignment using an inplace method.
The behavior will change in pandas 3.0. This inplace method will never work because the intermediate object on which we are setting values always behaves as a copy.

For example, when doing 'df[col].method(value, inplace=True)', try using 'df.method({col: value}, inplace=True)' or df[col] = df[col].method(value) instead, to perform the operation inplace on the original object.


  feat[field].fillna(value=0, inplace=True)
/root/miniconda3/lib/python3.10/site-packages/recbole/data/dataset/sequential_dataset.py:165: FutureWarning: using <built-in function len> in Series.agg cannot aggregate and has been deprecated. Use Series.transform to keep behavior unchanged.
  ].agg(len)
24 May 19:13    INFO  CDs_and_Vinyl_Rich
The number of users: 123877
Average actions of users: 11.534825147728373
The number of items: 89371
Average actions of items: 15.988452500839207
The number of inters: 1428888
The sparsity of the dataset: 99.98709342848062%
Remain Fields: ['user_id', 'item_id_list', 'rating_list', 'time_gap_list', 'recency_list', 'item_id', 'item_length']
24 May 19:14    INFO  [Training]: train_batch_size = [2048] train_neg_sample_args: [{'distribution': 'none', 'sample_num': 'none', 'alpha': 'none', 'dynamic': False, 'candidate_num': 0}]
24 May 19:14    INFO  [Evaluation]: eval_batch_size = [2048] eval_args: [{'split': {'LS': 'valid_and_test'}, 'order': 'TO', 'group_by': 'user', 'mode': {'valid': 'full', 'test': 'full'}}]
24 May 19:14    INFO  Loading from checkpoints/cds-richunisrec-smoke-best.pth
24 May 19:14    INFO  RichUniSRec(
  (item_embedding): Embedding(89371, 300, padding_idx=0)
  (position_embedding): Embedding(50, 300)
  (trm_encoder): TransformerEncoder(
    (layer): ModuleList(
      (0-2): 3 x TransformerLayer(
        (multi_head_attention): MultiHeadAttention(
          (query): Linear(in_features=300, out_features=300, bias=True)
          (key): Linear(in_features=300, out_features=300, bias=True)
          (value): Linear(in_features=300, out_features=300, bias=True)
          (softmax): Softmax(dim=-1)
          (attn_dropout): Dropout(p=0.3, inplace=False)
          (dense): Linear(in_features=300, out_features=300, bias=True)
          (LayerNorm): LayerNorm((300,), eps=1e-12, elementwise_affine=True)
          (out_dropout): Dropout(p=0.3, inplace=False)
        )
        (feed_forward): FeedForward(
          (dense_1): Linear(in_features=300, out_features=512, bias=True)
          (dense_2): Linear(in_features=512, out_features=300, bias=True)
          (LayerNorm): LayerNorm((300,), eps=1e-12, elementwise_affine=True)
          (dropout): Dropout(p=0.3, inplace=False)
        )
      )
    )
  )
  (LayerNorm): LayerNorm((300,), eps=1e-12, elementwise_affine=True)
  (dropout): Dropout(p=0.3, inplace=False)
  (loss_fct): CrossEntropyLoss()
  (plm_embedding): Embedding(89371, 768, padding_idx=0)
  (moe_adaptor): MoEAdaptorLayer(
    (experts): ModuleList(
      (0-7): 8 x PWLayer(
        (dropout): Dropout(p=0.1, inplace=False)
        (lin): Linear(in_features=768, out_features=300, bias=False)
      )
    )
  )
  (struct_embeddings): ModuleList(
    (0): Embedding(9, 32, padding_idx=0)
    (1): Embedding(11, 32, padding_idx=0)
    (2-3): 2 x Embedding(22, 32, padding_idx=0)
    (4): Embedding(582, 32, padding_idx=0)
  )
  (struct_projection): Linear(in_features=160, out_features=300, bias=True)
  (rating_embedding): Embedding(6, 32, padding_idx=0)
  (time_gap_embedding): Embedding(10, 32, padding_idx=0)
  (recency_embedding): Embedding(51, 32, padding_idx=0)
  (user_feature_projection): Linear(in_features=96, out_features=300, bias=True)
)
Trainable parameters: 30799984
24 May 19:17    INFO  epoch 0 training [time: 212.80s, train loss: 5326.5353]
24 May 19:17    INFO  epoch 0 evaluating [time: 6.16s, valid_score: 0.035000]
24 May 19:17    INFO  valid result: 
recall@10 : 0.0752    recall@50 : 0.1652    ndcg@10 : 0.035    ndcg@50 : 0.0546
24 May 19:17    INFO  Saving current: checkpoints/RichUniSRec-May-24-2026_19-14-01.pth
24 May 19:21    INFO  epoch 1 training [time: 210.52s, train loss: 5212.3261]
24 May 19:21    INFO  epoch 1 evaluating [time: 6.13s, valid_score: 0.039600]
24 May 19:21    INFO  valid result: 
recall@10 : 0.0854    recall@50 : 0.1831    ndcg@10 : 0.0396    ndcg@50 : 0.061
24 May 19:21    INFO  Saving current: checkpoints/RichUniSRec-May-24-2026_19-14-01.pth
24 May 19:24    INFO  epoch 2 training [time: 211.14s, train loss: 5110.3809]
24 May 19:24    INFO  epoch 2 evaluating [time: 6.13s, valid_score: 0.043500]
24 May 19:24    INFO  valid result: 
recall@10 : 0.0947    recall@50 : 0.199    ndcg@10 : 0.0435    ndcg@50 : 0.0663
24 May 19:24    INFO  Saving current: checkpoints/RichUniSRec-May-24-2026_19-14-01.pth
24 May 19:28    INFO  epoch 3 training [time: 211.40s, train loss: 5021.9347]
24 May 19:28    INFO  epoch 3 evaluating [time: 6.14s, valid_score: 0.045800]
24 May 19:28    INFO  valid result: 
recall@10 : 0.1    recall@50 : 0.209    ndcg@10 : 0.0458    ndcg@50 : 0.0697
24 May 19:28    INFO  Saving current: checkpoints/RichUniSRec-May-24-2026_19-14-01.pth
24 May 19:32    INFO  epoch 4 training [time: 210.70s, train loss: 4943.0900]
24 May 19:32    INFO  epoch 4 evaluating [time: 6.14s, valid_score: 0.047600]
24 May 19:32    INFO  valid result: 
recall@10 : 0.1037    recall@50 : 0.2173    ndcg@10 : 0.0476    ndcg@50 : 0.0724
24 May 19:32    INFO  Saving current: checkpoints/RichUniSRec-May-24-2026_19-14-01.pth
24 May 19:35    INFO  epoch 5 training [time: 211.17s, train loss: 4872.7260]
24 May 19:35    INFO  epoch 5 evaluating [time: 6.12s, valid_score: 0.049500]
24 May 19:35    INFO  valid result: 
recall@10 : 0.1087    recall@50 : 0.225    ndcg@10 : 0.0495    ndcg@50 : 0.075
24 May 19:35    INFO  Saving current: checkpoints/RichUniSRec-May-24-2026_19-14-01.pth
24 May 19:39    INFO  epoch 6 training [time: 211.04s, train loss: 4810.4247]
24 May 19:39    INFO  epoch 6 evaluating [time: 6.13s, valid_score: 0.050800]
24 May 19:39    INFO  valid result: 
recall@10 : 0.1115    recall@50 : 0.2296    ndcg@10 : 0.0508    ndcg@50 : 0.0767
24 May 19:39    INFO  Saving current: checkpoints/RichUniSRec-May-24-2026_19-14-01.pth
24 May 19:43    INFO  epoch 7 training [time: 210.86s, train loss: 4754.7193]
24 May 19:43    INFO  epoch 7 evaluating [time: 6.13s, valid_score: 0.051700]
24 May 19:43    INFO  valid result: 
recall@10 : 0.1139    recall@50 : 0.2349    ndcg@10 : 0.0517    ndcg@50 : 0.0783
24 May 19:43    INFO  Saving current: checkpoints/RichUniSRec-May-24-2026_19-14-01.pth
24 May 19:46    INFO  epoch 8 training [time: 211.14s, train loss: 4703.6587]
24 May 19:46    INFO  epoch 8 evaluating [time: 6.14s, valid_score: 0.052000]
24 May 19:46    INFO  valid result: 
recall@10 : 0.1153    recall@50 : 0.237    ndcg@10 : 0.052    ndcg@50 : 0.0787
24 May 19:46    INFO  Saving current: checkpoints/RichUniSRec-May-24-2026_19-14-01.pth
24 May 19:50    INFO  epoch 9 training [time: 211.36s, train loss: 4657.3361]
24 May 19:50    INFO  epoch 9 evaluating [time: 6.13s, valid_score: 0.052200]
24 May 19:50    INFO  valid result: 
recall@10 : 0.1157    recall@50 : 0.2385    ndcg@10 : 0.0522    ndcg@50 : 0.0791
24 May 19:50    INFO  Saving current: checkpoints/RichUniSRec-May-24-2026_19-14-01.pth
24 May 19:53    INFO  epoch 10 training [time: 211.26s, train loss: 4614.5677]
24 May 19:54    INFO  epoch 10 evaluating [time: 6.15s, valid_score: 0.053000]
24 May 19:54    INFO  valid result: 
recall@10 : 0.1177    recall@50 : 0.2415    ndcg@10 : 0.053    ndcg@50 : 0.0802
24 May 19:54    INFO  Saving current: checkpoints/RichUniSRec-May-24-2026_19-14-01.pth
24 May 19:57    INFO  epoch 11 training [time: 210.89s, train loss: 4574.2825]
24 May 19:57    INFO  epoch 11 evaluating [time: 6.12s, valid_score: 0.053700]
24 May 19:57    INFO  valid result: 
recall@10 : 0.1196    recall@50 : 0.2438    ndcg@10 : 0.0537    ndcg@50 : 0.081
24 May 19:57    INFO  Saving current: checkpoints/RichUniSRec-May-24-2026_19-14-01.pth
24 May 20:01    INFO  epoch 12 training [time: 210.95s, train loss: 4537.0469]
24 May 20:01    INFO  epoch 12 evaluating [time: 6.17s, valid_score: 0.053400]
24 May 20:01    INFO  valid result: 
recall@10 : 0.1192    recall@50 : 0.2449    ndcg@10 : 0.0534    ndcg@50 : 0.081
24 May 20:04    INFO  epoch 13 training [time: 211.13s, train loss: 4501.8614]
24 May 20:04    INFO  epoch 13 evaluating [time: 6.15s, valid_score: 0.053900]
24 May 20:04    INFO  valid result: 
recall@10 : 0.1206    recall@50 : 0.2466    ndcg@10 : 0.0539    ndcg@50 : 0.0815
24 May 20:05    INFO  Saving current: checkpoints/RichUniSRec-May-24-2026_19-14-01.pth
24 May 20:08    INFO  epoch 14 training [time: 210.85s, train loss: 4468.3467]
24 May 20:08    INFO  epoch 14 evaluating [time: 6.14s, valid_score: 0.054100]
24 May 20:08    INFO  valid result: 
recall@10 : 0.1205    recall@50 : 0.248    ndcg@10 : 0.0541    ndcg@50 : 0.0821
24 May 20:08    INFO  Saving current: checkpoints/RichUniSRec-May-24-2026_19-14-01.pth
24 May 20:12    INFO  epoch 15 training [time: 211.08s, train loss: 4436.8822]
24 May 20:12    INFO  epoch 15 evaluating [time: 6.15s, valid_score: 0.054400]
24 May 20:12    INFO  valid result: 
recall@10 : 0.1214    recall@50 : 0.2485    ndcg@10 : 0.0544    ndcg@50 : 0.0823
24 May 20:12    INFO  Saving current: checkpoints/RichUniSRec-May-24-2026_19-14-01.pth
24 May 20:15    INFO  epoch 16 training [time: 211.16s, train loss: 4405.4891]
24 May 20:15    INFO  epoch 16 evaluating [time: 6.13s, valid_score: 0.054200]
24 May 20:15    INFO  valid result: 
recall@10 : 0.1211    recall@50 : 0.2492    ndcg@10 : 0.0542    ndcg@50 : 0.0824
24 May 20:19    INFO  epoch 17 training [time: 211.09s, train loss: 4375.9481]
24 May 20:19    INFO  epoch 17 evaluating [time: 6.13s, valid_score: 0.054600]
24 May 20:19    INFO  valid result: 
recall@10 : 0.1223    recall@50 : 0.2501    ndcg@10 : 0.0546    ndcg@50 : 0.0827
24 May 20:19    INFO  Saving current: checkpoints/RichUniSRec-May-24-2026_19-14-01.pth
24 May 20:23    INFO  epoch 18 training [time: 210.82s, train loss: 4347.2128]
24 May 20:23    INFO  epoch 18 evaluating [time: 6.16s, valid_score: 0.054500]
24 May 20:23    INFO  valid result: 
recall@10 : 0.1222    recall@50 : 0.2508    ndcg@10 : 0.0545    ndcg@50 : 0.0829
24 May 20:26    INFO  epoch 19 training [time: 210.93s, train loss: 4320.0977]
24 May 20:26    INFO  epoch 19 evaluating [time: 6.15s, valid_score: 0.054700]
24 May 20:26    INFO  valid result: 
recall@10 : 0.1225    recall@50 : 0.2515    ndcg@10 : 0.0547    ndcg@50 : 0.0831
24 May 20:26    INFO  Saving current: checkpoints/RichUniSRec-May-24-2026_19-14-01.pth
24 May 20:30    INFO  epoch 20 training [time: 210.95s, train loss: 4293.3515]
24 May 20:30    INFO  epoch 20 evaluating [time: 6.13s, valid_score: 0.054500]
24 May 20:30    INFO  valid result: 
recall@10 : 0.1223    recall@50 : 0.2516    ndcg@10 : 0.0545    ndcg@50 : 0.083
24 May 20:33    INFO  epoch 21 training [time: 210.50s, train loss: 4268.0088]
24 May 20:34    INFO  epoch 21 evaluating [time: 6.13s, valid_score: 0.054400]
24 May 20:34    INFO  valid result: 
recall@10 : 0.1223    recall@50 : 0.2511    ndcg@10 : 0.0544    ndcg@50 : 0.0827
24 May 20:37    INFO  epoch 22 training [time: 210.93s, train loss: 4243.5756]
24 May 20:37    INFO  epoch 22 evaluating [time: 6.14s, valid_score: 0.055000]
24 May 20:37    INFO  valid result: 
recall@10 : 0.1234    recall@50 : 0.2519    ndcg@10 : 0.055    ndcg@50 : 0.0832
24 May 20:37    INFO  Saving current: checkpoints/RichUniSRec-May-24-2026_19-14-01.pth
24 May 20:41    INFO  epoch 23 training [time: 210.57s, train loss: 4219.6221]
24 May 20:41    INFO  epoch 23 evaluating [time: 6.14s, valid_score: 0.054900]
24 May 20:41    INFO  valid result: 
recall@10 : 0.1232    recall@50 : 0.2524    ndcg@10 : 0.0549    ndcg@50 : 0.0834
24 May 20:44    INFO  epoch 24 training [time: 210.09s, train loss: 4195.6374]
24 May 20:44    INFO  epoch 24 evaluating [time: 6.11s, valid_score: 0.054800]
24 May 20:44    INFO  valid result: 
recall@10 : 0.1231    recall@50 : 0.2516    ndcg@10 : 0.0548    ndcg@50 : 0.0831
24 May 20:48    INFO  epoch 25 training [time: 210.21s, train loss: 4173.0784]
24 May 20:48    INFO  epoch 25 evaluating [time: 6.16s, valid_score: 0.054900]
24 May 20:48    INFO  valid result: 
recall@10 : 0.1235    recall@50 : 0.2527    ndcg@10 : 0.0549    ndcg@50 : 0.0834
24 May 20:52    INFO  epoch 26 training [time: 210.36s, train loss: 4151.3086]
24 May 20:52    INFO  epoch 26 evaluating [time: 6.13s, valid_score: 0.055200]
24 May 20:52    INFO  valid result: 
recall@10 : 0.1238    recall@50 : 0.2528    ndcg@10 : 0.0552    ndcg@50 : 0.0836
24 May 20:52    INFO  Saving current: checkpoints/RichUniSRec-May-24-2026_19-14-01.pth
24 May 20:55    INFO  epoch 27 training [time: 210.35s, train loss: 4129.7904]
24 May 20:55    INFO  epoch 27 evaluating [time: 6.11s, valid_score: 0.055200]
24 May 20:55    INFO  valid result: 
recall@10 : 0.1238    recall@50 : 0.2534    ndcg@10 : 0.0552    ndcg@50 : 0.0837
24 May 20:55    INFO  Saving current: checkpoints/RichUniSRec-May-24-2026_19-14-01.pth
24 May 20:59    INFO  epoch 28 training [time: 210.26s, train loss: 4108.7007]
24 May 20:59    INFO  epoch 28 evaluating [time: 6.13s, valid_score: 0.055200]
24 May 20:59    INFO  valid result: 
recall@10 : 0.1241    recall@50 : 0.2528    ndcg@10 : 0.0552    ndcg@50 : 0.0836
24 May 20:59    INFO  Saving current: checkpoints/RichUniSRec-May-24-2026_19-14-01.pth
24 May 21:02    INFO  epoch 29 training [time: 210.52s, train loss: 4088.0630]
24 May 21:03    INFO  epoch 29 evaluating [time: 6.15s, valid_score: 0.055200]
24 May 21:03    INFO  valid result: 
recall@10 : 0.1238    recall@50 : 0.2526    ndcg@10 : 0.0552    ndcg@50 : 0.0836
24 May 21:03    INFO  Saving current: checkpoints/RichUniSRec-May-24-2026_19-14-01.pth
24 May 21:03    INFO  Loading model structure and parameters from checkpoints/RichUniSRec-May-24-2026_19-14-01.pth
24 May 21:03    INFO  best valid : OrderedDict([('recall@10', 0.1238), ('recall@50', 0.2526), ('ndcg@10', 0.0552), ('ndcg@50', 0.0836)])
24 May 21:03    INFO  test result: OrderedDict([('recall@10', 0.1172), ('recall@50', 0.2404), ('ndcg@10', 0.0538), ('ndcg@50', 0.0808)])
