command line args [-m GRU4Rec -d CDs_and_Vinyl --epochs 180 --stopping_step 15 --tag cds-gru4rec-main --result_file results/experiment_results.jsonl --checkpoint_dir checkpoints --show_progress false] will not be used in RecBole
24 May 15:33    INFO  
General Hyper Parameters:
gpu_id = 0
use_gpu = True
seed = 2020
state = INFO
reproducibility = True
data_path = dataset/processed/CDs_and_Vinyl
checkpoint_dir = checkpoints
show_progress = False
save_dataset = False
dataset_save_path = None
save_dataloaders = False
dataloaders_save_path = None
log_wandb = False

Training Hyper Parameters:
epochs = 180
train_batch_size = 2048
learner = adamw
learning_rate = 0.001
train_neg_sample_args = {'distribution': 'none', 'sample_num': 'none', 'alpha': 'none', 'dynamic': False, 'candidate_num': 0}
eval_step = 1
stopping_step = 15
clip_grad_norm = None
weight_decay = 0.0
loss_decimal_place = 4

Evaluation Hyper Parameters:
eval_args = {'split': {'LS': 'valid_and_test'}, 'order': 'TO', 'group_by': 'user', 'mode': {'valid': 'full', 'test': 'full'}}
repeatable = True
metrics = ['Recall', 'NDCG']
topk = [10, 50]
valid_metric = NDCG@10
valid_metric_bigger = True
eval_batch_size = 2048
metric_decimal_place = 4

Dataset Hyper Parameters:
field_separator = 	
seq_separator =  
USER_ID_FIELD = user_id
ITEM_ID_FIELD = item_id
RATING_FIELD = rating
TIME_FIELD = timestamp
seq_len = None
LABEL_FIELD = label
threshold = None
NEG_PREFIX = neg_
load_col = {'inter': ['user_id', 'item_id_list', 'item_id']}
unload_col = None
unused_col = None
additional_feat_suffix = None
rm_dup_inter = None
val_interval = None
filter_inter_by_user_or_item = True
user_inter_num_interval = [0,inf)
item_inter_num_interval = [0,inf)
alias_of_user_id = None
alias_of_item_id = ['item_id_list']
alias_of_entity_id = None
alias_of_relation_id = None
preload_weight = None
normalize_field = None
normalize_all = None
ITEM_LIST_LENGTH_FIELD = item_length
LIST_SUFFIX = _list
MAX_ITEM_LIST_LENGTH = 50
POSITION_FIELD = position_id
HEAD_ENTITY_ID_FIELD = head_id
TAIL_ENTITY_ID_FIELD = tail_id
RELATION_ID_FIELD = relation_id
ENTITY_ID_FIELD = entity_id
benchmark_filename = ['train', 'valid', 'test']

Other Hyper Parameters: 
worker = 0
wandb_project = recbole
shuffle = True
require_pow = False
enable_amp = False
enable_scaler = False
transform = None
embedding_size = 300
hidden_size = 300
num_layers = 1
dropout_prob = 0.2
loss_type = CE
numerical_features = []
discretization = None
kg_reverse_r = False
entity_kg_num_interval = [0,inf)
relation_kg_num_interval = [0,inf)
MODEL_TYPE = ModelType.SEQUENTIAL
MODEL_INPUT_TYPE = InputType.POINTWISE
eval_type = EvaluatorType.RANKING
single_spec = True
local_rank = 0
device = cuda
valid_neg_sample_args = {'distribution': 'uniform', 'sample_num': 'none'}
test_neg_sample_args = {'distribution': 'uniform', 'sample_num': 'none'}


/root/miniconda3/lib/python3.10/site-packages/recbole/data/dataset/dataset.py:501: FutureWarning: A value is trying to be set on a copy of a DataFrame or Series through chained assignment using an inplace method.
The behavior will change in pandas 3.0. This inplace method will never work because the intermediate object on which we are setting values always behaves as a copy.

For example, when doing 'df[col].method(value, inplace=True)', try using 'df.method({col: value}, inplace=True)' or df[col] = df[col].method(value) instead, to perform the operation inplace on the original object.


  df[field].fillna(value="", inplace=True)
/root/miniconda3/lib/python3.10/site-packages/recbole/data/dataset/dataset.py:501: FutureWarning: A value is trying to be set on a copy of a DataFrame or Series through chained assignment using an inplace method.
The behavior will change in pandas 3.0. This inplace method will never work because the intermediate object on which we are setting values always behaves as a copy.

For example, when doing 'df[col].method(value, inplace=True)', try using 'df.method({col: value}, inplace=True)' or df[col] = df[col].method(value) instead, to perform the operation inplace on the original object.


  df[field].fillna(value="", inplace=True)
/root/miniconda3/lib/python3.10/site-packages/recbole/data/dataset/dataset.py:501: FutureWarning: A value is trying to be set on a copy of a DataFrame or Series through chained assignment using an inplace method.
The behavior will change in pandas 3.0. This inplace method will never work because the intermediate object on which we are setting values always behaves as a copy.

For example, when doing 'df[col].method(value, inplace=True)', try using 'df.method({col: value}, inplace=True)' or df[col] = df[col].method(value) instead, to perform the operation inplace on the original object.


  df[field].fillna(value="", inplace=True)
/root/miniconda3/lib/python3.10/site-packages/recbole/data/dataset/dataset.py:1217: FutureWarning: using <built-in function len> in Series.agg cannot aggregate and has been deprecated. Use Series.transform to keep behavior unchanged.
  split_point = np.cumsum(feat[field].agg(len))[:-1]
/root/miniconda3/lib/python3.10/site-packages/recbole/data/dataset/dataset.py:648: FutureWarning: A value is trying to be set on a copy of a DataFrame or Series through chained assignment using an inplace method.
The behavior will change in pandas 3.0. This inplace method will never work because the intermediate object on which we are setting values always behaves as a copy.

For example, when doing 'df[col].method(value, inplace=True)', try using 'df.method({col: value}, inplace=True)' or df[col] = df[col].method(value) instead, to perform the operation inplace on the original object.


  feat[field].fillna(value=0, inplace=True)
/root/miniconda3/lib/python3.10/site-packages/recbole/data/dataset/sequential_dataset.py:165: FutureWarning: using <built-in function len> in Series.agg cannot aggregate and has been deprecated. Use Series.transform to keep behavior unchanged.
  ].agg(len)
24 May 15:33    INFO  CDs_and_Vinyl
The number of users: 123877
Average actions of users: 11.534825147728373
The number of items: 89371
Average actions of items: 15.988452500839207
The number of inters: 1428888
The sparsity of the dataset: 99.98709342848062%
Remain Fields: ['user_id', 'item_id_list', 'item_id', 'item_length']
24 May 15:33    INFO  [Training]: train_batch_size = [2048] train_neg_sample_args: [{'distribution': 'none', 'sample_num': 'none', 'alpha': 'none', 'dynamic': False, 'candidate_num': 0}]
24 May 15:33    INFO  [Evaluation]: eval_batch_size = [2048] eval_args: [{'split': {'LS': 'valid_and_test'}, 'order': 'TO', 'group_by': 'user', 'mode': {'valid': 'full', 'test': 'full'}}]
24 May 15:33    INFO  GRU4Rec(
  (item_embedding): Embedding(89371, 300, padding_idx=0)
  (emb_dropout): Dropout(p=0.2, inplace=False)
  (gru_layers): GRU(300, 300, bias=False, batch_first=True)
  (dense): Linear(in_features=300, out_features=300, bias=True)
  (loss_fct): CrossEntropyLoss()
)
Trainable parameters: 27441600
24 May 15:34    INFO  epoch 0 training [time: 27.10s, train loss: 6130.1987]
24 May 15:34    INFO  epoch 0 evaluating [time: 1.34s, valid_score: 0.008300]
24 May 15:34    INFO  valid result: 
recall@10 : 0.0168    recall@50 : 0.0511    ndcg@10 : 0.0083    ndcg@50 : 0.0156
24 May 15:34    INFO  Saving current: checkpoints/GRU4Rec-May-24-2026_15-33-54.pth
24 May 15:34    INFO  epoch 1 training [time: 26.84s, train loss: 5544.8190]
24 May 15:34    INFO  epoch 1 evaluating [time: 1.33s, valid_score: 0.021000]
24 May 15:34    INFO  valid result: 
recall@10 : 0.041    recall@50 : 0.1099    ndcg@10 : 0.021    ndcg@50 : 0.0358
24 May 15:34    INFO  Saving current: checkpoints/GRU4Rec-May-24-2026_15-33-54.pth
24 May 15:35    INFO  epoch 2 training [time: 27.05s, train loss: 5157.7639]
24 May 15:35    INFO  epoch 2 evaluating [time: 1.35s, valid_score: 0.028400]
24 May 15:35    INFO  valid result: 
recall@10 : 0.0557    recall@50 : 0.1421    ndcg@10 : 0.0284    ndcg@50 : 0.0471
24 May 15:35    INFO  Saving current: checkpoints/GRU4Rec-May-24-2026_15-33-54.pth
24 May 15:35    INFO  epoch 3 training [time: 26.54s, train loss: 4890.3191]
24 May 15:35    INFO  epoch 3 evaluating [time: 1.32s, valid_score: 0.033300]
24 May 15:35    INFO  valid result: 
recall@10 : 0.0654    recall@50 : 0.1563    ndcg@10 : 0.0333    ndcg@50 : 0.0531
24 May 15:35    INFO  Saving current: checkpoints/GRU4Rec-May-24-2026_15-33-54.pth
24 May 15:36    INFO  epoch 4 training [time: 27.12s, train loss: 4645.3296]
24 May 15:36    INFO  epoch 4 evaluating [time: 1.32s, valid_score: 0.035500]
24 May 15:36    INFO  valid result: 
recall@10 : 0.0695    recall@50 : 0.1617    ndcg@10 : 0.0355    ndcg@50 : 0.0556
24 May 15:36    INFO  Saving current: checkpoints/GRU4Rec-May-24-2026_15-33-54.pth
24 May 15:36    INFO  epoch 5 training [time: 26.91s, train loss: 4391.1566]
24 May 15:36    INFO  epoch 5 evaluating [time: 1.34s, valid_score: 0.036400]
24 May 15:36    INFO  valid result: 
recall@10 : 0.0705    recall@50 : 0.1591    ndcg@10 : 0.0364    ndcg@50 : 0.0557
24 May 15:36    INFO  Saving current: checkpoints/GRU4Rec-May-24-2026_15-33-54.pth
24 May 15:37    INFO  epoch 6 training [time: 27.11s, train loss: 4119.9508]
24 May 15:37    INFO  epoch 6 evaluating [time: 1.33s, valid_score: 0.035800]
24 May 15:37    INFO  valid result: 
recall@10 : 0.0688    recall@50 : 0.1528    ndcg@10 : 0.0358    ndcg@50 : 0.054
24 May 15:37    INFO  epoch 7 training [time: 26.85s, train loss: 3833.7980]
24 May 15:37    INFO  epoch 7 evaluating [time: 1.33s, valid_score: 0.035400]
24 May 15:37    INFO  valid result: 
recall@10 : 0.0667    recall@50 : 0.1475    ndcg@10 : 0.0354    ndcg@50 : 0.053
24 May 15:38    INFO  epoch 8 training [time: 26.71s, train loss: 3538.7428]
24 May 15:38    INFO  epoch 8 evaluating [time: 1.32s, valid_score: 0.033400]
24 May 15:38    INFO  valid result: 
recall@10 : 0.0623    recall@50 : 0.138    ndcg@10 : 0.0334    ndcg@50 : 0.0499
24 May 15:38    INFO  epoch 9 training [time: 26.72s, train loss: 3247.5089]
24 May 15:38    INFO  epoch 9 evaluating [time: 1.33s, valid_score: 0.032000]
24 May 15:38    INFO  valid result: 
recall@10 : 0.059    recall@50 : 0.1316    ndcg@10 : 0.032    ndcg@50 : 0.0478
24 May 15:39    INFO  epoch 10 training [time: 26.95s, train loss: 2968.7403]
24 May 15:39    INFO  epoch 10 evaluating [time: 1.35s, valid_score: 0.031000]
24 May 15:39    INFO  valid result: 
recall@10 : 0.0569    recall@50 : 0.1266    ndcg@10 : 0.031    ndcg@50 : 0.0461
24 May 15:39    INFO  epoch 11 training [time: 27.25s, train loss: 2713.2055]
24 May 15:39    INFO  epoch 11 evaluating [time: 1.32s, valid_score: 0.029800]
24 May 15:39    INFO  valid result: 
recall@10 : 0.0542    recall@50 : 0.1197    ndcg@10 : 0.0298    ndcg@50 : 0.044
24 May 15:40    INFO  epoch 12 training [time: 27.09s, train loss: 2483.8182]
24 May 15:40    INFO  epoch 12 evaluating [time: 1.33s, valid_score: 0.028700]
24 May 15:40    INFO  valid result: 
recall@10 : 0.0523    recall@50 : 0.1161    ndcg@10 : 0.0287    ndcg@50 : 0.0425
24 May 15:40    INFO  epoch 13 training [time: 26.69s, train loss: 2282.2432]
24 May 15:40    INFO  epoch 13 evaluating [time: 1.33s, valid_score: 0.028100]
24 May 15:40    INFO  valid result: 
recall@10 : 0.0512    recall@50 : 0.1128    ndcg@10 : 0.0281    ndcg@50 : 0.0414
24 May 15:41    INFO  epoch 14 training [time: 26.85s, train loss: 2106.9322]
24 May 15:41    INFO  epoch 14 evaluating [time: 1.33s, valid_score: 0.027100]
24 May 15:41    INFO  valid result: 
recall@10 : 0.0493    recall@50 : 0.1091    ndcg@10 : 0.0271    ndcg@50 : 0.0401
24 May 15:41    INFO  epoch 15 training [time: 26.95s, train loss: 1953.8326]
24 May 15:41    INFO  epoch 15 evaluating [time: 1.35s, valid_score: 0.027000]
24 May 15:41    INFO  valid result: 
recall@10 : 0.0487    recall@50 : 0.1077    ndcg@10 : 0.027    ndcg@50 : 0.0398
24 May 15:41    INFO  epoch 16 training [time: 26.66s, train loss: 1819.9992]
24 May 15:41    INFO  epoch 16 evaluating [time: 1.31s, valid_score: 0.026300]
24 May 15:41    INFO  valid result: 
recall@10 : 0.0474    recall@50 : 0.1052    ndcg@10 : 0.0263    ndcg@50 : 0.0388
24 May 15:42    INFO  epoch 17 training [time: 26.62s, train loss: 1703.1126]
24 May 15:42    INFO  epoch 17 evaluating [time: 1.32s, valid_score: 0.026100]
24 May 15:42    INFO  valid result: 
recall@10 : 0.0471    recall@50 : 0.1041    ndcg@10 : 0.0261    ndcg@50 : 0.0384
24 May 15:42    INFO  epoch 18 training [time: 26.81s, train loss: 1599.9780]
24 May 15:42    INFO  epoch 18 evaluating [time: 1.34s, valid_score: 0.025600]
24 May 15:42    INFO  valid result: 
recall@10 : 0.0461    recall@50 : 0.1014    ndcg@10 : 0.0256    ndcg@50 : 0.0375
24 May 15:43    INFO  epoch 19 training [time: 26.69s, train loss: 1510.6752]
24 May 15:43    INFO  epoch 19 evaluating [time: 1.32s, valid_score: 0.025500]
24 May 15:43    INFO  valid result: 
recall@10 : 0.0456    recall@50 : 0.1003    ndcg@10 : 0.0255    ndcg@50 : 0.0373
24 May 15:43    INFO  epoch 20 training [time: 26.93s, train loss: 1431.6083]
24 May 15:43    INFO  epoch 20 evaluating [time: 1.31s, valid_score: 0.024900]
24 May 15:43    INFO  valid result: 
recall@10 : 0.0448    recall@50 : 0.0989    ndcg@10 : 0.0249    ndcg@50 : 0.0367
24 May 15:44    INFO  epoch 21 training [time: 26.51s, train loss: 1360.8236]
24 May 15:44    INFO  epoch 21 evaluating [time: 1.33s, valid_score: 0.024600]
24 May 15:44    INFO  valid result: 
recall@10 : 0.0439    recall@50 : 0.0979    ndcg@10 : 0.0246    ndcg@50 : 0.0363
24 May 15:44    INFO  Finished training, best eval result in epoch 5
24 May 15:44    INFO  Loading model structure and parameters from checkpoints/GRU4Rec-May-24-2026_15-33-54.pth
24 May 15:44    INFO  best valid : OrderedDict([('recall@10', 0.0705), ('recall@50', 0.1591), ('ndcg@10', 0.0364), ('ndcg@50', 0.0557)])
24 May 15:44    INFO  test result: OrderedDict([('recall@10', 0.0602), ('recall@50', 0.1397), ('ndcg@10', 0.0316), ('ndcg@50', 0.0489)])
