command line args [-m SASRec -d CDs_and_Vinyl --epochs 180 --stopping_step 15 --tag cds-sasrec-main --result_file results/experiment_results.jsonl --checkpoint_dir checkpoints --show_progress false] will not be used in RecBole
24 May 16:30    INFO  
General Hyper Parameters:
gpu_id = 0
use_gpu = True
seed = 2020
state = INFO
reproducibility = True
data_path = dataset/processed/CDs_and_Vinyl
checkpoint_dir = checkpoints
show_progress = False
save_dataset = False
dataset_save_path = None
save_dataloaders = False
dataloaders_save_path = None
log_wandb = False

Training Hyper Parameters:
epochs = 180
train_batch_size = 2048
learner = adamw
learning_rate = 0.001
train_neg_sample_args = {'distribution': 'none', 'sample_num': 'none', 'alpha': 'none', 'dynamic': False, 'candidate_num': 0}
eval_step = 1
stopping_step = 15
clip_grad_norm = None
weight_decay = 0.0
loss_decimal_place = 4

Evaluation Hyper Parameters:
eval_args = {'split': {'LS': 'valid_and_test'}, 'order': 'TO', 'group_by': 'user', 'mode': {'valid': 'full', 'test': 'full'}}
repeatable = True
metrics = ['Recall', 'NDCG']
topk = [10, 50]
valid_metric = NDCG@10
valid_metric_bigger = True
eval_batch_size = 2048
metric_decimal_place = 4

Dataset Hyper Parameters:
field_separator = 	
seq_separator =  
USER_ID_FIELD = user_id
ITEM_ID_FIELD = item_id
RATING_FIELD = rating
TIME_FIELD = timestamp
seq_len = None
LABEL_FIELD = label
threshold = None
NEG_PREFIX = neg_
load_col = {'inter': ['user_id', 'item_id_list', 'item_id']}
unload_col = None
unused_col = None
additional_feat_suffix = None
rm_dup_inter = None
val_interval = None
filter_inter_by_user_or_item = True
user_inter_num_interval = [0,inf)
item_inter_num_interval = [0,inf)
alias_of_user_id = None
alias_of_item_id = ['item_id_list']
alias_of_entity_id = None
alias_of_relation_id = None
preload_weight = None
normalize_field = None
normalize_all = None
ITEM_LIST_LENGTH_FIELD = item_length
LIST_SUFFIX = _list
MAX_ITEM_LIST_LENGTH = 50
POSITION_FIELD = position_id
HEAD_ENTITY_ID_FIELD = head_id
TAIL_ENTITY_ID_FIELD = tail_id
RELATION_ID_FIELD = relation_id
ENTITY_ID_FIELD = entity_id
benchmark_filename = ['train', 'valid', 'test']

Other Hyper Parameters: 
worker = 0
wandb_project = recbole
shuffle = True
require_pow = False
enable_amp = False
enable_scaler = False
transform = None
n_layers = 3
n_heads = 4
hidden_size = 300
inner_size = 512
hidden_dropout_prob = 0.3
attn_dropout_prob = 0.3
hidden_act = gelu
layer_norm_eps = 1e-12
initializer_range = 0.02
loss_type = CE
numerical_features = []
discretization = None
kg_reverse_r = False
entity_kg_num_interval = [0,inf)
relation_kg_num_interval = [0,inf)
MODEL_TYPE = ModelType.SEQUENTIAL
MODEL_INPUT_TYPE = InputType.POINTWISE
eval_type = EvaluatorType.RANKING
single_spec = True
local_rank = 0
device = cuda
valid_neg_sample_args = {'distribution': 'uniform', 'sample_num': 'none'}
test_neg_sample_args = {'distribution': 'uniform', 'sample_num': 'none'}


/root/miniconda3/lib/python3.10/site-packages/recbole/data/dataset/dataset.py:501: FutureWarning: A value is trying to be set on a copy of a DataFrame or Series through chained assignment using an inplace method.
The behavior will change in pandas 3.0. This inplace method will never work because the intermediate object on which we are setting values always behaves as a copy.

For example, when doing 'df[col].method(value, inplace=True)', try using 'df.method({col: value}, inplace=True)' or df[col] = df[col].method(value) instead, to perform the operation inplace on the original object.


  df[field].fillna(value="", inplace=True)
/root/miniconda3/lib/python3.10/site-packages/recbole/data/dataset/dataset.py:501: FutureWarning: A value is trying to be set on a copy of a DataFrame or Series through chained assignment using an inplace method.
The behavior will change in pandas 3.0. This inplace method will never work because the intermediate object on which we are setting values always behaves as a copy.

For example, when doing 'df[col].method(value, inplace=True)', try using 'df.method({col: value}, inplace=True)' or df[col] = df[col].method(value) instead, to perform the operation inplace on the original object.


  df[field].fillna(value="", inplace=True)
/root/miniconda3/lib/python3.10/site-packages/recbole/data/dataset/dataset.py:501: FutureWarning: A value is trying to be set on a copy of a DataFrame or Series through chained assignment using an inplace method.
The behavior will change in pandas 3.0. This inplace method will never work because the intermediate object on which we are setting values always behaves as a copy.

For example, when doing 'df[col].method(value, inplace=True)', try using 'df.method({col: value}, inplace=True)' or df[col] = df[col].method(value) instead, to perform the operation inplace on the original object.


  df[field].fillna(value="", inplace=True)
/root/miniconda3/lib/python3.10/site-packages/recbole/data/dataset/dataset.py:1217: FutureWarning: using <built-in function len> in Series.agg cannot aggregate and has been deprecated. Use Series.transform to keep behavior unchanged.
  split_point = np.cumsum(feat[field].agg(len))[:-1]
/root/miniconda3/lib/python3.10/site-packages/recbole/data/dataset/dataset.py:648: FutureWarning: A value is trying to be set on a copy of a DataFrame or Series through chained assignment using an inplace method.
The behavior will change in pandas 3.0. This inplace method will never work because the intermediate object on which we are setting values always behaves as a copy.

For example, when doing 'df[col].method(value, inplace=True)', try using 'df.method({col: value}, inplace=True)' or df[col] = df[col].method(value) instead, to perform the operation inplace on the original object.


  feat[field].fillna(value=0, inplace=True)
/root/miniconda3/lib/python3.10/site-packages/recbole/data/dataset/sequential_dataset.py:165: FutureWarning: using <built-in function len> in Series.agg cannot aggregate and has been deprecated. Use Series.transform to keep behavior unchanged.
  ].agg(len)
24 May 16:30    INFO  CDs_and_Vinyl
The number of users: 123877
Average actions of users: 11.534825147728373
The number of items: 89371
Average actions of items: 15.988452500839207
The number of inters: 1428888
The sparsity of the dataset: 99.98709342848062%
Remain Fields: ['user_id', 'item_id_list', 'item_id', 'item_length']
24 May 16:30    INFO  [Training]: train_batch_size = [2048] train_neg_sample_args: [{'distribution': 'none', 'sample_num': 'none', 'alpha': 'none', 'dynamic': False, 'candidate_num': 0}]
24 May 16:30    INFO  [Evaluation]: eval_batch_size = [2048] eval_args: [{'split': {'LS': 'valid_and_test'}, 'order': 'TO', 'group_by': 'user', 'mode': {'valid': 'full', 'test': 'full'}}]
24 May 16:30    INFO  SASRec(
  (item_embedding): Embedding(89371, 300, padding_idx=0)
  (position_embedding): Embedding(50, 300)
  (trm_encoder): TransformerEncoder(
    (layer): ModuleList(
      (0-2): 3 x TransformerLayer(
        (multi_head_attention): MultiHeadAttention(
          (query): Linear(in_features=300, out_features=300, bias=True)
          (key): Linear(in_features=300, out_features=300, bias=True)
          (value): Linear(in_features=300, out_features=300, bias=True)
          (softmax): Softmax(dim=-1)
          (attn_dropout): Dropout(p=0.3, inplace=False)
          (dense): Linear(in_features=300, out_features=300, bias=True)
          (LayerNorm): LayerNorm((300,), eps=1e-12, elementwise_affine=True)
          (out_dropout): Dropout(p=0.3, inplace=False)
        )
        (feed_forward): FeedForward(
          (dense_1): Linear(in_features=300, out_features=512, bias=True)
          (dense_2): Linear(in_features=512, out_features=300, bias=True)
          (LayerNorm): LayerNorm((300,), eps=1e-12, elementwise_affine=True)
          (dropout): Dropout(p=0.3, inplace=False)
        )
      )
    )
  )
  (LayerNorm): LayerNorm((300,), eps=1e-12, elementwise_affine=True)
  (dropout): Dropout(p=0.3, inplace=False)
  (loss_fct): CrossEntropyLoss()
)
Trainable parameters: 28838136
24 May 16:32    INFO  epoch 0 training [time: 111.72s, train loss: 6017.5027]
24 May 16:32    INFO  epoch 0 evaluating [time: 3.22s, valid_score: 0.015600]
24 May 16:32    INFO  valid result: 
recall@10 : 0.0312    recall@50 : 0.0874    ndcg@10 : 0.0156    ndcg@50 : 0.0277
24 May 16:32    INFO  Saving current: checkpoints/SASRec-May-24-2026_16-30-39.pth
24 May 16:34    INFO  epoch 1 training [time: 112.28s, train loss: 5221.3560]
24 May 16:34    INFO  epoch 1 evaluating [time: 3.20s, valid_score: 0.032500]
24 May 16:34    INFO  valid result: 
recall@10 : 0.0702    recall@50 : 0.1563    ndcg@10 : 0.0325    ndcg@50 : 0.0512
24 May 16:34    INFO  Saving current: checkpoints/SASRec-May-24-2026_16-30-39.pth
24 May 16:36    INFO  epoch 2 training [time: 111.64s, train loss: 4730.2125]
24 May 16:36    INFO  epoch 2 evaluating [time: 3.20s, valid_score: 0.037300]
24 May 16:36    INFO  valid result: 
recall@10 : 0.082    recall@50 : 0.1778    ndcg@10 : 0.0373    ndcg@50 : 0.0582
24 May 16:36    INFO  Saving current: checkpoints/SASRec-May-24-2026_16-30-39.pth
24 May 16:38    INFO  epoch 3 training [time: 111.59s, train loss: 4430.4696]
24 May 16:38    INFO  epoch 3 evaluating [time: 3.38s, valid_score: 0.038100]
24 May 16:38    INFO  valid result: 
recall@10 : 0.0837    recall@50 : 0.1806    ndcg@10 : 0.0381    ndcg@50 : 0.0592
24 May 16:38    INFO  Saving current: checkpoints/SASRec-May-24-2026_16-30-39.pth
24 May 16:40    INFO  epoch 4 training [time: 111.85s, train loss: 4207.4854]
24 May 16:40    INFO  epoch 4 evaluating [time: 3.22s, valid_score: 0.038000]
24 May 16:40    INFO  valid result: 
recall@10 : 0.0833    recall@50 : 0.1799    ndcg@10 : 0.038    ndcg@50 : 0.0592
24 May 16:42    INFO  epoch 5 training [time: 110.81s, train loss: 4017.8180]
24 May 16:42    INFO  epoch 5 evaluating [time: 3.22s, valid_score: 0.037600]
24 May 16:42    INFO  valid result: 
recall@10 : 0.0821    recall@50 : 0.1771    ndcg@10 : 0.0376    ndcg@50 : 0.0584
24 May 16:44    INFO  epoch 6 training [time: 112.08s, train loss: 3846.2422]
24 May 16:44    INFO  epoch 6 evaluating [time: 3.22s, valid_score: 0.037000]
24 May 16:44    INFO  valid result: 
recall@10 : 0.0801    recall@50 : 0.1735    ndcg@10 : 0.037    ndcg@50 : 0.0575
24 May 16:45    INFO  epoch 7 training [time: 111.61s, train loss: 3689.1404]
24 May 16:46    INFO  epoch 7 evaluating [time: 3.21s, valid_score: 0.037000]
24 May 16:46    INFO  valid result: 
recall@10 : 0.0795    recall@50 : 0.1706    ndcg@10 : 0.037    ndcg@50 : 0.0569
24 May 16:47    INFO  epoch 8 training [time: 111.99s, train loss: 3542.7164]
24 May 16:47    INFO  epoch 8 evaluating [time: 3.20s, valid_score: 0.036100]
24 May 16:47    INFO  valid result: 
recall@10 : 0.0771    recall@50 : 0.1644    ndcg@10 : 0.0361    ndcg@50 : 0.0552
24 May 16:49    INFO  epoch 9 training [time: 111.39s, train loss: 3409.1601]
24 May 16:49    INFO  epoch 9 evaluating [time: 3.21s, valid_score: 0.035400]
24 May 16:49    INFO  valid result: 
recall@10 : 0.0745    recall@50 : 0.1604    ndcg@10 : 0.0354    ndcg@50 : 0.0542
24 May 16:51    INFO  epoch 10 training [time: 111.24s, train loss: 3288.5912]
24 May 16:51    INFO  epoch 10 evaluating [time: 3.23s, valid_score: 0.035700]
24 May 16:51    INFO  valid result: 
recall@10 : 0.0748    recall@50 : 0.16    ndcg@10 : 0.0357    ndcg@50 : 0.0544
24 May 16:53    INFO  epoch 11 training [time: 111.58s, train loss: 3176.8566]
24 May 16:53    INFO  epoch 11 evaluating [time: 3.22s, valid_score: 0.035200]
24 May 16:53    INFO  valid result: 
recall@10 : 0.0731    recall@50 : 0.1544    ndcg@10 : 0.0352    ndcg@50 : 0.053
24 May 16:55    INFO  epoch 12 training [time: 111.43s, train loss: 3075.7166]
24 May 16:55    INFO  epoch 12 evaluating [time: 3.21s, valid_score: 0.034800]
24 May 16:55    INFO  valid result: 
recall@10 : 0.072    recall@50 : 0.1537    ndcg@10 : 0.0348    ndcg@50 : 0.0527
24 May 16:57    INFO  epoch 13 training [time: 111.65s, train loss: 2984.6818]
24 May 16:57    INFO  epoch 13 evaluating [time: 3.20s, valid_score: 0.034500]
24 May 16:57    INFO  valid result: 
recall@10 : 0.0706    recall@50 : 0.1503    ndcg@10 : 0.0345    ndcg@50 : 0.0519
24 May 16:59    INFO  epoch 14 training [time: 111.71s, train loss: 2901.8803]
24 May 16:59    INFO  epoch 14 evaluating [time: 3.21s, valid_score: 0.033500]
24 May 16:59    INFO  valid result: 
recall@10 : 0.0689    recall@50 : 0.1469    ndcg@10 : 0.0335    ndcg@50 : 0.0505
24 May 17:01    INFO  epoch 15 training [time: 111.32s, train loss: 2826.8984]
24 May 17:01    INFO  epoch 15 evaluating [time: 3.22s, valid_score: 0.033600]
24 May 17:01    INFO  valid result: 
recall@10 : 0.0682    recall@50 : 0.1441    ndcg@10 : 0.0336    ndcg@50 : 0.0502
24 May 17:03    INFO  epoch 16 training [time: 111.49s, train loss: 2758.7127]
24 May 17:03    INFO  epoch 16 evaluating [time: 3.21s, valid_score: 0.033300]
24 May 17:03    INFO  valid result: 
recall@10 : 0.0676    recall@50 : 0.1436    ndcg@10 : 0.0333    ndcg@50 : 0.05
24 May 17:05    INFO  epoch 17 training [time: 111.19s, train loss: 2694.2875]
24 May 17:05    INFO  epoch 17 evaluating [time: 3.21s, valid_score: 0.033500]
24 May 17:05    INFO  valid result: 
recall@10 : 0.0674    recall@50 : 0.1425    ndcg@10 : 0.0335    ndcg@50 : 0.0499
24 May 17:06    INFO  epoch 18 training [time: 109.77s, train loss: 2637.8296]
24 May 17:07    INFO  epoch 18 evaluating [time: 3.22s, valid_score: 0.033000]
24 May 17:07    INFO  valid result: 
recall@10 : 0.0662    recall@50 : 0.1411    ndcg@10 : 0.033    ndcg@50 : 0.0494
24 May 17:08    INFO  epoch 19 training [time: 111.62s, train loss: 2584.8301]
24 May 17:08    INFO  epoch 19 evaluating [time: 3.21s, valid_score: 0.033600]
24 May 17:08    INFO  valid result: 
recall@10 : 0.0669    recall@50 : 0.1414    ndcg@10 : 0.0336    ndcg@50 : 0.0498
24 May 17:08    INFO  Finished training, best eval result in epoch 3
24 May 17:08    INFO  Loading model structure and parameters from checkpoints/SASRec-May-24-2026_16-30-39.pth
24 May 17:09    INFO  best valid : OrderedDict([('recall@10', 0.0837), ('recall@50', 0.1806), ('ndcg@10', 0.0381), ('ndcg@50', 0.0592)])
24 May 17:09    INFO  test result: OrderedDict([('recall@10', 0.0742), ('recall@50', 0.1616), ('ndcg@10', 0.0341), ('ndcg@50', 0.0532)])
