设置成功
注意：仅限于学术用途和加速访问github/huggingface，不承诺稳定性保证
download https://mcauleylab.ucsd.edu/public_datasets/data/amazon_2023/benchmark/5core/last_out_w_his/CDs_and_Vinyl.train.csv.gz
      -> dataset/data/CDs_and_Vinyl/train.csv.gz
download https://mcauleylab.ucsd.edu/public_datasets/data/amazon_2023/benchmark/5core/last_out_w_his/CDs_and_Vinyl.valid.csv.gz
      -> dataset/data/CDs_and_Vinyl/valid.csv.gz
Traceback (most recent call last):
  File "/root/recsys_project/recommend-system-main/scripts/download_course_data.py", line 90, in <module>
    main()
  File "/root/recsys_project/recommend-system-main/scripts/download_course_data.py", line 86, in main
    download(url, os.path.join(domain_dir, filename))
  File "/root/recsys_project/recommend-system-main/scripts/download_course_data.py", line 56, in download
    raise RuntimeError(
RuntimeError: incomplete download for https://mcauleylab.ucsd.edu/public_datasets/data/amazon_2023/benchmark/5core/last_out_w_his/CDs_and_Vinyl.valid.csv.gz: expected 10310508, got 5078764
设置成功
注意：仅限于学术用途和加速访问github/huggingface，不承诺稳定性保证
attempt=1
skip existing dataset/data/CDs_and_Vinyl/train.csv.gz
download https://mcauleylab.ucsd.edu/public_datasets/data/amazon_2023/benchmark/5core/last_out_w_his/CDs_and_Vinyl.valid.csv.gz
      -> dataset/data/CDs_and_Vinyl/valid.csv.gz
Traceback (most recent call last):
  File "/root/recsys_project/recommend-system-main/scripts/download_course_data.py", line 90, in <module>
    main()
  File "/root/recsys_project/recommend-system-main/scripts/download_course_data.py", line 86, in main
    download(url, os.path.join(domain_dir, filename))
  File "/root/recsys_project/recommend-system-main/scripts/download_course_data.py", line 56, in download
    raise RuntimeError(
RuntimeError: incomplete download for https://mcauleylab.ucsd.edu/public_datasets/data/amazon_2023/benchmark/5core/last_out_w_his/CDs_and_Vinyl.valid.csv.gz: expected 10310508, got 3820
attempt=2
skip existing dataset/data/CDs_and_Vinyl/train.csv.gz
download https://mcauleylab.ucsd.edu/public_datasets/data/amazon_2023/benchmark/5core/last_out_w_his/CDs_and_Vinyl.valid.csv.gz
      -> dataset/data/CDs_and_Vinyl/valid.csv.gz
download https://mcauleylab.ucsd.edu/public_datasets/data/amazon_2023/benchmark/5core/last_out_w_his/CDs_and_Vinyl.test.csv.gz
      -> dataset/data/CDs_and_Vinyl/test.csv.gz
download https://mcauleylab.ucsd.edu/public_datasets/data/amazon_2023/raw/meta_categories/meta_CDs_and_Vinyl.jsonl.gz
      -> dataset/data/CDs_and_Vinyl/item_metadata.jsonl.gz
Traceback (most recent call last):
  File "/root/recsys_project/recommend-system-main/scripts/download_course_data.py", line 90, in <module>
    main()
  File "/root/recsys_project/recommend-system-main/scripts/download_course_data.py", line 86, in main
    download(url, os.path.join(domain_dir, filename))
  File "/root/recsys_project/recommend-system-main/scripts/download_course_data.py", line 56, in download
    raise RuntimeError(
RuntimeError: incomplete download for https://mcauleylab.ucsd.edu/public_datasets/data/amazon_2023/raw/meta_categories/meta_CDs_and_Vinyl.jsonl.gz: expected 236350962, got 19513852
attempt=3
skip existing dataset/data/CDs_and_Vinyl/train.csv.gz
skip existing dataset/data/CDs_and_Vinyl/valid.csv.gz
skip existing dataset/data/CDs_and_Vinyl/test.csv.gz
download https://mcauleylab.ucsd.edu/public_datasets/data/amazon_2023/raw/meta_categories/meta_CDs_and_Vinyl.jsonl.gz
      -> dataset/data/CDs_and_Vinyl/item_metadata.jsonl.gz
