{
  "tag": "industrial-rrf-u8-g1",
  "model": "RRF",
  "dataset": "Industrial_and_Scientific",
  "ranklists": [
    "ranklists/industrial-inductive-baseline-test.jsonl",
    "ranklists/industrial-sasrec-main-test.jsonl",
    "ranklists/industrial-gru4rec-main-test.jsonl",
    "ranklists/industrial-narm-main-test.jsonl"
  ],
  "weights": [
    8.0,
    0.0,
    1.0,
    0.0
  ],
  "rrf_k": 60.0,
  "topk": 200,
  "metrics": {
    "recall@10": 0.05399627341374914,
    "ndcg@10": 0.027904833691314232,
    "recall@50": 0.12666470530548202,
    "ndcg@50": 0.043731440281651233
  }
}
