command line args [-m NARM -d Industrial_and_Scientific --epochs 180 --stopping_step 15 --tag industrial-narm-main --result_file results/experiment_results.jsonl --checkpoint_dir checkpoints --show_progress false] will not be used in RecBole
24 May 14:51    INFO  
General Hyper Parameters:
gpu_id = 0
use_gpu = True
seed = 2020
state = INFO
reproducibility = True
data_path = dataset/processed/Industrial_and_Scientific
checkpoint_dir = checkpoints
show_progress = False
save_dataset = False
dataset_save_path = None
save_dataloaders = False
dataloaders_save_path = None
log_wandb = False

Training Hyper Parameters:
epochs = 180
train_batch_size = 2048
learner = adamw
learning_rate = 0.001
train_neg_sample_args = {'distribution': 'none', 'sample_num': 'none', 'alpha': 'none', 'dynamic': False, 'candidate_num': 0}
eval_step = 1
stopping_step = 15
clip_grad_norm = None
weight_decay = 0.0
loss_decimal_place = 4

Evaluation Hyper Parameters:
eval_args = {'split': {'LS': 'valid_and_test'}, 'order': 'TO', 'group_by': 'user', 'mode': {'valid': 'full', 'test': 'full'}}
repeatable = True
metrics = ['Recall', 'NDCG']
topk = [10, 50]
valid_metric = NDCG@10
valid_metric_bigger = True
eval_batch_size = 2048
metric_decimal_place = 4

Dataset Hyper Parameters:
field_separator = 	
seq_separator =  
USER_ID_FIELD = user_id
ITEM_ID_FIELD = item_id
RATING_FIELD = rating
TIME_FIELD = timestamp
seq_len = None
LABEL_FIELD = label
threshold = None
NEG_PREFIX = neg_
load_col = {'inter': ['user_id', 'item_id_list', 'item_id']}
unload_col = None
unused_col = None
additional_feat_suffix = None
rm_dup_inter = None
val_interval = None
filter_inter_by_user_or_item = True
user_inter_num_interval = [0,inf)
item_inter_num_interval = [0,inf)
alias_of_user_id = None
alias_of_item_id = ['item_id_list']
alias_of_entity_id = None
alias_of_relation_id = None
preload_weight = None
normalize_field = None
normalize_all = None
ITEM_LIST_LENGTH_FIELD = item_length
LIST_SUFFIX = _list
MAX_ITEM_LIST_LENGTH = 50
POSITION_FIELD = position_id
HEAD_ENTITY_ID_FIELD = head_id
TAIL_ENTITY_ID_FIELD = tail_id
RELATION_ID_FIELD = relation_id
ENTITY_ID_FIELD = entity_id
benchmark_filename = ['train', 'valid', 'test']

Other Hyper Parameters: 
worker = 0
wandb_project = recbole
shuffle = True
require_pow = False
enable_amp = False
enable_scaler = False
transform = None
embedding_size = 300
hidden_size = 300
n_layers = 1
dropout_probs = [0.25, 0.5]
loss_type = CE
numerical_features = []
discretization = None
kg_reverse_r = False
entity_kg_num_interval = [0,inf)
relation_kg_num_interval = [0,inf)
MODEL_TYPE = ModelType.SEQUENTIAL
MODEL_INPUT_TYPE = InputType.POINTWISE
eval_type = EvaluatorType.RANKING
single_spec = True
local_rank = 0
device = cuda
valid_neg_sample_args = {'distribution': 'uniform', 'sample_num': 'none'}
test_neg_sample_args = {'distribution': 'uniform', 'sample_num': 'none'}


/root/miniconda3/lib/python3.10/site-packages/recbole/data/dataset/dataset.py:501: FutureWarning: A value is trying to be set on a copy of a DataFrame or Series through chained assignment using an inplace method.
The behavior will change in pandas 3.0. This inplace method will never work because the intermediate object on which we are setting values always behaves as a copy.

For example, when doing 'df[col].method(value, inplace=True)', try using 'df.method({col: value}, inplace=True)' or df[col] = df[col].method(value) instead, to perform the operation inplace on the original object.


  df[field].fillna(value="", inplace=True)
/root/miniconda3/lib/python3.10/site-packages/recbole/data/dataset/dataset.py:501: FutureWarning: A value is trying to be set on a copy of a DataFrame or Series through chained assignment using an inplace method.
The behavior will change in pandas 3.0. This inplace method will never work because the intermediate object on which we are setting values always behaves as a copy.

For example, when doing 'df[col].method(value, inplace=True)', try using 'df.method({col: value}, inplace=True)' or df[col] = df[col].method(value) instead, to perform the operation inplace on the original object.


  df[field].fillna(value="", inplace=True)
/root/miniconda3/lib/python3.10/site-packages/recbole/data/dataset/dataset.py:501: FutureWarning: A value is trying to be set on a copy of a DataFrame or Series through chained assignment using an inplace method.
The behavior will change in pandas 3.0. This inplace method will never work because the intermediate object on which we are setting values always behaves as a copy.

For example, when doing 'df[col].method(value, inplace=True)', try using 'df.method({col: value}, inplace=True)' or df[col] = df[col].method(value) instead, to perform the operation inplace on the original object.


  df[field].fillna(value="", inplace=True)
/root/miniconda3/lib/python3.10/site-packages/recbole/data/dataset/dataset.py:1217: FutureWarning: using <built-in function len> in Series.agg cannot aggregate and has been deprecated. Use Series.transform to keep behavior unchanged.
  split_point = np.cumsum(feat[field].agg(len))[:-1]
/root/miniconda3/lib/python3.10/site-packages/recbole/data/dataset/dataset.py:648: FutureWarning: A value is trying to be set on a copy of a DataFrame or Series through chained assignment using an inplace method.
The behavior will change in pandas 3.0. This inplace method will never work because the intermediate object on which we are setting values always behaves as a copy.

For example, when doing 'df[col].method(value, inplace=True)', try using 'df.method({col: value}, inplace=True)' or df[col] = df[col].method(value) instead, to perform the operation inplace on the original object.


  feat[field].fillna(value=0, inplace=True)
/root/miniconda3/lib/python3.10/site-packages/recbole/data/dataset/sequential_dataset.py:165: FutureWarning: using <built-in function len> in Series.agg cannot aggregate and has been deprecated. Use Series.transform to keep behavior unchanged.
  ].agg(len)
24 May 14:51    INFO  Industrial_and_Scientific
The number of users: 50986
Average actions of users: 7.099382171226831
The number of items: 25849
Average actions of items: 14.00510737086477
The number of inters: 361962
The sparsity of the dataset: 99.9725357153877%
Remain Fields: ['user_id', 'item_id_list', 'item_id', 'item_length']
24 May 14:51    INFO  [Training]: train_batch_size = [2048] train_neg_sample_args: [{'distribution': 'none', 'sample_num': 'none', 'alpha': 'none', 'dynamic': False, 'candidate_num': 0}]
24 May 14:51    INFO  [Evaluation]: eval_batch_size = [2048] eval_args: [{'split': {'LS': 'valid_and_test'}, 'order': 'TO', 'group_by': 'user', 'mode': {'valid': 'full', 'test': 'full'}}]
24 May 14:51    INFO  NARM(
  (item_embedding): Embedding(25849, 300, padding_idx=0)
  (emb_dropout): Dropout(p=0.25, inplace=False)
  (gru): GRU(300, 300, bias=False, batch_first=True)
  (a_1): Linear(in_features=300, out_features=300, bias=False)
  (a_2): Linear(in_features=300, out_features=300, bias=False)
  (v_t): Linear(in_features=300, out_features=1, bias=False)
  (ct_dropout): Dropout(p=0.5, inplace=False)
  (b): Linear(in_features=600, out_features=300, bias=False)
  (loss_fct): CrossEntropyLoss()
)
Trainable parameters: 8655000
24 May 14:52    INFO  epoch 0 training [time: 9.90s, train loss: 1236.4566]
24 May 14:52    INFO  epoch 0 evaluating [time: 1.79s, valid_score: 0.012200]
24 May 14:52    INFO  valid result: 
recall@10 : 0.0232    recall@50 : 0.0628    ndcg@10 : 0.0122    ndcg@50 : 0.0207
24 May 14:52    INFO  Saving current: checkpoints/NARM-May-24-2026_14-51-51.pth
24 May 14:52    INFO  epoch 1 training [time: 9.90s, train loss: 1148.1810]
24 May 14:52    INFO  epoch 1 evaluating [time: 2.10s, valid_score: 0.015700]
24 May 14:52    INFO  valid result: 
recall@10 : 0.0309    recall@50 : 0.0837    ndcg@10 : 0.0157    ndcg@50 : 0.027
24 May 14:52    INFO  Saving current: checkpoints/NARM-May-24-2026_14-51-51.pth
24 May 14:52    INFO  epoch 2 training [time: 10.03s, train loss: 1100.9967]
24 May 14:52    INFO  epoch 2 evaluating [time: 2.01s, valid_score: 0.018100]
24 May 14:52    INFO  valid result: 
recall@10 : 0.0347    recall@50 : 0.0947    ndcg@10 : 0.0181    ndcg@50 : 0.031
24 May 14:52    INFO  Saving current: checkpoints/NARM-May-24-2026_14-51-51.pth
24 May 14:52    INFO  epoch 3 training [time: 9.82s, train loss: 1067.0551]
24 May 14:52    INFO  epoch 3 evaluating [time: 1.78s, valid_score: 0.020800]
24 May 14:52    INFO  valid result: 
recall@10 : 0.0401    recall@50 : 0.1052    ndcg@10 : 0.0208    ndcg@50 : 0.0348
24 May 14:52    INFO  Saving current: checkpoints/NARM-May-24-2026_14-51-51.pth
24 May 14:52    INFO  epoch 4 training [time: 9.74s, train loss: 1036.7327]
24 May 14:52    INFO  epoch 4 evaluating [time: 1.87s, valid_score: 0.021500]
24 May 14:52    INFO  valid result: 
recall@10 : 0.0411    recall@50 : 0.1065    ndcg@10 : 0.0215    ndcg@50 : 0.0356
24 May 14:52    INFO  Saving current: checkpoints/NARM-May-24-2026_14-51-51.pth
24 May 14:53    INFO  epoch 5 training [time: 9.93s, train loss: 1007.7417]
24 May 14:53    INFO  epoch 5 evaluating [time: 1.88s, valid_score: 0.021800]
24 May 14:53    INFO  valid result: 
recall@10 : 0.0419    recall@50 : 0.1073    ndcg@10 : 0.0218    ndcg@50 : 0.0359
24 May 14:53    INFO  Saving current: checkpoints/NARM-May-24-2026_14-51-51.pth
24 May 14:53    INFO  epoch 6 training [time: 10.01s, train loss: 978.2530]
24 May 14:53    INFO  epoch 6 evaluating [time: 1.73s, valid_score: 0.021100]
24 May 14:53    INFO  valid result: 
recall@10 : 0.0413    recall@50 : 0.1055    ndcg@10 : 0.0211    ndcg@50 : 0.0349
24 May 14:53    INFO  epoch 7 training [time: 9.76s, train loss: 946.3406]
24 May 14:53    INFO  epoch 7 evaluating [time: 1.85s, valid_score: 0.021000]
24 May 14:53    INFO  valid result: 
recall@10 : 0.0399    recall@50 : 0.1017    ndcg@10 : 0.021    ndcg@50 : 0.0343
24 May 14:53    INFO  epoch 8 training [time: 9.77s, train loss: 913.6285]
24 May 14:53    INFO  epoch 8 evaluating [time: 1.88s, valid_score: 0.019600]
24 May 14:53    INFO  valid result: 
recall@10 : 0.0377    recall@50 : 0.0971    ndcg@10 : 0.0196    ndcg@50 : 0.0325
24 May 14:53    INFO  epoch 9 training [time: 10.01s, train loss: 881.2069]
24 May 14:53    INFO  epoch 9 evaluating [time: 1.96s, valid_score: 0.018900]
24 May 14:53    INFO  valid result: 
recall@10 : 0.0364    recall@50 : 0.0926    ndcg@10 : 0.0189    ndcg@50 : 0.0311
24 May 14:54    INFO  epoch 10 training [time: 10.25s, train loss: 849.0441]
24 May 14:54    INFO  epoch 10 evaluating [time: 1.86s, valid_score: 0.018000]
24 May 14:54    INFO  valid result: 
recall@10 : 0.035    recall@50 : 0.0905    ndcg@10 : 0.018    ndcg@50 : 0.0299
24 May 14:54    INFO  epoch 11 training [time: 9.72s, train loss: 817.1145]
24 May 14:54    INFO  epoch 11 evaluating [time: 1.84s, valid_score: 0.016000]
24 May 14:54    INFO  valid result: 
recall@10 : 0.0315    recall@50 : 0.0847    ndcg@10 : 0.016    ndcg@50 : 0.0275
24 May 14:54    INFO  epoch 12 training [time: 9.75s, train loss: 786.1739]
24 May 14:54    INFO  epoch 12 evaluating [time: 1.76s, valid_score: 0.016200]
24 May 14:54    INFO  valid result: 
recall@10 : 0.0315    recall@50 : 0.0826    ndcg@10 : 0.0162    ndcg@50 : 0.0272
24 May 14:54    INFO  epoch 13 training [time: 9.56s, train loss: 757.2913]
24 May 14:54    INFO  epoch 13 evaluating [time: 1.80s, valid_score: 0.016000]
24 May 14:54    INFO  valid result: 
recall@10 : 0.0312    recall@50 : 0.0819    ndcg@10 : 0.016    ndcg@50 : 0.0269
24 May 14:54    INFO  epoch 14 training [time: 10.00s, train loss: 729.2359]
24 May 14:54    INFO  epoch 14 evaluating [time: 1.80s, valid_score: 0.015900]
24 May 14:54    INFO  valid result: 
recall@10 : 0.0304    recall@50 : 0.0808    ndcg@10 : 0.0159    ndcg@50 : 0.0267
24 May 14:54    INFO  epoch 15 training [time: 9.92s, train loss: 703.4132]
24 May 14:55    INFO  epoch 15 evaluating [time: 2.01s, valid_score: 0.015200]
24 May 14:55    INFO  valid result: 
recall@10 : 0.0299    recall@50 : 0.0777    ndcg@10 : 0.0152    ndcg@50 : 0.0255
24 May 14:55    INFO  epoch 16 training [time: 9.56s, train loss: 678.3235]
24 May 14:55    INFO  epoch 16 evaluating [time: 1.63s, valid_score: 0.014900]
24 May 14:55    INFO  valid result: 
recall@10 : 0.0293    recall@50 : 0.0771    ndcg@10 : 0.0149    ndcg@50 : 0.0252
24 May 14:55    INFO  epoch 17 training [time: 9.87s, train loss: 655.5245]
24 May 14:55    INFO  epoch 17 evaluating [time: 1.64s, valid_score: 0.014300]
24 May 14:55    INFO  valid result: 
recall@10 : 0.0281    recall@50 : 0.075    ndcg@10 : 0.0143    ndcg@50 : 0.0244
24 May 14:55    INFO  epoch 18 training [time: 10.19s, train loss: 638.5944]
24 May 14:55    INFO  epoch 18 evaluating [time: 1.83s, valid_score: 0.014100]
24 May 14:55    INFO  valid result: 
recall@10 : 0.0274    recall@50 : 0.0746    ndcg@10 : 0.0141    ndcg@50 : 0.0243
24 May 14:55    INFO  epoch 19 training [time: 10.34s, train loss: 616.1553]
24 May 14:55    INFO  epoch 19 evaluating [time: 1.90s, valid_score: 0.014000]
24 May 14:55    INFO  valid result: 
recall@10 : 0.0275    recall@50 : 0.0762    ndcg@10 : 0.014    ndcg@50 : 0.0245
24 May 14:55    INFO  epoch 20 training [time: 10.40s, train loss: 596.2542]
24 May 14:55    INFO  epoch 20 evaluating [time: 1.81s, valid_score: 0.014600]
24 May 14:55    INFO  valid result: 
recall@10 : 0.0281    recall@50 : 0.0738    ndcg@10 : 0.0146    ndcg@50 : 0.0244
24 May 14:56    INFO  epoch 21 training [time: 10.60s, train loss: 578.2821]
24 May 14:56    INFO  epoch 21 evaluating [time: 1.99s, valid_score: 0.013900]
24 May 14:56    INFO  valid result: 
recall@10 : 0.0266    recall@50 : 0.0718    ndcg@10 : 0.0139    ndcg@50 : 0.0236
24 May 14:56    INFO  Finished training, best eval result in epoch 5
24 May 14:56    INFO  Loading model structure and parameters from checkpoints/NARM-May-24-2026_14-51-51.pth
24 May 14:56    INFO  best valid : OrderedDict([('recall@10', 0.0419), ('recall@50', 0.1073), ('ndcg@10', 0.0218), ('ndcg@50', 0.0359)])
24 May 14:56    INFO  test result: OrderedDict([('recall@10', 0.0332), ('recall@50', 0.0894), ('ndcg@10', 0.0171), ('ndcg@50', 0.0291)])
