command line args [-m UniSRec -d Industrial_and_Scientific --train_stage inductive_ft --epochs 220 --stopping_step 20 --show_progress false --tag industrial-inductive-baseline --result_file results/experiment_results.jsonl] will not be used in RecBole
24 May 12:09    INFO  
General Hyper Parameters:
gpu_id = 0
use_gpu = True
seed = 2020
state = INFO
reproducibility = True
data_path = dataset/processed/Industrial_and_Scientific
checkpoint_dir = saved
show_progress = False
save_dataset = False
dataset_save_path = None
save_dataloaders = False
dataloaders_save_path = None
log_wandb = False

Training Hyper Parameters:
epochs = 220
train_batch_size = 2048
learner = adamw
learning_rate = 0.0001
train_neg_sample_args = {'distribution': 'none', 'sample_num': 'none', 'alpha': 'none', 'dynamic': False, 'candidate_num': 0}
eval_step = 1
stopping_step = 20
clip_grad_norm = None
weight_decay = 0.0
loss_decimal_place = 4

Evaluation Hyper Parameters:
eval_args = {'split': {'LS': 'valid_and_test'}, 'order': 'TO', 'group_by': 'user', 'mode': {'valid': 'full', 'test': 'full'}}
repeatable = True
metrics = ['Recall', 'NDCG']
topk = [10, 50]
valid_metric = NDCG@10
valid_metric_bigger = True
eval_batch_size = 2048
metric_decimal_place = 4

Dataset Hyper Parameters:
field_separator = 	
seq_separator =  
USER_ID_FIELD = user_id
ITEM_ID_FIELD = item_id
RATING_FIELD = rating
TIME_FIELD = timestamp
seq_len = None
LABEL_FIELD = label
threshold = None
NEG_PREFIX = neg_
load_col = {'inter': ['user_id', 'item_id_list', 'item_id']}
unload_col = None
unused_col = None
additional_feat_suffix = None
rm_dup_inter = None
val_interval = None
filter_inter_by_user_or_item = True
user_inter_num_interval = [0,inf)
item_inter_num_interval = [0,inf)
alias_of_user_id = None
alias_of_item_id = ['item_id_list']
alias_of_entity_id = None
alias_of_relation_id = None
preload_weight = None
normalize_field = None
normalize_all = None
ITEM_LIST_LENGTH_FIELD = item_length
LIST_SUFFIX = _list
MAX_ITEM_LIST_LENGTH = 50
POSITION_FIELD = position_id
HEAD_ENTITY_ID_FIELD = head_id
TAIL_ENTITY_ID_FIELD = tail_id
RELATION_ID_FIELD = relation_id
ENTITY_ID_FIELD = entity_id
benchmark_filename = ['train', 'valid', 'test']

Other Hyper Parameters: 
worker = 0
wandb_project = recbole
shuffle = True
require_pow = False
enable_amp = False
enable_scaler = False
transform = None
numerical_features = []
discretization = None
kg_reverse_r = False
entity_kg_num_interval = [0,inf)
relation_kg_num_interval = [0,inf)
MODEL_TYPE = ModelType.SEQUENTIAL
n_layers = 3
n_heads = 4
hidden_size = 300
inner_size = 512
hidden_dropout_prob = 0.3
attn_dropout_prob = 0.3
hidden_act = gelu
layer_norm_eps = 1e-12
initializer_range = 0.02
loss_type = CE
item_drop_ratio = 0.15
item_drop_coefficient = 0.95
lambda = 0.001
plm_suffix = blair-roberta-base.feature
train_stage = inductive_ft
plm_size = 768
adaptor_dropout_prob = 0.1
adaptor_layers = [768, 300]
temperature = 0.05
n_exps = 8
MODEL_INPUT_TYPE = InputType.POINTWISE
eval_type = EvaluatorType.RANKING
single_spec = True
local_rank = 0
device = cuda
valid_neg_sample_args = {'distribution': 'uniform', 'sample_num': 'none'}
test_neg_sample_args = {'distribution': 'uniform', 'sample_num': 'none'}


/root/miniconda3/lib/python3.10/site-packages/recbole/data/dataset/dataset.py:501: FutureWarning: A value is trying to be set on a copy of a DataFrame or Series through chained assignment using an inplace method.
The behavior will change in pandas 3.0. This inplace method will never work because the intermediate object on which we are setting values always behaves as a copy.

For example, when doing 'df[col].method(value, inplace=True)', try using 'df.method({col: value}, inplace=True)' or df[col] = df[col].method(value) instead, to perform the operation inplace on the original object.


  df[field].fillna(value="", inplace=True)
/root/miniconda3/lib/python3.10/site-packages/recbole/data/dataset/dataset.py:501: FutureWarning: A value is trying to be set on a copy of a DataFrame or Series through chained assignment using an inplace method.
The behavior will change in pandas 3.0. This inplace method will never work because the intermediate object on which we are setting values always behaves as a copy.

For example, when doing 'df[col].method(value, inplace=True)', try using 'df.method({col: value}, inplace=True)' or df[col] = df[col].method(value) instead, to perform the operation inplace on the original object.


  df[field].fillna(value="", inplace=True)
/root/miniconda3/lib/python3.10/site-packages/recbole/data/dataset/dataset.py:501: FutureWarning: A value is trying to be set on a copy of a DataFrame or Series through chained assignment using an inplace method.
The behavior will change in pandas 3.0. This inplace method will never work because the intermediate object on which we are setting values always behaves as a copy.

For example, when doing 'df[col].method(value, inplace=True)', try using 'df.method({col: value}, inplace=True)' or df[col] = df[col].method(value) instead, to perform the operation inplace on the original object.


  df[field].fillna(value="", inplace=True)
/root/miniconda3/lib/python3.10/site-packages/recbole/data/dataset/dataset.py:1217: FutureWarning: using <built-in function len> in Series.agg cannot aggregate and has been deprecated. Use Series.transform to keep behavior unchanged.
  split_point = np.cumsum(feat[field].agg(len))[:-1]
/root/miniconda3/lib/python3.10/site-packages/recbole/data/dataset/dataset.py:648: FutureWarning: A value is trying to be set on a copy of a DataFrame or Series through chained assignment using an inplace method.
The behavior will change in pandas 3.0. This inplace method will never work because the intermediate object on which we are setting values always behaves as a copy.

For example, when doing 'df[col].method(value, inplace=True)', try using 'df.method({col: value}, inplace=True)' or df[col] = df[col].method(value) instead, to perform the operation inplace on the original object.


  feat[field].fillna(value=0, inplace=True)
/root/miniconda3/lib/python3.10/site-packages/recbole/data/dataset/sequential_dataset.py:165: FutureWarning: using <built-in function len> in Series.agg cannot aggregate and has been deprecated. Use Series.transform to keep behavior unchanged.
  ].agg(len)
24 May 12:09    INFO  Industrial_and_Scientific
The number of users: 50986
Average actions of users: 7.099382171226831
The number of items: 25849
Average actions of items: 14.00510737086477
The number of inters: 361962
The sparsity of the dataset: 99.9725357153877%
Remain Fields: ['user_id', 'item_id_list', 'item_id', 'item_length']
24 May 12:09    INFO  [Training]: train_batch_size = [2048] train_neg_sample_args: [{'distribution': 'none', 'sample_num': 'none', 'alpha': 'none', 'dynamic': False, 'candidate_num': 0}]
24 May 12:09    INFO  [Evaluation]: eval_batch_size = [2048] eval_args: [{'split': {'LS': 'valid_and_test'}, 'order': 'TO', 'group_by': 'user', 'mode': {'valid': 'full', 'test': 'full'}}]
24 May 12:09    INFO  UniSRec(
  (item_embedding): None
  (position_embedding): Embedding(50, 300)
  (trm_encoder): TransformerEncoder(
    (layer): ModuleList(
      (0-2): 3 x TransformerLayer(
        (multi_head_attention): MultiHeadAttention(
          (query): Linear(in_features=300, out_features=300, bias=True)
          (key): Linear(in_features=300, out_features=300, bias=True)
          (value): Linear(in_features=300, out_features=300, bias=True)
          (softmax): Softmax(dim=-1)
          (attn_dropout): Dropout(p=0.3, inplace=False)
          (dense): Linear(in_features=300, out_features=300, bias=True)
          (LayerNorm): LayerNorm((300,), eps=1e-12, elementwise_affine=True)
          (out_dropout): Dropout(p=0.3, inplace=False)
        )
        (feed_forward): FeedForward(
          (dense_1): Linear(in_features=300, out_features=512, bias=True)
          (dense_2): Linear(in_features=512, out_features=300, bias=True)
          (LayerNorm): LayerNorm((300,), eps=1e-12, elementwise_affine=True)
          (dropout): Dropout(p=0.3, inplace=False)
        )
      )
    )
  )
  (LayerNorm): LayerNorm((300,), eps=1e-12, elementwise_affine=True)
  (dropout): Dropout(p=0.3, inplace=False)
  (loss_fct): CrossEntropyLoss()
  (plm_embedding): Embedding(25849, 768, padding_idx=0)
  (moe_adaptor): MoEAdaptorLayer(
    (experts): ModuleList(
      (0-7): 8 x PWLayer(
        (dropout): Dropout(p=0.1, inplace=False)
        (lin): Linear(in_features=768, out_features=300, bias=False)
      )
    )
  )
)
Trainable parameters: 3888468
24 May 12:10    INFO  epoch 0 training [time: 35.69s, train loss: 1228.0330]
24 May 12:10    INFO  epoch 0 evaluating [time: 2.09s, valid_score: 0.008700]
24 May 12:10    INFO  valid result: 
recall@10 : 0.0174    recall@50 : 0.0549    ndcg@10 : 0.0087    ndcg@50 : 0.0168
24 May 12:10    INFO  Saving current: saved/UniSRec-May-24-2026_12-09-24.pth
24 May 12:10    INFO  epoch 1 training [time: 35.06s, train loss: 1192.2490]
24 May 12:10    INFO  epoch 1 evaluating [time: 2.00s, valid_score: 0.011900]
24 May 12:10    INFO  valid result: 
recall@10 : 0.0222    recall@50 : 0.0662    ndcg@10 : 0.0119    ndcg@50 : 0.0214
24 May 12:10    INFO  Saving current: saved/UniSRec-May-24-2026_12-09-24.pth
24 May 12:11    INFO  epoch 2 training [time: 35.66s, train loss: 1182.5060]
24 May 12:11    INFO  epoch 2 evaluating [time: 2.07s, valid_score: 0.014100]
24 May 12:11    INFO  valid result: 
recall@10 : 0.0269    recall@50 : 0.0729    ndcg@10 : 0.0141    ndcg@50 : 0.024
24 May 12:11    INFO  Saving current: saved/UniSRec-May-24-2026_12-09-24.pth
24 May 12:11    INFO  epoch 3 training [time: 35.25s, train loss: 1175.9123]
24 May 12:11    INFO  epoch 3 evaluating [time: 2.07s, valid_score: 0.015700]
24 May 12:11    INFO  valid result: 
recall@10 : 0.0297    recall@50 : 0.0769    ndcg@10 : 0.0157    ndcg@50 : 0.026
24 May 12:11    INFO  Saving current: saved/UniSRec-May-24-2026_12-09-24.pth
24 May 12:12    INFO  epoch 4 training [time: 35.59s, train loss: 1170.6120]
24 May 12:12    INFO  epoch 4 evaluating [time: 2.16s, valid_score: 0.017100]
24 May 12:12    INFO  valid result: 
recall@10 : 0.0325    recall@50 : 0.0826    ndcg@10 : 0.0171    ndcg@50 : 0.0279
24 May 12:12    INFO  Saving current: saved/UniSRec-May-24-2026_12-09-24.pth
24 May 12:13    INFO  epoch 5 training [time: 35.68s, train loss: 1165.4187]
24 May 12:13    INFO  epoch 5 evaluating [time: 2.05s, valid_score: 0.018600]
24 May 12:13    INFO  valid result: 
recall@10 : 0.0353    recall@50 : 0.0873    ndcg@10 : 0.0186    ndcg@50 : 0.0299
24 May 12:13    INFO  Saving current: saved/UniSRec-May-24-2026_12-09-24.pth
24 May 12:13    INFO  epoch 6 training [time: 35.75s, train loss: 1160.4505]
24 May 12:13    INFO  epoch 6 evaluating [time: 2.07s, valid_score: 0.020100]
24 May 12:13    INFO  valid result: 
recall@10 : 0.039    recall@50 : 0.0945    ndcg@10 : 0.0201    ndcg@50 : 0.0322
24 May 12:13    INFO  Saving current: saved/UniSRec-May-24-2026_12-09-24.pth
24 May 12:14    INFO  epoch 7 training [time: 35.27s, train loss: 1155.9097]
24 May 12:14    INFO  epoch 7 evaluating [time: 2.07s, valid_score: 0.020800]
24 May 12:14    INFO  valid result: 
recall@10 : 0.0401    recall@50 : 0.0989    ndcg@10 : 0.0208    ndcg@50 : 0.0336
24 May 12:14    INFO  Saving current: saved/UniSRec-May-24-2026_12-09-24.pth
24 May 12:15    INFO  epoch 8 training [time: 35.43s, train loss: 1151.8572]
24 May 12:15    INFO  epoch 8 evaluating [time: 2.10s, valid_score: 0.022100]
24 May 12:15    INFO  valid result: 
recall@10 : 0.0424    recall@50 : 0.1025    ndcg@10 : 0.0221    ndcg@50 : 0.0352
24 May 12:15    INFO  Saving current: saved/UniSRec-May-24-2026_12-09-24.pth
24 May 12:15    INFO  epoch 9 training [time: 35.25s, train loss: 1147.8125]
24 May 12:15    INFO  epoch 9 evaluating [time: 2.12s, valid_score: 0.022800]
24 May 12:15    INFO  valid result: 
recall@10 : 0.044    recall@50 : 0.1063    ndcg@10 : 0.0228    ndcg@50 : 0.0363
24 May 12:15    INFO  Saving current: saved/UniSRec-May-24-2026_12-09-24.pth
24 May 12:16    INFO  epoch 10 training [time: 35.42s, train loss: 1144.1310]
24 May 12:16    INFO  epoch 10 evaluating [time: 2.17s, valid_score: 0.023000]
24 May 12:16    INFO  valid result: 
recall@10 : 0.0446    recall@50 : 0.11    ndcg@10 : 0.023    ndcg@50 : 0.0372
24 May 12:16    INFO  Saving current: saved/UniSRec-May-24-2026_12-09-24.pth
24 May 12:16    INFO  epoch 11 training [time: 35.21s, train loss: 1141.1068]
24 May 12:16    INFO  epoch 11 evaluating [time: 2.12s, valid_score: 0.023900]
24 May 12:16    INFO  valid result: 
recall@10 : 0.0463    recall@50 : 0.112    ndcg@10 : 0.0239    ndcg@50 : 0.0382
24 May 12:16    INFO  Saving current: saved/UniSRec-May-24-2026_12-09-24.pth
24 May 12:17    INFO  epoch 12 training [time: 35.24s, train loss: 1137.8756]
24 May 12:17    INFO  epoch 12 evaluating [time: 2.00s, valid_score: 0.024400]
24 May 12:17    INFO  valid result: 
recall@10 : 0.0472    recall@50 : 0.1143    ndcg@10 : 0.0244    ndcg@50 : 0.0389
24 May 12:17    INFO  Saving current: saved/UniSRec-May-24-2026_12-09-24.pth
24 May 12:18    INFO  epoch 13 training [time: 35.65s, train loss: 1135.2658]
24 May 12:18    INFO  epoch 13 evaluating [time: 2.20s, valid_score: 0.024500]
24 May 12:18    INFO  valid result: 
recall@10 : 0.0477    recall@50 : 0.1163    ndcg@10 : 0.0245    ndcg@50 : 0.0394
24 May 12:18    INFO  Saving current: saved/UniSRec-May-24-2026_12-09-24.pth
24 May 12:18    INFO  epoch 14 training [time: 34.89s, train loss: 1132.7236]
24 May 12:18    INFO  epoch 14 evaluating [time: 2.02s, valid_score: 0.025000]
24 May 12:18    INFO  valid result: 
recall@10 : 0.0482    recall@50 : 0.1184    ndcg@10 : 0.025    ndcg@50 : 0.0403
24 May 12:18    INFO  Saving current: saved/UniSRec-May-24-2026_12-09-24.pth
24 May 12:19    INFO  epoch 15 training [time: 35.24s, train loss: 1130.3883]
24 May 12:19    INFO  epoch 15 evaluating [time: 2.08s, valid_score: 0.025200]
24 May 12:19    INFO  valid result: 
recall@10 : 0.0493    recall@50 : 0.1203    ndcg@10 : 0.0252    ndcg@50 : 0.0406
24 May 12:19    INFO  Saving current: saved/UniSRec-May-24-2026_12-09-24.pth
24 May 12:20    INFO  epoch 16 training [time: 35.39s, train loss: 1128.1709]
24 May 12:20    INFO  epoch 16 evaluating [time: 2.17s, valid_score: 0.025600]
24 May 12:20    INFO  valid result: 
recall@10 : 0.0499    recall@50 : 0.1211    ndcg@10 : 0.0256    ndcg@50 : 0.0411
24 May 12:20    INFO  Saving current: saved/UniSRec-May-24-2026_12-09-24.pth
24 May 12:20    INFO  epoch 17 training [time: 34.98s, train loss: 1125.8413]
24 May 12:20    INFO  epoch 17 evaluating [time: 2.00s, valid_score: 0.025800]
24 May 12:20    INFO  valid result: 
recall@10 : 0.0505    recall@50 : 0.123    ndcg@10 : 0.0258    ndcg@50 : 0.0415
24 May 12:20    INFO  Saving current: saved/UniSRec-May-24-2026_12-09-24.pth
24 May 12:21    INFO  epoch 18 training [time: 35.53s, train loss: 1123.9613]
24 May 12:21    INFO  epoch 18 evaluating [time: 2.07s, valid_score: 0.026300]
24 May 12:21    INFO  valid result: 
recall@10 : 0.0516    recall@50 : 0.1242    ndcg@10 : 0.0263    ndcg@50 : 0.0421
24 May 12:21    INFO  Saving current: saved/UniSRec-May-24-2026_12-09-24.pth
24 May 12:21    INFO  epoch 19 training [time: 35.49s, train loss: 1122.3221]
24 May 12:21    INFO  epoch 19 evaluating [time: 1.94s, valid_score: 0.026400]
24 May 12:21    INFO  valid result: 
recall@10 : 0.0516    recall@50 : 0.1257    ndcg@10 : 0.0264    ndcg@50 : 0.0425
24 May 12:21    INFO  Saving current: saved/UniSRec-May-24-2026_12-09-24.pth
24 May 12:22    INFO  epoch 20 training [time: 35.74s, train loss: 1120.3614]
24 May 12:22    INFO  epoch 20 evaluating [time: 2.00s, valid_score: 0.026800]
24 May 12:22    INFO  valid result: 
recall@10 : 0.0524    recall@50 : 0.1263    ndcg@10 : 0.0268    ndcg@50 : 0.0429
24 May 12:22    INFO  Saving current: saved/UniSRec-May-24-2026_12-09-24.pth
24 May 12:23    INFO  epoch 21 training [time: 35.17s, train loss: 1118.8321]
24 May 12:23    INFO  epoch 21 evaluating [time: 2.15s, valid_score: 0.027100]
24 May 12:23    INFO  valid result: 
recall@10 : 0.053    recall@50 : 0.1273    ndcg@10 : 0.0271    ndcg@50 : 0.0432
24 May 12:23    INFO  Saving current: saved/UniSRec-May-24-2026_12-09-24.pth
24 May 12:23    INFO  epoch 22 training [time: 35.33s, train loss: 1117.3379]
24 May 12:23    INFO  epoch 22 evaluating [time: 2.10s, valid_score: 0.027200]
24 May 12:23    INFO  valid result: 
recall@10 : 0.0531    recall@50 : 0.1287    ndcg@10 : 0.0272    ndcg@50 : 0.0436
24 May 12:23    INFO  Saving current: saved/UniSRec-May-24-2026_12-09-24.pth
24 May 12:24    INFO  epoch 23 training [time: 35.75s, train loss: 1115.6754]
24 May 12:24    INFO  epoch 23 evaluating [time: 2.07s, valid_score: 0.027400]
24 May 12:24    INFO  valid result: 
recall@10 : 0.0536    recall@50 : 0.1299    ndcg@10 : 0.0274    ndcg@50 : 0.0439
24 May 12:24    INFO  Saving current: saved/UniSRec-May-24-2026_12-09-24.pth
24 May 12:25    INFO  epoch 24 training [time: 35.21s, train loss: 1114.5142]
24 May 12:25    INFO  epoch 24 evaluating [time: 2.03s, valid_score: 0.027500]
24 May 12:25    INFO  valid result: 
recall@10 : 0.0538    recall@50 : 0.1295    ndcg@10 : 0.0275    ndcg@50 : 0.044
24 May 12:25    INFO  Saving current: saved/UniSRec-May-24-2026_12-09-24.pth
24 May 12:25    INFO  epoch 25 training [time: 35.25s, train loss: 1112.8994]
24 May 12:25    INFO  epoch 25 evaluating [time: 2.07s, valid_score: 0.027900]
24 May 12:25    INFO  valid result: 
recall@10 : 0.0548    recall@50 : 0.1305    ndcg@10 : 0.0279    ndcg@50 : 0.0443
24 May 12:25    INFO  Saving current: saved/UniSRec-May-24-2026_12-09-24.pth
24 May 12:26    INFO  epoch 26 training [time: 35.55s, train loss: 1111.7627]
24 May 12:26    INFO  epoch 26 evaluating [time: 2.08s, valid_score: 0.028000]
24 May 12:26    INFO  valid result: 
recall@10 : 0.0546    recall@50 : 0.1312    ndcg@10 : 0.028    ndcg@50 : 0.0446
24 May 12:26    INFO  Saving current: saved/UniSRec-May-24-2026_12-09-24.pth
24 May 12:26    INFO  epoch 27 training [time: 35.76s, train loss: 1110.5211]
24 May 12:27    INFO  epoch 27 evaluating [time: 2.04s, valid_score: 0.028400]
24 May 12:27    INFO  valid result: 
recall@10 : 0.0556    recall@50 : 0.1306    ndcg@10 : 0.0284    ndcg@50 : 0.0447
24 May 12:27    INFO  Saving current: saved/UniSRec-May-24-2026_12-09-24.pth
24 May 12:27    INFO  epoch 28 training [time: 35.37s, train loss: 1109.2261]
24 May 12:27    INFO  epoch 28 evaluating [time: 2.08s, valid_score: 0.028000]
24 May 12:27    INFO  valid result: 
recall@10 : 0.0547    recall@50 : 0.1309    ndcg@10 : 0.028    ndcg@50 : 0.0446
24 May 12:28    INFO  epoch 29 training [time: 35.49s, train loss: 1108.0417]
24 May 12:28    INFO  epoch 29 evaluating [time: 2.00s, valid_score: 0.028700]
24 May 12:28    INFO  valid result: 
recall@10 : 0.0562    recall@50 : 0.1327    ndcg@10 : 0.0287    ndcg@50 : 0.0453
24 May 12:28    INFO  Saving current: saved/UniSRec-May-24-2026_12-09-24.pth
24 May 12:28    INFO  epoch 30 training [time: 35.56s, train loss: 1106.5998]
24 May 12:28    INFO  epoch 30 evaluating [time: 2.19s, valid_score: 0.028800]
24 May 12:28    INFO  valid result: 
recall@10 : 0.0568    recall@50 : 0.1336    ndcg@10 : 0.0288    ndcg@50 : 0.0455
24 May 12:28    INFO  Saving current: saved/UniSRec-May-24-2026_12-09-24.pth
24 May 12:29    INFO  epoch 31 training [time: 35.70s, train loss: 1105.7183]
24 May 12:29    INFO  epoch 31 evaluating [time: 2.10s, valid_score: 0.029100]
24 May 12:29    INFO  valid result: 
recall@10 : 0.0565    recall@50 : 0.1347    ndcg@10 : 0.0291    ndcg@50 : 0.046
24 May 12:29    INFO  Saving current: saved/UniSRec-May-24-2026_12-09-24.pth
24 May 12:30    INFO  epoch 32 training [time: 35.43s, train loss: 1104.8584]
24 May 12:30    INFO  epoch 32 evaluating [time: 2.20s, valid_score: 0.029000]
24 May 12:30    INFO  valid result: 
recall@10 : 0.0567    recall@50 : 0.1347    ndcg@10 : 0.029    ndcg@50 : 0.0459
24 May 12:30    INFO  epoch 33 training [time: 35.53s, train loss: 1103.7286]
24 May 12:30    INFO  epoch 33 evaluating [time: 2.06s, valid_score: 0.029400]
24 May 12:30    INFO  valid result: 
recall@10 : 0.0574    recall@50 : 0.1347    ndcg@10 : 0.0294    ndcg@50 : 0.0461
24 May 12:30    INFO  Saving current: saved/UniSRec-May-24-2026_12-09-24.pth
24 May 12:31    INFO  epoch 34 training [time: 35.11s, train loss: 1102.5282]
24 May 12:31    INFO  epoch 34 evaluating [time: 2.01s, valid_score: 0.028800]
24 May 12:31    INFO  valid result: 
recall@10 : 0.0563    recall@50 : 0.1352    ndcg@10 : 0.0288    ndcg@50 : 0.0459
24 May 12:32    INFO  epoch 35 training [time: 35.40s, train loss: 1101.7077]
24 May 12:32    INFO  epoch 35 evaluating [time: 2.04s, valid_score: 0.029600]
24 May 12:32    INFO  valid result: 
recall@10 : 0.058    recall@50 : 0.1354    ndcg@10 : 0.0296    ndcg@50 : 0.0464
24 May 12:32    INFO  Saving current: saved/UniSRec-May-24-2026_12-09-24.pth
24 May 12:32    INFO  epoch 36 training [time: 35.20s, train loss: 1100.9146]
24 May 12:32    INFO  epoch 36 evaluating [time: 2.00s, valid_score: 0.029600]
24 May 12:32    INFO  valid result: 
recall@10 : 0.0576    recall@50 : 0.1367    ndcg@10 : 0.0296    ndcg@50 : 0.0467
24 May 12:32    INFO  Saving current: saved/UniSRec-May-24-2026_12-09-24.pth
24 May 12:33    INFO  epoch 37 training [time: 35.32s, train loss: 1099.6229]
24 May 12:33    INFO  epoch 37 evaluating [time: 2.02s, valid_score: 0.029500]
24 May 12:33    INFO  valid result: 
recall@10 : 0.0577    recall@50 : 0.1363    ndcg@10 : 0.0295    ndcg@50 : 0.0466
24 May 12:33    INFO  epoch 38 training [time: 35.72s, train loss: 1098.8058]
24 May 12:33    INFO  epoch 38 evaluating [time: 2.07s, valid_score: 0.029900]
24 May 12:33    INFO  valid result: 
recall@10 : 0.0587    recall@50 : 0.1358    ndcg@10 : 0.0299    ndcg@50 : 0.0466
24 May 12:33    INFO  Saving current: saved/UniSRec-May-24-2026_12-09-24.pth
24 May 12:34    INFO  epoch 39 training [time: 35.83s, train loss: 1098.0348]
24 May 12:34    INFO  epoch 39 evaluating [time: 2.07s, valid_score: 0.030000]
24 May 12:34    INFO  valid result: 
recall@10 : 0.0585    recall@50 : 0.1362    ndcg@10 : 0.03    ndcg@50 : 0.0468
24 May 12:34    INFO  Saving current: saved/UniSRec-May-24-2026_12-09-24.pth
24 May 12:35    INFO  epoch 40 training [time: 35.73s, train loss: 1096.7842]
24 May 12:35    INFO  epoch 40 evaluating [time: 2.09s, valid_score: 0.030100]
24 May 12:35    INFO  valid result: 
recall@10 : 0.059    recall@50 : 0.1371    ndcg@10 : 0.0301    ndcg@50 : 0.0471
24 May 12:35    INFO  Saving current: saved/UniSRec-May-24-2026_12-09-24.pth
24 May 12:35    INFO  epoch 41 training [time: 35.17s, train loss: 1096.3943]
24 May 12:35    INFO  epoch 41 evaluating [time: 2.04s, valid_score: 0.029900]
24 May 12:35    INFO  valid result: 
recall@10 : 0.0588    recall@50 : 0.138    ndcg@10 : 0.0299    ndcg@50 : 0.0471
24 May 12:36    INFO  epoch 42 training [time: 35.73s, train loss: 1095.3684]
24 May 12:36    INFO  epoch 42 evaluating [time: 2.07s, valid_score: 0.030000]
24 May 12:36    INFO  valid result: 
recall@10 : 0.0585    recall@50 : 0.1372    ndcg@10 : 0.03    ndcg@50 : 0.0472
24 May 12:37    INFO  epoch 43 training [time: 35.53s, train loss: 1094.7835]
24 May 12:37    INFO  epoch 43 evaluating [time: 2.16s, valid_score: 0.030100]
24 May 12:37    INFO  valid result: 
recall@10 : 0.0586    recall@50 : 0.1376    ndcg@10 : 0.0301    ndcg@50 : 0.0473
24 May 12:37    INFO  Saving current: saved/UniSRec-May-24-2026_12-09-24.pth
24 May 12:37    INFO  epoch 44 training [time: 35.47s, train loss: 1093.9686]
24 May 12:37    INFO  epoch 44 evaluating [time: 2.09s, valid_score: 0.030200]
24 May 12:37    INFO  valid result: 
recall@10 : 0.0584    recall@50 : 0.1375    ndcg@10 : 0.0302    ndcg@50 : 0.0474
24 May 12:37    INFO  Saving current: saved/UniSRec-May-24-2026_12-09-24.pth
24 May 12:38    INFO  epoch 45 training [time: 35.45s, train loss: 1092.9447]
24 May 12:38    INFO  epoch 45 evaluating [time: 1.97s, valid_score: 0.030400]
24 May 12:38    INFO  valid result: 
recall@10 : 0.0591    recall@50 : 0.1383    ndcg@10 : 0.0304    ndcg@50 : 0.0475
24 May 12:38    INFO  Saving current: saved/UniSRec-May-24-2026_12-09-24.pth
24 May 12:38    INFO  epoch 46 training [time: 35.48s, train loss: 1092.2400]
24 May 12:38    INFO  epoch 46 evaluating [time: 2.06s, valid_score: 0.030100]
24 May 12:38    INFO  valid result: 
recall@10 : 0.0586    recall@50 : 0.1385    ndcg@10 : 0.0301    ndcg@50 : 0.0474
24 May 12:39    INFO  epoch 47 training [time: 35.71s, train loss: 1091.4472]
24 May 12:39    INFO  epoch 47 evaluating [time: 1.97s, valid_score: 0.030100]
24 May 12:39    INFO  valid result: 
recall@10 : 0.0588    recall@50 : 0.1389    ndcg@10 : 0.0301    ndcg@50 : 0.0475
24 May 12:40    INFO  epoch 48 training [time: 35.45s, train loss: 1090.7901]
24 May 12:40    INFO  epoch 48 evaluating [time: 1.95s, valid_score: 0.030500]
24 May 12:40    INFO  valid result: 
recall@10 : 0.0595    recall@50 : 0.1387    ndcg@10 : 0.0305    ndcg@50 : 0.0477
24 May 12:40    INFO  Saving current: saved/UniSRec-May-24-2026_12-09-24.pth
24 May 12:40    INFO  epoch 49 training [time: 35.56s, train loss: 1089.9800]
24 May 12:40    INFO  epoch 49 evaluating [time: 2.09s, valid_score: 0.030500]
24 May 12:40    INFO  valid result: 
recall@10 : 0.059    recall@50 : 0.1394    ndcg@10 : 0.0305    ndcg@50 : 0.0479
24 May 12:40    INFO  Saving current: saved/UniSRec-May-24-2026_12-09-24.pth
24 May 12:41    INFO  epoch 50 training [time: 35.81s, train loss: 1089.4103]
24 May 12:41    INFO  epoch 50 evaluating [time: 2.07s, valid_score: 0.030400]
24 May 12:41    INFO  valid result: 
recall@10 : 0.0592    recall@50 : 0.1394    ndcg@10 : 0.0304    ndcg@50 : 0.0479
24 May 12:42    INFO  epoch 51 training [time: 35.54s, train loss: 1088.3873]
24 May 12:42    INFO  epoch 51 evaluating [time: 2.16s, valid_score: 0.030400]
24 May 12:42    INFO  valid result: 
recall@10 : 0.0592    recall@50 : 0.1389    ndcg@10 : 0.0304    ndcg@50 : 0.0477
24 May 12:42    INFO  epoch 52 training [time: 35.23s, train loss: 1087.9439]
24 May 12:42    INFO  epoch 52 evaluating [time: 2.07s, valid_score: 0.030800]
24 May 12:42    INFO  valid result: 
recall@10 : 0.0603    recall@50 : 0.1398    ndcg@10 : 0.0308    ndcg@50 : 0.048
24 May 12:42    INFO  Saving current: saved/UniSRec-May-24-2026_12-09-24.pth
24 May 12:43    INFO  epoch 53 training [time: 35.86s, train loss: 1087.1937]
24 May 12:43    INFO  epoch 53 evaluating [time: 2.15s, valid_score: 0.030500]
24 May 12:43    INFO  valid result: 
recall@10 : 0.0598    recall@50 : 0.1397    ndcg@10 : 0.0305    ndcg@50 : 0.0479
24 May 12:43    INFO  epoch 54 training [time: 35.73s, train loss: 1086.5610]
24 May 12:44    INFO  epoch 54 evaluating [time: 2.06s, valid_score: 0.030900]
24 May 12:44    INFO  valid result: 
recall@10 : 0.0603    recall@50 : 0.1408    ndcg@10 : 0.0309    ndcg@50 : 0.0484
24 May 12:44    INFO  Saving current: saved/UniSRec-May-24-2026_12-09-24.pth
24 May 12:44    INFO  epoch 55 training [time: 35.73s, train loss: 1085.7594]
24 May 12:44    INFO  epoch 55 evaluating [time: 2.00s, valid_score: 0.030600]
24 May 12:44    INFO  valid result: 
recall@10 : 0.0597    recall@50 : 0.1396    ndcg@10 : 0.0306    ndcg@50 : 0.048
24 May 12:45    INFO  epoch 56 training [time: 35.81s, train loss: 1085.0815]
24 May 12:45    INFO  epoch 56 evaluating [time: 2.18s, valid_score: 0.030600]
24 May 12:45    INFO  valid result: 
recall@10 : 0.0598    recall@50 : 0.14    ndcg@10 : 0.0306    ndcg@50 : 0.048
24 May 12:45    INFO  epoch 57 training [time: 35.44s, train loss: 1084.2680]
24 May 12:45    INFO  epoch 57 evaluating [time: 2.06s, valid_score: 0.030800]
24 May 12:45    INFO  valid result: 
recall@10 : 0.0603    recall@50 : 0.1408    ndcg@10 : 0.0308    ndcg@50 : 0.0483
24 May 12:46    INFO  epoch 58 training [time: 35.36s, train loss: 1083.7768]
24 May 12:46    INFO  epoch 58 evaluating [time: 2.04s, valid_score: 0.030600]
24 May 12:46    INFO  valid result: 
recall@10 : 0.0601    recall@50 : 0.1405    ndcg@10 : 0.0306    ndcg@50 : 0.0481
24 May 12:47    INFO  epoch 59 training [time: 35.57s, train loss: 1083.0551]
24 May 12:47    INFO  epoch 59 evaluating [time: 2.11s, valid_score: 0.031000]
24 May 12:47    INFO  valid result: 
recall@10 : 0.0603    recall@50 : 0.1405    ndcg@10 : 0.031    ndcg@50 : 0.0484
24 May 12:47    INFO  Saving current: saved/UniSRec-May-24-2026_12-09-24.pth
24 May 12:47    INFO  epoch 60 training [time: 35.44s, train loss: 1082.0434]
24 May 12:47    INFO  epoch 60 evaluating [time: 2.00s, valid_score: 0.030900]
24 May 12:47    INFO  valid result: 
recall@10 : 0.0604    recall@50 : 0.1408    ndcg@10 : 0.0309    ndcg@50 : 0.0484
24 May 12:48    INFO  epoch 61 training [time: 35.79s, train loss: 1081.8493]
24 May 12:48    INFO  epoch 61 evaluating [time: 1.99s, valid_score: 0.030800]
24 May 12:48    INFO  valid result: 
recall@10 : 0.0601    recall@50 : 0.1405    ndcg@10 : 0.0308    ndcg@50 : 0.0483
24 May 12:49    INFO  epoch 62 training [time: 35.59s, train loss: 1081.4218]
24 May 12:49    INFO  epoch 62 evaluating [time: 1.89s, valid_score: 0.031100]
24 May 12:49    INFO  valid result: 
recall@10 : 0.0608    recall@50 : 0.1411    ndcg@10 : 0.0311    ndcg@50 : 0.0485
24 May 12:49    INFO  Saving current: saved/UniSRec-May-24-2026_12-09-24.pth
24 May 12:49    INFO  epoch 63 training [time: 35.50s, train loss: 1080.4393]
24 May 12:49    INFO  epoch 63 evaluating [time: 2.13s, valid_score: 0.031100]
24 May 12:49    INFO  valid result: 
recall@10 : 0.061    recall@50 : 0.141    ndcg@10 : 0.0311    ndcg@50 : 0.0485
24 May 12:49    INFO  Saving current: saved/UniSRec-May-24-2026_12-09-24.pth
24 May 12:50    INFO  epoch 64 training [time: 35.56s, train loss: 1079.8500]
24 May 12:50    INFO  epoch 64 evaluating [time: 2.33s, valid_score: 0.031100]
24 May 12:50    INFO  valid result: 
recall@10 : 0.0601    recall@50 : 0.1412    ndcg@10 : 0.0311    ndcg@50 : 0.0487
24 May 12:50    INFO  Saving current: saved/UniSRec-May-24-2026_12-09-24.pth
24 May 12:50    INFO  epoch 65 training [time: 35.89s, train loss: 1079.3410]
24 May 12:50    INFO  epoch 65 evaluating [time: 1.97s, valid_score: 0.031200]
24 May 12:50    INFO  valid result: 
recall@10 : 0.0609    recall@50 : 0.1412    ndcg@10 : 0.0312    ndcg@50 : 0.0487
24 May 12:50    INFO  Saving current: saved/UniSRec-May-24-2026_12-09-24.pth
24 May 12:51    INFO  epoch 66 training [time: 35.62s, train loss: 1078.4674]
24 May 12:51    INFO  epoch 66 evaluating [time: 1.97s, valid_score: 0.031300]
24 May 12:51    INFO  valid result: 
recall@10 : 0.0614    recall@50 : 0.1418    ndcg@10 : 0.0313    ndcg@50 : 0.0487
24 May 12:51    INFO  Saving current: saved/UniSRec-May-24-2026_12-09-24.pth
24 May 12:52    INFO  epoch 67 training [time: 35.25s, train loss: 1078.1118]
24 May 12:52    INFO  epoch 67 evaluating [time: 2.06s, valid_score: 0.031300]
24 May 12:52    INFO  valid result: 
recall@10 : 0.0608    recall@50 : 0.1408    ndcg@10 : 0.0313    ndcg@50 : 0.0487
24 May 12:52    INFO  Saving current: saved/UniSRec-May-24-2026_12-09-24.pth
24 May 12:52    INFO  epoch 68 training [time: 35.63s, train loss: 1077.5652]
24 May 12:52    INFO  epoch 68 evaluating [time: 2.04s, valid_score: 0.031500]
24 May 12:52    INFO  valid result: 
recall@10 : 0.0612    recall@50 : 0.1417    ndcg@10 : 0.0315    ndcg@50 : 0.0489
24 May 12:52    INFO  Saving current: saved/UniSRec-May-24-2026_12-09-24.pth
24 May 12:53    INFO  epoch 69 training [time: 35.70s, train loss: 1076.6920]
24 May 12:53    INFO  epoch 69 evaluating [time: 1.96s, valid_score: 0.031400]
24 May 12:53    INFO  valid result: 
recall@10 : 0.0605    recall@50 : 0.1422    ndcg@10 : 0.0314    ndcg@50 : 0.0492
24 May 12:54    INFO  epoch 70 training [time: 35.75s, train loss: 1076.3970]
24 May 12:54    INFO  epoch 70 evaluating [time: 1.90s, valid_score: 0.031500]
24 May 12:54    INFO  valid result: 
recall@10 : 0.061    recall@50 : 0.1429    ndcg@10 : 0.0315    ndcg@50 : 0.0492
24 May 12:54    INFO  Saving current: saved/UniSRec-May-24-2026_12-09-24.pth
24 May 12:54    INFO  epoch 71 training [time: 35.69s, train loss: 1075.6758]
24 May 12:54    INFO  epoch 71 evaluating [time: 1.97s, valid_score: 0.031300]
24 May 12:54    INFO  valid result: 
recall@10 : 0.0609    recall@50 : 0.142    ndcg@10 : 0.0313    ndcg@50 : 0.0489
24 May 12:55    INFO  epoch 72 training [time: 35.58s, train loss: 1075.2969]
24 May 12:55    INFO  epoch 72 evaluating [time: 2.03s, valid_score: 0.031500]
24 May 12:55    INFO  valid result: 
recall@10 : 0.0609    recall@50 : 0.1422    ndcg@10 : 0.0315    ndcg@50 : 0.0491
24 May 12:55    INFO  Saving current: saved/UniSRec-May-24-2026_12-09-24.pth
24 May 12:55    INFO  epoch 73 training [time: 35.57s, train loss: 1074.4997]
24 May 12:55    INFO  epoch 73 evaluating [time: 2.02s, valid_score: 0.031300]
24 May 12:55    INFO  valid result: 
recall@10 : 0.0605    recall@50 : 0.1426    ndcg@10 : 0.0313    ndcg@50 : 0.0492
24 May 12:56    INFO  epoch 74 training [time: 35.71s, train loss: 1073.9814]
24 May 12:56    INFO  epoch 74 evaluating [time: 2.05s, valid_score: 0.031500]
24 May 12:56    INFO  valid result: 
recall@10 : 0.061    recall@50 : 0.1423    ndcg@10 : 0.0315    ndcg@50 : 0.0492
24 May 12:56    INFO  Saving current: saved/UniSRec-May-24-2026_12-09-24.pth
24 May 12:57    INFO  epoch 75 training [time: 35.92s, train loss: 1073.5522]
24 May 12:57    INFO  epoch 75 evaluating [time: 2.01s, valid_score: 0.031500]
24 May 12:57    INFO  valid result: 
recall@10 : 0.0608    recall@50 : 0.1424    ndcg@10 : 0.0315    ndcg@50 : 0.0492
24 May 12:57    INFO  Saving current: saved/UniSRec-May-24-2026_12-09-24.pth
24 May 12:57    INFO  epoch 76 training [time: 35.86s, train loss: 1072.8855]
24 May 12:57    INFO  epoch 76 evaluating [time: 2.06s, valid_score: 0.031300]
24 May 12:57    INFO  valid result: 
recall@10 : 0.0608    recall@50 : 0.1422    ndcg@10 : 0.0313    ndcg@50 : 0.049
24 May 12:58    INFO  epoch 77 training [time: 35.83s, train loss: 1072.1143]
24 May 12:58    INFO  epoch 77 evaluating [time: 2.05s, valid_score: 0.031400]
24 May 12:58    INFO  valid result: 
recall@10 : 0.061    recall@50 : 0.1419    ndcg@10 : 0.0314    ndcg@50 : 0.0489
24 May 12:59    INFO  epoch 78 training [time: 36.02s, train loss: 1071.5806]
24 May 12:59    INFO  epoch 78 evaluating [time: 2.00s, valid_score: 0.031500]
24 May 12:59    INFO  valid result: 
recall@10 : 0.0614    recall@50 : 0.1426    ndcg@10 : 0.0315    ndcg@50 : 0.0491
24 May 12:59    INFO  Saving current: saved/UniSRec-May-24-2026_12-09-24.pth
24 May 12:59    INFO  epoch 79 training [time: 35.88s, train loss: 1071.0887]
24 May 12:59    INFO  epoch 79 evaluating [time: 2.07s, valid_score: 0.031500]
24 May 12:59    INFO  valid result: 
recall@10 : 0.0609    recall@50 : 0.1427    ndcg@10 : 0.0315    ndcg@50 : 0.0492
24 May 12:59    INFO  Saving current: saved/UniSRec-May-24-2026_12-09-24.pth
24 May 13:00    INFO  epoch 80 training [time: 36.10s, train loss: 1070.6813]
24 May 13:00    INFO  epoch 80 evaluating [time: 1.98s, valid_score: 0.031700]
24 May 13:00    INFO  valid result: 
recall@10 : 0.0613    recall@50 : 0.1426    ndcg@10 : 0.0317    ndcg@50 : 0.0493
24 May 13:00    INFO  Saving current: saved/UniSRec-May-24-2026_12-09-24.pth
24 May 13:01    INFO  epoch 81 training [time: 36.23s, train loss: 1070.2057]
24 May 13:01    INFO  epoch 81 evaluating [time: 2.03s, valid_score: 0.031600]
24 May 13:01    INFO  valid result: 
recall@10 : 0.0612    recall@50 : 0.1425    ndcg@10 : 0.0316    ndcg@50 : 0.0493
24 May 13:01    INFO  epoch 82 training [time: 36.15s, train loss: 1069.8294]
24 May 13:01    INFO  epoch 82 evaluating [time: 1.96s, valid_score: 0.031800]
24 May 13:01    INFO  valid result: 
recall@10 : 0.0614    recall@50 : 0.1422    ndcg@10 : 0.0318    ndcg@50 : 0.0493
24 May 13:01    INFO  Saving current: saved/UniSRec-May-24-2026_12-09-24.pth
24 May 13:02    INFO  epoch 83 training [time: 36.02s, train loss: 1068.9947]
24 May 13:02    INFO  epoch 83 evaluating [time: 1.93s, valid_score: 0.031600]
24 May 13:02    INFO  valid result: 
recall@10 : 0.0615    recall@50 : 0.1433    ndcg@10 : 0.0316    ndcg@50 : 0.0494
24 May 13:02    INFO  epoch 84 training [time: 35.92s, train loss: 1068.5760]
24 May 13:02    INFO  epoch 84 evaluating [time: 1.99s, valid_score: 0.031700]
24 May 13:02    INFO  valid result: 
recall@10 : 0.0611    recall@50 : 0.1426    ndcg@10 : 0.0317    ndcg@50 : 0.0494
24 May 13:03    INFO  epoch 85 training [time: 35.94s, train loss: 1067.9424]
24 May 13:03    INFO  epoch 85 evaluating [time: 2.06s, valid_score: 0.031800]
24 May 13:03    INFO  valid result: 
recall@10 : 0.0618    recall@50 : 0.1441    ndcg@10 : 0.0318    ndcg@50 : 0.0496
24 May 13:03    INFO  Saving current: saved/UniSRec-May-24-2026_12-09-24.pth
24 May 13:04    INFO  epoch 86 training [time: 35.83s, train loss: 1067.7942]
24 May 13:04    INFO  epoch 86 evaluating [time: 1.96s, valid_score: 0.031600]
24 May 13:04    INFO  valid result: 
recall@10 : 0.0618    recall@50 : 0.1428    ndcg@10 : 0.0316    ndcg@50 : 0.0492
24 May 13:04    INFO  epoch 87 training [time: 35.83s, train loss: 1066.9857]
24 May 13:04    INFO  epoch 87 evaluating [time: 1.95s, valid_score: 0.032000]
24 May 13:04    INFO  valid result: 
recall@10 : 0.0621    recall@50 : 0.1429    ndcg@10 : 0.032    ndcg@50 : 0.0495
24 May 13:04    INFO  Saving current: saved/UniSRec-May-24-2026_12-09-24.pth
24 May 13:05    INFO  epoch 88 training [time: 35.92s, train loss: 1066.5241]
24 May 13:05    INFO  epoch 88 evaluating [time: 2.06s, valid_score: 0.031700]
24 May 13:05    INFO  valid result: 
recall@10 : 0.0621    recall@50 : 0.1437    ndcg@10 : 0.0317    ndcg@50 : 0.0494
24 May 13:06    INFO  epoch 89 training [time: 36.02s, train loss: 1066.0409]
24 May 13:06    INFO  epoch 89 evaluating [time: 2.02s, valid_score: 0.031900]
24 May 13:06    INFO  valid result: 
recall@10 : 0.0617    recall@50 : 0.1428    ndcg@10 : 0.0319    ndcg@50 : 0.0495
24 May 13:06    INFO  epoch 90 training [time: 35.90s, train loss: 1065.2292]
24 May 13:06    INFO  epoch 90 evaluating [time: 1.99s, valid_score: 0.031600]
24 May 13:06    INFO  valid result: 
recall@10 : 0.0612    recall@50 : 0.1433    ndcg@10 : 0.0316    ndcg@50 : 0.0494
24 May 13:07    INFO  epoch 91 training [time: 35.79s, train loss: 1065.1523]
24 May 13:07    INFO  epoch 91 evaluating [time: 2.01s, valid_score: 0.031800]
24 May 13:07    INFO  valid result: 
recall@10 : 0.0616    recall@50 : 0.1429    ndcg@10 : 0.0318    ndcg@50 : 0.0494
24 May 13:08    INFO  epoch 92 training [time: 35.73s, train loss: 1064.3596]
24 May 13:08    INFO  epoch 92 evaluating [time: 2.26s, valid_score: 0.031700]
24 May 13:08    INFO  valid result: 
recall@10 : 0.0621    recall@50 : 0.1442    ndcg@10 : 0.0317    ndcg@50 : 0.0494
24 May 13:08    INFO  epoch 93 training [time: 35.94s, train loss: 1064.1359]
24 May 13:08    INFO  epoch 93 evaluating [time: 2.06s, valid_score: 0.032000]
24 May 13:08    INFO  valid result: 
recall@10 : 0.0622    recall@50 : 0.1435    ndcg@10 : 0.032    ndcg@50 : 0.0496
24 May 13:08    INFO  Saving current: saved/UniSRec-May-24-2026_12-09-24.pth
24 May 13:09    INFO  epoch 94 training [time: 35.91s, train loss: 1063.3084]
24 May 13:09    INFO  epoch 94 evaluating [time: 2.06s, valid_score: 0.032000]
24 May 13:09    INFO  valid result: 
recall@10 : 0.0619    recall@50 : 0.1435    ndcg@10 : 0.032    ndcg@50 : 0.0497
24 May 13:09    INFO  Saving current: saved/UniSRec-May-24-2026_12-09-24.pth
24 May 13:09    INFO  epoch 95 training [time: 35.90s, train loss: 1062.8413]
24 May 13:09    INFO  epoch 95 evaluating [time: 1.99s, valid_score: 0.031700]
24 May 13:09    INFO  valid result: 
recall@10 : 0.0618    recall@50 : 0.1432    ndcg@10 : 0.0317    ndcg@50 : 0.0494
24 May 13:10    INFO  epoch 96 training [time: 35.80s, train loss: 1062.5678]
24 May 13:10    INFO  epoch 96 evaluating [time: 1.98s, valid_score: 0.031800]
24 May 13:10    INFO  valid result: 
recall@10 : 0.0614    recall@50 : 0.1435    ndcg@10 : 0.0318    ndcg@50 : 0.0497
24 May 13:11    INFO  epoch 97 training [time: 35.90s, train loss: 1062.2069]
24 May 13:11    INFO  epoch 97 evaluating [time: 2.01s, valid_score: 0.031900]
24 May 13:11    INFO  valid result: 
recall@10 : 0.0618    recall@50 : 0.1434    ndcg@10 : 0.0319    ndcg@50 : 0.0496
24 May 13:11    INFO  epoch 98 training [time: 36.01s, train loss: 1061.5406]
24 May 13:11    INFO  epoch 98 evaluating [time: 2.09s, valid_score: 0.032100]
24 May 13:11    INFO  valid result: 
recall@10 : 0.0624    recall@50 : 0.143    ndcg@10 : 0.0321    ndcg@50 : 0.0496
24 May 13:11    INFO  Saving current: saved/UniSRec-May-24-2026_12-09-24.pth
24 May 13:12    INFO  epoch 99 training [time: 36.11s, train loss: 1060.8321]
24 May 13:12    INFO  epoch 99 evaluating [time: 2.10s, valid_score: 0.031800]
24 May 13:12    INFO  valid result: 
recall@10 : 0.0615    recall@50 : 0.1435    ndcg@10 : 0.0318    ndcg@50 : 0.0496
24 May 13:13    INFO  epoch 100 training [time: 36.22s, train loss: 1060.2603]
24 May 13:13    INFO  epoch 100 evaluating [time: 2.06s, valid_score: 0.031900]
24 May 13:13    INFO  valid result: 
recall@10 : 0.0618    recall@50 : 0.1437    ndcg@10 : 0.0319    ndcg@50 : 0.0496
24 May 13:13    INFO  epoch 101 training [time: 35.91s, train loss: 1060.2004]
24 May 13:13    INFO  epoch 101 evaluating [time: 2.09s, valid_score: 0.031900]
24 May 13:13    INFO  valid result: 
recall@10 : 0.0621    recall@50 : 0.1443    ndcg@10 : 0.0319    ndcg@50 : 0.0497
24 May 13:14    INFO  epoch 102 training [time: 36.20s, train loss: 1059.7260]
24 May 13:14    INFO  epoch 102 evaluating [time: 2.09s, valid_score: 0.031800]
24 May 13:14    INFO  valid result: 
recall@10 : 0.0617    recall@50 : 0.1434    ndcg@10 : 0.0318    ndcg@50 : 0.0495
24 May 13:15    INFO  epoch 103 training [time: 36.06s, train loss: 1059.1702]
24 May 13:15    INFO  epoch 103 evaluating [time: 2.06s, valid_score: 0.031700]
24 May 13:15    INFO  valid result: 
recall@10 : 0.0617    recall@50 : 0.1438    ndcg@10 : 0.0317    ndcg@50 : 0.0495
24 May 13:15    INFO  epoch 104 training [time: 36.10s, train loss: 1058.5214]
24 May 13:15    INFO  epoch 104 evaluating [time: 2.01s, valid_score: 0.031700]
24 May 13:15    INFO  valid result: 
recall@10 : 0.0617    recall@50 : 0.1439    ndcg@10 : 0.0317    ndcg@50 : 0.0495
24 May 13:16    INFO  epoch 105 training [time: 36.03s, train loss: 1058.2423]
24 May 13:16    INFO  epoch 105 evaluating [time: 1.95s, valid_score: 0.031900]
24 May 13:16    INFO  valid result: 
recall@10 : 0.0619    recall@50 : 0.1436    ndcg@10 : 0.0319    ndcg@50 : 0.0496
24 May 13:16    INFO  epoch 106 training [time: 36.13s, train loss: 1058.0922]
24 May 13:16    INFO  epoch 106 evaluating [time: 2.06s, valid_score: 0.032000]
24 May 13:16    INFO  valid result: 
recall@10 : 0.062    recall@50 : 0.1442    ndcg@10 : 0.032    ndcg@50 : 0.0498
24 May 13:17    INFO  epoch 107 training [time: 35.95s, train loss: 1057.3889]
24 May 13:17    INFO  epoch 107 evaluating [time: 1.96s, valid_score: 0.032200]
24 May 13:17    INFO  valid result: 
recall@10 : 0.0623    recall@50 : 0.1435    ndcg@10 : 0.0322    ndcg@50 : 0.0498
24 May 13:17    INFO  Saving current: saved/UniSRec-May-24-2026_12-09-24.pth
24 May 13:18    INFO  epoch 108 training [time: 35.96s, train loss: 1056.8014]
24 May 13:18    INFO  epoch 108 evaluating [time: 2.08s, valid_score: 0.031800]
24 May 13:18    INFO  valid result: 
recall@10 : 0.0619    recall@50 : 0.1434    ndcg@10 : 0.0318    ndcg@50 : 0.0495
24 May 13:18    INFO  epoch 109 training [time: 36.07s, train loss: 1056.2881]
24 May 13:18    INFO  epoch 109 evaluating [time: 1.95s, valid_score: 0.031700]
24 May 13:18    INFO  valid result: 
recall@10 : 0.0616    recall@50 : 0.1438    ndcg@10 : 0.0317    ndcg@50 : 0.0496
24 May 13:19    INFO  epoch 110 training [time: 35.90s, train loss: 1056.1517]
24 May 13:19    INFO  epoch 110 evaluating [time: 2.03s, valid_score: 0.031800]
24 May 13:19    INFO  valid result: 
recall@10 : 0.0618    recall@50 : 0.1447    ndcg@10 : 0.0318    ndcg@50 : 0.0498
24 May 13:20    INFO  epoch 111 training [time: 35.93s, train loss: 1055.4185]
24 May 13:20    INFO  epoch 111 evaluating [time: 2.06s, valid_score: 0.032300]
24 May 13:20    INFO  valid result: 
recall@10 : 0.0624    recall@50 : 0.1432    ndcg@10 : 0.0323    ndcg@50 : 0.0498
24 May 13:20    INFO  Saving current: saved/UniSRec-May-24-2026_12-09-24.pth
24 May 13:20    INFO  epoch 112 training [time: 36.04s, train loss: 1054.9533]
24 May 13:20    INFO  epoch 112 evaluating [time: 2.00s, valid_score: 0.032200]
24 May 13:20    INFO  valid result: 
recall@10 : 0.0623    recall@50 : 0.1444    ndcg@10 : 0.0322    ndcg@50 : 0.05
24 May 13:21    INFO  epoch 113 training [time: 35.49s, train loss: 1054.7515]
24 May 13:21    INFO  epoch 113 evaluating [time: 2.04s, valid_score: 0.032300]
24 May 13:21    INFO  valid result: 
recall@10 : 0.0622    recall@50 : 0.1442    ndcg@10 : 0.0323    ndcg@50 : 0.0501
24 May 13:21    INFO  Saving current: saved/UniSRec-May-24-2026_12-09-24.pth
24 May 13:21    INFO  epoch 114 training [time: 35.66s, train loss: 1054.4048]
24 May 13:22    INFO  epoch 114 evaluating [time: 2.00s, valid_score: 0.032200]
24 May 13:22    INFO  valid result: 
recall@10 : 0.0627    recall@50 : 0.1445    ndcg@10 : 0.0322    ndcg@50 : 0.0499
24 May 13:22    INFO  epoch 115 training [time: 35.62s, train loss: 1053.8764]
24 May 13:22    INFO  epoch 115 evaluating [time: 2.00s, valid_score: 0.032400]
24 May 13:22    INFO  valid result: 
recall@10 : 0.0621    recall@50 : 0.1442    ndcg@10 : 0.0324    ndcg@50 : 0.0501
24 May 13:22    INFO  Saving current: saved/UniSRec-May-24-2026_12-09-24.pth
24 May 13:23    INFO  epoch 116 training [time: 35.90s, train loss: 1053.3813]
24 May 13:23    INFO  epoch 116 evaluating [time: 2.00s, valid_score: 0.031900]
24 May 13:23    INFO  valid result: 
recall@10 : 0.062    recall@50 : 0.1436    ndcg@10 : 0.0319    ndcg@50 : 0.0496
24 May 13:23    INFO  epoch 117 training [time: 35.60s, train loss: 1053.0410]
24 May 13:23    INFO  epoch 117 evaluating [time: 1.98s, valid_score: 0.031900]
24 May 13:23    INFO  valid result: 
recall@10 : 0.0622    recall@50 : 0.1432    ndcg@10 : 0.0319    ndcg@50 : 0.0495
24 May 13:24    INFO  epoch 118 training [time: 35.95s, train loss: 1052.4202]
24 May 13:24    INFO  epoch 118 evaluating [time: 1.96s, valid_score: 0.031800]
24 May 13:24    INFO  valid result: 
recall@10 : 0.0617    recall@50 : 0.1439    ndcg@10 : 0.0318    ndcg@50 : 0.0497
24 May 13:25    INFO  epoch 119 training [time: 35.91s, train loss: 1052.3118]
24 May 13:25    INFO  epoch 119 evaluating [time: 2.00s, valid_score: 0.032000]
24 May 13:25    INFO  valid result: 
recall@10 : 0.0622    recall@50 : 0.1447    ndcg@10 : 0.032    ndcg@50 : 0.0499
24 May 13:25    INFO  epoch 120 training [time: 35.83s, train loss: 1051.9362]
24 May 13:25    INFO  epoch 120 evaluating [time: 2.08s, valid_score: 0.031900]
24 May 13:25    INFO  valid result: 
recall@10 : 0.0621    recall@50 : 0.1441    ndcg@10 : 0.0319    ndcg@50 : 0.0497
24 May 13:26    INFO  epoch 121 training [time: 35.76s, train loss: 1051.2460]
24 May 13:26    INFO  epoch 121 evaluating [time: 2.02s, valid_score: 0.032000]
24 May 13:26    INFO  valid result: 
recall@10 : 0.0622    recall@50 : 0.1438    ndcg@10 : 0.032    ndcg@50 : 0.0497
24 May 13:27    INFO  epoch 122 training [time: 35.72s, train loss: 1050.7650]
24 May 13:27    INFO  epoch 122 evaluating [time: 1.96s, valid_score: 0.032000]
24 May 13:27    INFO  valid result: 
recall@10 : 0.062    recall@50 : 0.1442    ndcg@10 : 0.032    ndcg@50 : 0.0498
24 May 13:27    INFO  epoch 123 training [time: 35.93s, train loss: 1050.2609]
24 May 13:27    INFO  epoch 123 evaluating [time: 1.98s, valid_score: 0.032200]
24 May 13:27    INFO  valid result: 
recall@10 : 0.0626    recall@50 : 0.1444    ndcg@10 : 0.0322    ndcg@50 : 0.0499
24 May 13:28    INFO  epoch 124 training [time: 35.80s, train loss: 1049.9612]
24 May 13:28    INFO  epoch 124 evaluating [time: 2.02s, valid_score: 0.032000]
24 May 13:28    INFO  valid result: 
recall@10 : 0.0623    recall@50 : 0.1442    ndcg@10 : 0.032    ndcg@50 : 0.0498
24 May 13:28    INFO  epoch 125 training [time: 35.99s, train loss: 1049.3371]
24 May 13:28    INFO  epoch 125 evaluating [time: 2.07s, valid_score: 0.032100]
24 May 13:28    INFO  valid result: 
recall@10 : 0.0624    recall@50 : 0.1444    ndcg@10 : 0.0321    ndcg@50 : 0.0498
24 May 13:29    INFO  epoch 126 training [time: 35.87s, train loss: 1049.0761]
24 May 13:29    INFO  epoch 126 evaluating [time: 1.96s, valid_score: 0.032100]
24 May 13:29    INFO  valid result: 
recall@10 : 0.0624    recall@50 : 0.1438    ndcg@10 : 0.0321    ndcg@50 : 0.0497
24 May 13:30    INFO  epoch 127 training [time: 35.81s, train loss: 1048.6935]
24 May 13:30    INFO  epoch 127 evaluating [time: 2.08s, valid_score: 0.032200]
24 May 13:30    INFO  valid result: 
recall@10 : 0.0625    recall@50 : 0.144    ndcg@10 : 0.0322    ndcg@50 : 0.0498
24 May 13:30    INFO  epoch 128 training [time: 35.90s, train loss: 1048.6649]
24 May 13:30    INFO  epoch 128 evaluating [time: 2.07s, valid_score: 0.032200]
24 May 13:30    INFO  valid result: 
recall@10 : 0.0627    recall@50 : 0.1438    ndcg@10 : 0.0322    ndcg@50 : 0.0498
24 May 13:31    INFO  epoch 129 training [time: 36.00s, train loss: 1048.2554]
24 May 13:31    INFO  epoch 129 evaluating [time: 2.00s, valid_score: 0.032100]
24 May 13:31    INFO  valid result: 
recall@10 : 0.0621    recall@50 : 0.1447    ndcg@10 : 0.0321    ndcg@50 : 0.05
24 May 13:32    INFO  epoch 130 training [time: 35.84s, train loss: 1047.7298]
24 May 13:32    INFO  epoch 130 evaluating [time: 1.98s, valid_score: 0.031700]
24 May 13:32    INFO  valid result: 
recall@10 : 0.0621    recall@50 : 0.1427    ndcg@10 : 0.0317    ndcg@50 : 0.0492
24 May 13:32    INFO  epoch 131 training [time: 35.82s, train loss: 1047.3648]
24 May 13:32    INFO  epoch 131 evaluating [time: 2.06s, valid_score: 0.032300]
24 May 13:32    INFO  valid result: 
recall@10 : 0.0623    recall@50 : 0.1443    ndcg@10 : 0.0323    ndcg@50 : 0.05
24 May 13:33    INFO  epoch 132 training [time: 36.09s, train loss: 1047.0113]
24 May 13:33    INFO  epoch 132 evaluating [time: 1.99s, valid_score: 0.032000]
24 May 13:33    INFO  valid result: 
recall@10 : 0.0624    recall@50 : 0.1439    ndcg@10 : 0.032    ndcg@50 : 0.0497
24 May 13:33    INFO  epoch 133 training [time: 35.92s, train loss: 1046.6730]
24 May 13:34    INFO  epoch 133 evaluating [time: 2.02s, valid_score: 0.032000]
24 May 13:34    INFO  valid result: 
recall@10 : 0.0618    recall@50 : 0.1438    ndcg@10 : 0.032    ndcg@50 : 0.0498
24 May 13:34    INFO  epoch 134 training [time: 36.09s, train loss: 1046.1397]
24 May 13:34    INFO  epoch 134 evaluating [time: 2.17s, valid_score: 0.032000]
24 May 13:34    INFO  valid result: 
recall@10 : 0.0622    recall@50 : 0.1441    ndcg@10 : 0.032    ndcg@50 : 0.0498
24 May 13:35    INFO  epoch 135 training [time: 36.01s, train loss: 1046.1516]
24 May 13:35    INFO  epoch 135 evaluating [time: 2.00s, valid_score: 0.032000]
24 May 13:35    INFO  valid result: 
recall@10 : 0.0623    recall@50 : 0.1435    ndcg@10 : 0.032    ndcg@50 : 0.0496
24 May 13:35    INFO  epoch 136 training [time: 35.92s, train loss: 1045.4926]
24 May 13:35    INFO  epoch 136 evaluating [time: 2.00s, valid_score: 0.032000]
24 May 13:35    INFO  valid result: 
recall@10 : 0.0624    recall@50 : 0.1435    ndcg@10 : 0.032    ndcg@50 : 0.0496
24 May 13:35    INFO  Finished training, best eval result in epoch 115
24 May 13:35    INFO  Loading model structure and parameters from saved/UniSRec-May-24-2026_12-09-24.pth
24 May 13:35    INFO  best valid : OrderedDict([('recall@10', 0.0621), ('recall@50', 0.1442), ('ndcg@10', 0.0324), ('ndcg@50', 0.0501)])
24 May 13:35    INFO  test result: OrderedDict([('recall@10', 0.0531), ('recall@50', 0.1243), ('ndcg@10', 0.0267), ('ndcg@50', 0.0422)])
