{
  "tag": "industrial-rrf-u8-s1",
  "model": "RRF",
  "dataset": "Industrial_and_Scientific",
  "ranklists": [
    "ranklists/industrial-inductive-baseline-test.jsonl",
    "ranklists/industrial-sasrec-main-test.jsonl",
    "ranklists/industrial-gru4rec-main-test.jsonl",
    "ranklists/industrial-narm-main-test.jsonl"
  ],
  "weights": [
    8.0,
    1.0,
    0.0,
    0.0
  ],
  "rrf_k": 60.0,
  "topk": 200,
  "metrics": {
    "recall@10": 0.054525840933607926,
    "ndcg@10": 0.027378269984562508,
    "recall@50": 0.12654702363440226,
    "ndcg@50": 0.043047947947472444
  }
}
