command line args [-m UniSRec -d Industrial_and_Scientific --train_stage transductive_ft --learning_rate 0.00005 --epochs 150 --stopping_step 15 --show_progress false --tag industrial-transductive-lr5e5 --result_file results/experiment_results.jsonl] will not be used in RecBole
24 May 11:40    INFO  
General Hyper Parameters:
gpu_id = 0
use_gpu = True
seed = 2020
state = INFO
reproducibility = True
data_path = dataset/processed/Industrial_and_Scientific
checkpoint_dir = saved
show_progress = False
save_dataset = False
dataset_save_path = None
save_dataloaders = False
dataloaders_save_path = None
log_wandb = False

Training Hyper Parameters:
epochs = 150
train_batch_size = 2048
learner = adamw
learning_rate = 5e-05
train_neg_sample_args = {'distribution': 'none', 'sample_num': 'none', 'alpha': 'none', 'dynamic': False, 'candidate_num': 0}
eval_step = 1
stopping_step = 15
clip_grad_norm = None
weight_decay = 0.0
loss_decimal_place = 4

Evaluation Hyper Parameters:
eval_args = {'split': {'LS': 'valid_and_test'}, 'order': 'TO', 'group_by': 'user', 'mode': {'valid': 'full', 'test': 'full'}}
repeatable = True
metrics = ['Recall', 'NDCG']
topk = [10, 50]
valid_metric = NDCG@10
valid_metric_bigger = True
eval_batch_size = 2048
metric_decimal_place = 4

Dataset Hyper Parameters:
field_separator = 	
seq_separator =  
USER_ID_FIELD = user_id
ITEM_ID_FIELD = item_id
RATING_FIELD = rating
TIME_FIELD = timestamp
seq_len = None
LABEL_FIELD = label
threshold = None
NEG_PREFIX = neg_
load_col = {'inter': ['user_id', 'item_id_list', 'item_id']}
unload_col = None
unused_col = None
additional_feat_suffix = None
rm_dup_inter = None
val_interval = None
filter_inter_by_user_or_item = True
user_inter_num_interval = [0,inf)
item_inter_num_interval = [0,inf)
alias_of_user_id = None
alias_of_item_id = ['item_id_list']
alias_of_entity_id = None
alias_of_relation_id = None
preload_weight = None
normalize_field = None
normalize_all = None
ITEM_LIST_LENGTH_FIELD = item_length
LIST_SUFFIX = _list
MAX_ITEM_LIST_LENGTH = 50
POSITION_FIELD = position_id
HEAD_ENTITY_ID_FIELD = head_id
TAIL_ENTITY_ID_FIELD = tail_id
RELATION_ID_FIELD = relation_id
ENTITY_ID_FIELD = entity_id
benchmark_filename = ['train', 'valid', 'test']

Other Hyper Parameters: 
worker = 0
wandb_project = recbole
shuffle = True
require_pow = False
enable_amp = False
enable_scaler = False
transform = None
numerical_features = []
discretization = None
kg_reverse_r = False
entity_kg_num_interval = [0,inf)
relation_kg_num_interval = [0,inf)
MODEL_TYPE = ModelType.SEQUENTIAL
n_layers = 3
n_heads = 4
hidden_size = 300
inner_size = 512
hidden_dropout_prob = 0.3
attn_dropout_prob = 0.3
hidden_act = gelu
layer_norm_eps = 1e-12
initializer_range = 0.02
loss_type = CE
item_drop_ratio = 0.15
item_drop_coefficient = 0.95
lambda = 0.001
plm_suffix = blair-roberta-base.feature
train_stage = transductive_ft
plm_size = 768
adaptor_dropout_prob = 0.1
adaptor_layers = [768, 300]
temperature = 0.05
n_exps = 8
MODEL_INPUT_TYPE = InputType.POINTWISE
eval_type = EvaluatorType.RANKING
single_spec = True
local_rank = 0
device = cuda
valid_neg_sample_args = {'distribution': 'uniform', 'sample_num': 'none'}
test_neg_sample_args = {'distribution': 'uniform', 'sample_num': 'none'}


/root/miniconda3/lib/python3.10/site-packages/recbole/data/dataset/dataset.py:501: FutureWarning: A value is trying to be set on a copy of a DataFrame or Series through chained assignment using an inplace method.
The behavior will change in pandas 3.0. This inplace method will never work because the intermediate object on which we are setting values always behaves as a copy.

For example, when doing 'df[col].method(value, inplace=True)', try using 'df.method({col: value}, inplace=True)' or df[col] = df[col].method(value) instead, to perform the operation inplace on the original object.


  df[field].fillna(value="", inplace=True)
/root/miniconda3/lib/python3.10/site-packages/recbole/data/dataset/dataset.py:501: FutureWarning: A value is trying to be set on a copy of a DataFrame or Series through chained assignment using an inplace method.
The behavior will change in pandas 3.0. This inplace method will never work because the intermediate object on which we are setting values always behaves as a copy.

For example, when doing 'df[col].method(value, inplace=True)', try using 'df.method({col: value}, inplace=True)' or df[col] = df[col].method(value) instead, to perform the operation inplace on the original object.


  df[field].fillna(value="", inplace=True)
/root/miniconda3/lib/python3.10/site-packages/recbole/data/dataset/dataset.py:501: FutureWarning: A value is trying to be set on a copy of a DataFrame or Series through chained assignment using an inplace method.
The behavior will change in pandas 3.0. This inplace method will never work because the intermediate object on which we are setting values always behaves as a copy.

For example, when doing 'df[col].method(value, inplace=True)', try using 'df.method({col: value}, inplace=True)' or df[col] = df[col].method(value) instead, to perform the operation inplace on the original object.


  df[field].fillna(value="", inplace=True)
/root/miniconda3/lib/python3.10/site-packages/recbole/data/dataset/dataset.py:1217: FutureWarning: using <built-in function len> in Series.agg cannot aggregate and has been deprecated. Use Series.transform to keep behavior unchanged.
  split_point = np.cumsum(feat[field].agg(len))[:-1]
/root/miniconda3/lib/python3.10/site-packages/recbole/data/dataset/dataset.py:648: FutureWarning: A value is trying to be set on a copy of a DataFrame or Series through chained assignment using an inplace method.
The behavior will change in pandas 3.0. This inplace method will never work because the intermediate object on which we are setting values always behaves as a copy.

For example, when doing 'df[col].method(value, inplace=True)', try using 'df.method({col: value}, inplace=True)' or df[col] = df[col].method(value) instead, to perform the operation inplace on the original object.


  feat[field].fillna(value=0, inplace=True)
/root/miniconda3/lib/python3.10/site-packages/recbole/data/dataset/sequential_dataset.py:165: FutureWarning: using <built-in function len> in Series.agg cannot aggregate and has been deprecated. Use Series.transform to keep behavior unchanged.
  ].agg(len)
24 May 11:40    INFO  Industrial_and_Scientific
The number of users: 50986
Average actions of users: 7.099382171226831
The number of items: 25849
Average actions of items: 14.00510737086477
The number of inters: 361962
The sparsity of the dataset: 99.9725357153877%
Remain Fields: ['user_id', 'item_id_list', 'item_id', 'item_length']
24 May 11:41    INFO  [Training]: train_batch_size = [2048] train_neg_sample_args: [{'distribution': 'none', 'sample_num': 'none', 'alpha': 'none', 'dynamic': False, 'candidate_num': 0}]
24 May 11:41    INFO  [Evaluation]: eval_batch_size = [2048] eval_args: [{'split': {'LS': 'valid_and_test'}, 'order': 'TO', 'group_by': 'user', 'mode': {'valid': 'full', 'test': 'full'}}]
24 May 11:41    INFO  UniSRec(
  (item_embedding): Embedding(25849, 300, padding_idx=0)
  (position_embedding): Embedding(50, 300)
  (trm_encoder): TransformerEncoder(
    (layer): ModuleList(
      (0-2): 3 x TransformerLayer(
        (multi_head_attention): MultiHeadAttention(
          (query): Linear(in_features=300, out_features=300, bias=True)
          (key): Linear(in_features=300, out_features=300, bias=True)
          (value): Linear(in_features=300, out_features=300, bias=True)
          (softmax): Softmax(dim=-1)
          (attn_dropout): Dropout(p=0.3, inplace=False)
          (dense): Linear(in_features=300, out_features=300, bias=True)
          (LayerNorm): LayerNorm((300,), eps=1e-12, elementwise_affine=True)
          (out_dropout): Dropout(p=0.3, inplace=False)
        )
        (feed_forward): FeedForward(
          (dense_1): Linear(in_features=300, out_features=512, bias=True)
          (dense_2): Linear(in_features=512, out_features=300, bias=True)
          (LayerNorm): LayerNorm((300,), eps=1e-12, elementwise_affine=True)
          (dropout): Dropout(p=0.3, inplace=False)
        )
      )
    )
  )
  (LayerNorm): LayerNorm((300,), eps=1e-12, elementwise_affine=True)
  (dropout): Dropout(p=0.3, inplace=False)
  (loss_fct): CrossEntropyLoss()
  (plm_embedding): Embedding(25849, 768, padding_idx=0)
  (moe_adaptor): MoEAdaptorLayer(
    (experts): ModuleList(
      (0-7): 8 x PWLayer(
        (dropout): Dropout(p=0.1, inplace=False)
        (lin): Linear(in_features=768, out_features=300, bias=False)
      )
    )
  )
)
Trainable parameters: 11643168
24 May 11:41    INFO  epoch 0 training [time: 36.09s, train loss: 1243.0369]
24 May 11:41    INFO  epoch 0 evaluating [time: 2.03s, valid_score: 0.012500]
24 May 11:41    INFO  valid result: 
recall@10 : 0.0247    recall@50 : 0.0683    ndcg@10 : 0.0125    ndcg@50 : 0.0219
24 May 11:41    INFO  Saving current: saved/UniSRec-May-24-2026_11-41-02.pth
24 May 11:42    INFO  epoch 1 training [time: 35.76s, train loss: 1183.6445]
24 May 11:42    INFO  epoch 1 evaluating [time: 2.16s, valid_score: 0.019500]
24 May 11:42    INFO  valid result: 
recall@10 : 0.0387    recall@50 : 0.0973    ndcg@10 : 0.0195    ndcg@50 : 0.0322
24 May 11:42    INFO  Saving current: saved/UniSRec-May-24-2026_11-41-02.pth
24 May 11:42    INFO  epoch 2 training [time: 36.04s, train loss: 1149.2204]
24 May 11:42    INFO  epoch 2 evaluating [time: 2.30s, valid_score: 0.021500]
24 May 11:42    INFO  valid result: 
recall@10 : 0.0412    recall@50 : 0.108    ndcg@10 : 0.0215    ndcg@50 : 0.036
24 May 11:42    INFO  Saving current: saved/UniSRec-May-24-2026_11-41-02.pth
24 May 11:43    INFO  epoch 3 training [time: 36.00s, train loss: 1130.9431]
24 May 11:43    INFO  epoch 3 evaluating [time: 1.97s, valid_score: 0.023000]
24 May 11:43    INFO  valid result: 
recall@10 : 0.0443    recall@50 : 0.1154    ndcg@10 : 0.023    ndcg@50 : 0.0384
24 May 11:43    INFO  Saving current: saved/UniSRec-May-24-2026_11-41-02.pth
24 May 11:44    INFO  epoch 4 training [time: 36.06s, train loss: 1120.3207]
24 May 11:44    INFO  epoch 4 evaluating [time: 2.06s, valid_score: 0.024800]
24 May 11:44    INFO  valid result: 
recall@10 : 0.0481    recall@50 : 0.1207    ndcg@10 : 0.0248    ndcg@50 : 0.0405
24 May 11:44    INFO  Saving current: saved/UniSRec-May-24-2026_11-41-02.pth
24 May 11:44    INFO  epoch 5 training [time: 36.39s, train loss: 1111.3841]
24 May 11:44    INFO  epoch 5 evaluating [time: 2.06s, valid_score: 0.025900]
24 May 11:44    INFO  valid result: 
recall@10 : 0.05    recall@50 : 0.1254    ndcg@10 : 0.0259    ndcg@50 : 0.0422
24 May 11:44    INFO  Saving current: saved/UniSRec-May-24-2026_11-41-02.pth
24 May 11:45    INFO  epoch 6 training [time: 36.32s, train loss: 1102.7146]
24 May 11:45    INFO  epoch 6 evaluating [time: 2.07s, valid_score: 0.026900]
24 May 11:45    INFO  valid result: 
recall@10 : 0.0523    recall@50 : 0.1286    ndcg@10 : 0.0269    ndcg@50 : 0.0434
24 May 11:45    INFO  Saving current: saved/UniSRec-May-24-2026_11-41-02.pth
24 May 11:46    INFO  epoch 7 training [time: 35.55s, train loss: 1095.1337]
24 May 11:46    INFO  epoch 7 evaluating [time: 2.12s, valid_score: 0.026800]
24 May 11:46    INFO  valid result: 
recall@10 : 0.0523    recall@50 : 0.1304    ndcg@10 : 0.0268    ndcg@50 : 0.0438
24 May 11:46    INFO  epoch 8 training [time: 36.06s, train loss: 1088.1398]
24 May 11:46    INFO  epoch 8 evaluating [time: 2.02s, valid_score: 0.027900]
24 May 11:46    INFO  valid result: 
recall@10 : 0.0549    recall@50 : 0.1338    ndcg@10 : 0.0279    ndcg@50 : 0.0451
24 May 11:46    INFO  Saving current: saved/UniSRec-May-24-2026_11-41-02.pth
24 May 11:47    INFO  epoch 9 training [time: 36.23s, train loss: 1081.5209]
24 May 11:47    INFO  epoch 9 evaluating [time: 2.01s, valid_score: 0.028700]
24 May 11:47    INFO  valid result: 
recall@10 : 0.0571    recall@50 : 0.1363    ndcg@10 : 0.0287    ndcg@50 : 0.0459
24 May 11:47    INFO  Saving current: saved/UniSRec-May-24-2026_11-41-02.pth
24 May 11:48    INFO  epoch 10 training [time: 35.93s, train loss: 1075.5104]
24 May 11:48    INFO  epoch 10 evaluating [time: 1.97s, valid_score: 0.029000]
24 May 11:48    INFO  valid result: 
recall@10 : 0.0581    recall@50 : 0.1377    ndcg@10 : 0.029    ndcg@50 : 0.0463
24 May 11:48    INFO  Saving current: saved/UniSRec-May-24-2026_11-41-02.pth
24 May 11:48    INFO  epoch 11 training [time: 35.59s, train loss: 1069.8563]
24 May 11:48    INFO  epoch 11 evaluating [time: 2.11s, valid_score: 0.029500]
24 May 11:48    INFO  valid result: 
recall@10 : 0.0593    recall@50 : 0.1404    ndcg@10 : 0.0295    ndcg@50 : 0.0471
24 May 11:48    INFO  Saving current: saved/UniSRec-May-24-2026_11-41-02.pth
24 May 11:49    INFO  epoch 12 training [time: 36.24s, train loss: 1064.1349]
24 May 11:49    INFO  epoch 12 evaluating [time: 2.10s, valid_score: 0.029900]
24 May 11:49    INFO  valid result: 
recall@10 : 0.0609    recall@50 : 0.1426    ndcg@10 : 0.0299    ndcg@50 : 0.0476
24 May 11:49    INFO  Saving current: saved/UniSRec-May-24-2026_11-41-02.pth
24 May 11:49    INFO  epoch 13 training [time: 35.83s, train loss: 1059.1672]
24 May 11:50    INFO  epoch 13 evaluating [time: 2.06s, valid_score: 0.030200]
24 May 11:50    INFO  valid result: 
recall@10 : 0.0614    recall@50 : 0.1441    ndcg@10 : 0.0302    ndcg@50 : 0.0481
24 May 11:50    INFO  Saving current: saved/UniSRec-May-24-2026_11-41-02.pth
24 May 11:50    INFO  epoch 14 training [time: 35.82s, train loss: 1054.2519]
24 May 11:50    INFO  epoch 14 evaluating [time: 2.04s, valid_score: 0.030100]
24 May 11:50    INFO  valid result: 
recall@10 : 0.0616    recall@50 : 0.1441    ndcg@10 : 0.0301    ndcg@50 : 0.048
24 May 11:51    INFO  epoch 15 training [time: 35.94s, train loss: 1049.0801]
24 May 11:51    INFO  epoch 15 evaluating [time: 1.96s, valid_score: 0.030500]
24 May 11:51    INFO  valid result: 
recall@10 : 0.0627    recall@50 : 0.1455    ndcg@10 : 0.0305    ndcg@50 : 0.0485
24 May 11:51    INFO  Saving current: saved/UniSRec-May-24-2026_11-41-02.pth
24 May 11:51    INFO  epoch 16 training [time: 35.57s, train loss: 1044.0532]
24 May 11:51    INFO  epoch 16 evaluating [time: 2.01s, valid_score: 0.030400]
24 May 11:51    INFO  valid result: 
recall@10 : 0.0634    recall@50 : 0.1465    ndcg@10 : 0.0304    ndcg@50 : 0.0484
24 May 11:52    INFO  epoch 17 training [time: 35.98s, train loss: 1039.0674]
24 May 11:52    INFO  epoch 17 evaluating [time: 2.14s, valid_score: 0.030300]
24 May 11:52    INFO  valid result: 
recall@10 : 0.0636    recall@50 : 0.148    ndcg@10 : 0.0303    ndcg@50 : 0.0486
24 May 11:53    INFO  epoch 18 training [time: 36.06s, train loss: 1034.6625]
24 May 11:53    INFO  epoch 18 evaluating [time: 2.02s, valid_score: 0.030300]
24 May 11:53    INFO  valid result: 
recall@10 : 0.0637    recall@50 : 0.1471    ndcg@10 : 0.0303    ndcg@50 : 0.0485
24 May 11:53    INFO  epoch 19 training [time: 35.98s, train loss: 1029.6980]
24 May 11:53    INFO  epoch 19 evaluating [time: 2.10s, valid_score: 0.030500]
24 May 11:53    INFO  valid result: 
recall@10 : 0.0643    recall@50 : 0.1493    ndcg@10 : 0.0305    ndcg@50 : 0.049
24 May 11:53    INFO  Saving current: saved/UniSRec-May-24-2026_11-41-02.pth
24 May 11:54    INFO  epoch 20 training [time: 35.60s, train loss: 1025.3049]
24 May 11:54    INFO  epoch 20 evaluating [time: 2.04s, valid_score: 0.030500]
24 May 11:54    INFO  valid result: 
recall@10 : 0.0651    recall@50 : 0.1482    ndcg@10 : 0.0305    ndcg@50 : 0.0485
24 May 11:54    INFO  Saving current: saved/UniSRec-May-24-2026_11-41-02.pth
24 May 11:55    INFO  epoch 21 training [time: 35.88s, train loss: 1020.5352]
24 May 11:55    INFO  epoch 21 evaluating [time: 2.21s, valid_score: 0.030500]
24 May 11:55    INFO  valid result: 
recall@10 : 0.0651    recall@50 : 0.1495    ndcg@10 : 0.0305    ndcg@50 : 0.0489
24 May 11:55    INFO  Saving current: saved/UniSRec-May-24-2026_11-41-02.pth
24 May 11:55    INFO  epoch 22 training [time: 35.82s, train loss: 1016.4827]
24 May 11:55    INFO  epoch 22 evaluating [time: 2.01s, valid_score: 0.030600]
24 May 11:55    INFO  valid result: 
recall@10 : 0.0657    recall@50 : 0.1496    ndcg@10 : 0.0306    ndcg@50 : 0.0488
24 May 11:55    INFO  Saving current: saved/UniSRec-May-24-2026_11-41-02.pth
24 May 11:56    INFO  epoch 23 training [time: 35.56s, train loss: 1011.7869]
24 May 11:56    INFO  epoch 23 evaluating [time: 2.00s, valid_score: 0.030500]
24 May 11:56    INFO  valid result: 
recall@10 : 0.0661    recall@50 : 0.149    ndcg@10 : 0.0305    ndcg@50 : 0.0485
24 May 11:56    INFO  epoch 24 training [time: 35.97s, train loss: 1007.8904]
24 May 11:57    INFO  epoch 24 evaluating [time: 2.05s, valid_score: 0.030200]
24 May 11:57    INFO  valid result: 
recall@10 : 0.0658    recall@50 : 0.1488    ndcg@10 : 0.0302    ndcg@50 : 0.0483
24 May 11:57    INFO  epoch 25 training [time: 35.83s, train loss: 1003.4983]
24 May 11:57    INFO  epoch 25 evaluating [time: 2.05s, valid_score: 0.030600]
24 May 11:57    INFO  valid result: 
recall@10 : 0.0663    recall@50 : 0.1496    ndcg@10 : 0.0306    ndcg@50 : 0.0486
24 May 11:57    INFO  Saving current: saved/UniSRec-May-24-2026_11-41-02.pth
24 May 11:58    INFO  epoch 26 training [time: 35.81s, train loss: 999.2228]
24 May 11:58    INFO  epoch 26 evaluating [time: 2.07s, valid_score: 0.030500]
24 May 11:58    INFO  valid result: 
recall@10 : 0.0669    recall@50 : 0.1483    ndcg@10 : 0.0305    ndcg@50 : 0.0481
24 May 11:58    INFO  epoch 27 training [time: 35.89s, train loss: 995.2395]
24 May 11:58    INFO  epoch 27 evaluating [time: 2.10s, valid_score: 0.030300]
24 May 11:58    INFO  valid result: 
recall@10 : 0.0663    recall@50 : 0.1503    ndcg@10 : 0.0303    ndcg@50 : 0.0485
24 May 11:59    INFO  epoch 28 training [time: 35.92s, train loss: 991.1128]
24 May 11:59    INFO  epoch 28 evaluating [time: 2.09s, valid_score: 0.030100]
24 May 11:59    INFO  valid result: 
recall@10 : 0.0663    recall@50 : 0.1493    ndcg@10 : 0.0301    ndcg@50 : 0.0481
24 May 12:00    INFO  epoch 29 training [time: 36.05s, train loss: 987.1668]
24 May 12:00    INFO  epoch 29 evaluating [time: 2.16s, valid_score: 0.030300]
24 May 12:00    INFO  valid result: 
recall@10 : 0.0665    recall@50 : 0.1495    ndcg@10 : 0.0303    ndcg@50 : 0.0482
24 May 12:00    INFO  epoch 30 training [time: 35.62s, train loss: 982.8899]
24 May 12:00    INFO  epoch 30 evaluating [time: 2.05s, valid_score: 0.030300]
24 May 12:00    INFO  valid result: 
recall@10 : 0.0668    recall@50 : 0.1498    ndcg@10 : 0.0303    ndcg@50 : 0.0482
24 May 12:01    INFO  epoch 31 training [time: 35.83s, train loss: 979.1647]
24 May 12:01    INFO  epoch 31 evaluating [time: 2.07s, valid_score: 0.030100]
24 May 12:01    INFO  valid result: 
recall@10 : 0.0665    recall@50 : 0.1487    ndcg@10 : 0.0301    ndcg@50 : 0.0479
24 May 12:02    INFO  epoch 32 training [time: 35.98s, train loss: 975.4345]
24 May 12:02    INFO  epoch 32 evaluating [time: 2.02s, valid_score: 0.030000]
24 May 12:02    INFO  valid result: 
recall@10 : 0.0662    recall@50 : 0.1491    ndcg@10 : 0.03    ndcg@50 : 0.0479
24 May 12:02    INFO  epoch 33 training [time: 36.00s, train loss: 971.5736]
24 May 12:02    INFO  epoch 33 evaluating [time: 2.01s, valid_score: 0.030100]
24 May 12:02    INFO  valid result: 
recall@10 : 0.0666    recall@50 : 0.1495    ndcg@10 : 0.0301    ndcg@50 : 0.0481
24 May 12:03    INFO  epoch 34 training [time: 35.99s, train loss: 967.5052]
24 May 12:03    INFO  epoch 34 evaluating [time: 2.07s, valid_score: 0.029600]
24 May 12:03    INFO  valid result: 
recall@10 : 0.0662    recall@50 : 0.149    ndcg@10 : 0.0296    ndcg@50 : 0.0476
24 May 12:03    INFO  epoch 35 training [time: 36.03s, train loss: 963.7209]
24 May 12:03    INFO  epoch 35 evaluating [time: 2.18s, valid_score: 0.029900]
24 May 12:03    INFO  valid result: 
recall@10 : 0.0666    recall@50 : 0.1494    ndcg@10 : 0.0299    ndcg@50 : 0.0478
24 May 12:04    INFO  epoch 36 training [time: 35.82s, train loss: 959.9786]
24 May 12:04    INFO  epoch 36 evaluating [time: 2.08s, valid_score: 0.029700]
24 May 12:04    INFO  valid result: 
recall@10 : 0.0663    recall@50 : 0.1476    ndcg@10 : 0.0297    ndcg@50 : 0.0474
24 May 12:05    INFO  epoch 37 training [time: 36.00s, train loss: 956.2516]
24 May 12:05    INFO  epoch 37 evaluating [time: 2.11s, valid_score: 0.029600]
24 May 12:05    INFO  valid result: 
recall@10 : 0.0661    recall@50 : 0.1488    ndcg@10 : 0.0296    ndcg@50 : 0.0475
24 May 12:05    INFO  epoch 38 training [time: 36.07s, train loss: 952.0933]
24 May 12:05    INFO  epoch 38 evaluating [time: 2.12s, valid_score: 0.029500]
24 May 12:05    INFO  valid result: 
recall@10 : 0.0661    recall@50 : 0.1493    ndcg@10 : 0.0295    ndcg@50 : 0.0476
24 May 12:06    INFO  epoch 39 training [time: 35.62s, train loss: 948.4369]
24 May 12:06    INFO  epoch 39 evaluating [time: 2.06s, valid_score: 0.029300]
24 May 12:06    INFO  valid result: 
recall@10 : 0.0654    recall@50 : 0.148    ndcg@10 : 0.0293    ndcg@50 : 0.0472
24 May 12:07    INFO  epoch 40 training [time: 35.88s, train loss: 945.1063]
24 May 12:07    INFO  epoch 40 evaluating [time: 2.12s, valid_score: 0.029200]
24 May 12:07    INFO  valid result: 
recall@10 : 0.0655    recall@50 : 0.1475    ndcg@10 : 0.0292    ndcg@50 : 0.047
24 May 12:07    INFO  epoch 41 training [time: 35.91s, train loss: 941.3109]
24 May 12:07    INFO  epoch 41 evaluating [time: 2.09s, valid_score: 0.029100]
24 May 12:07    INFO  valid result: 
recall@10 : 0.0651    recall@50 : 0.1462    ndcg@10 : 0.0291    ndcg@50 : 0.0467
24 May 12:07    INFO  Finished training, best eval result in epoch 25
24 May 12:07    INFO  Loading model structure and parameters from saved/UniSRec-May-24-2026_11-41-02.pth
24 May 12:07    INFO  best valid : OrderedDict([('recall@10', 0.0663), ('recall@50', 0.1496), ('ndcg@10', 0.0306), ('ndcg@50', 0.0486)])
24 May 12:07    INFO  test result: OrderedDict([('recall@10', 0.0523), ('recall@50', 0.1279), ('ndcg@10', 0.0243), ('ndcg@50', 0.0407)])
