command line args [-m SASRec -d Industrial_and_Scientific --epochs 180 --stopping_step 15 --tag industrial-sasrec-main --result_file results/experiment_results.jsonl --checkpoint_dir checkpoints --show_progress false] will not be used in RecBole
24 May 14:56    INFO  
General Hyper Parameters:
gpu_id = 0
use_gpu = True
seed = 2020
state = INFO
reproducibility = True
data_path = dataset/processed/Industrial_and_Scientific
checkpoint_dir = checkpoints
show_progress = False
save_dataset = False
dataset_save_path = None
save_dataloaders = False
dataloaders_save_path = None
log_wandb = False

Training Hyper Parameters:
epochs = 180
train_batch_size = 2048
learner = adamw
learning_rate = 0.001
train_neg_sample_args = {'distribution': 'none', 'sample_num': 'none', 'alpha': 'none', 'dynamic': False, 'candidate_num': 0}
eval_step = 1
stopping_step = 15
clip_grad_norm = None
weight_decay = 0.0
loss_decimal_place = 4

Evaluation Hyper Parameters:
eval_args = {'split': {'LS': 'valid_and_test'}, 'order': 'TO', 'group_by': 'user', 'mode': {'valid': 'full', 'test': 'full'}}
repeatable = True
metrics = ['Recall', 'NDCG']
topk = [10, 50]
valid_metric = NDCG@10
valid_metric_bigger = True
eval_batch_size = 2048
metric_decimal_place = 4

Dataset Hyper Parameters:
field_separator = 	
seq_separator =  
USER_ID_FIELD = user_id
ITEM_ID_FIELD = item_id
RATING_FIELD = rating
TIME_FIELD = timestamp
seq_len = None
LABEL_FIELD = label
threshold = None
NEG_PREFIX = neg_
load_col = {'inter': ['user_id', 'item_id_list', 'item_id']}
unload_col = None
unused_col = None
additional_feat_suffix = None
rm_dup_inter = None
val_interval = None
filter_inter_by_user_or_item = True
user_inter_num_interval = [0,inf)
item_inter_num_interval = [0,inf)
alias_of_user_id = None
alias_of_item_id = ['item_id_list']
alias_of_entity_id = None
alias_of_relation_id = None
preload_weight = None
normalize_field = None
normalize_all = None
ITEM_LIST_LENGTH_FIELD = item_length
LIST_SUFFIX = _list
MAX_ITEM_LIST_LENGTH = 50
POSITION_FIELD = position_id
HEAD_ENTITY_ID_FIELD = head_id
TAIL_ENTITY_ID_FIELD = tail_id
RELATION_ID_FIELD = relation_id
ENTITY_ID_FIELD = entity_id
benchmark_filename = ['train', 'valid', 'test']

Other Hyper Parameters: 
worker = 0
wandb_project = recbole
shuffle = True
require_pow = False
enable_amp = False
enable_scaler = False
transform = None
n_layers = 3
n_heads = 4
hidden_size = 300
inner_size = 512
hidden_dropout_prob = 0.3
attn_dropout_prob = 0.3
hidden_act = gelu
layer_norm_eps = 1e-12
initializer_range = 0.02
loss_type = CE
numerical_features = []
discretization = None
kg_reverse_r = False
entity_kg_num_interval = [0,inf)
relation_kg_num_interval = [0,inf)
MODEL_TYPE = ModelType.SEQUENTIAL
MODEL_INPUT_TYPE = InputType.POINTWISE
eval_type = EvaluatorType.RANKING
single_spec = True
local_rank = 0
device = cuda
valid_neg_sample_args = {'distribution': 'uniform', 'sample_num': 'none'}
test_neg_sample_args = {'distribution': 'uniform', 'sample_num': 'none'}


/root/miniconda3/lib/python3.10/site-packages/recbole/data/dataset/dataset.py:501: FutureWarning: A value is trying to be set on a copy of a DataFrame or Series through chained assignment using an inplace method.
The behavior will change in pandas 3.0. This inplace method will never work because the intermediate object on which we are setting values always behaves as a copy.

For example, when doing 'df[col].method(value, inplace=True)', try using 'df.method({col: value}, inplace=True)' or df[col] = df[col].method(value) instead, to perform the operation inplace on the original object.


  df[field].fillna(value="", inplace=True)
/root/miniconda3/lib/python3.10/site-packages/recbole/data/dataset/dataset.py:501: FutureWarning: A value is trying to be set on a copy of a DataFrame or Series through chained assignment using an inplace method.
The behavior will change in pandas 3.0. This inplace method will never work because the intermediate object on which we are setting values always behaves as a copy.

For example, when doing 'df[col].method(value, inplace=True)', try using 'df.method({col: value}, inplace=True)' or df[col] = df[col].method(value) instead, to perform the operation inplace on the original object.


  df[field].fillna(value="", inplace=True)
/root/miniconda3/lib/python3.10/site-packages/recbole/data/dataset/dataset.py:501: FutureWarning: A value is trying to be set on a copy of a DataFrame or Series through chained assignment using an inplace method.
The behavior will change in pandas 3.0. This inplace method will never work because the intermediate object on which we are setting values always behaves as a copy.

For example, when doing 'df[col].method(value, inplace=True)', try using 'df.method({col: value}, inplace=True)' or df[col] = df[col].method(value) instead, to perform the operation inplace on the original object.


  df[field].fillna(value="", inplace=True)
/root/miniconda3/lib/python3.10/site-packages/recbole/data/dataset/dataset.py:1217: FutureWarning: using <built-in function len> in Series.agg cannot aggregate and has been deprecated. Use Series.transform to keep behavior unchanged.
  split_point = np.cumsum(feat[field].agg(len))[:-1]
/root/miniconda3/lib/python3.10/site-packages/recbole/data/dataset/dataset.py:648: FutureWarning: A value is trying to be set on a copy of a DataFrame or Series through chained assignment using an inplace method.
The behavior will change in pandas 3.0. This inplace method will never work because the intermediate object on which we are setting values always behaves as a copy.

For example, when doing 'df[col].method(value, inplace=True)', try using 'df.method({col: value}, inplace=True)' or df[col] = df[col].method(value) instead, to perform the operation inplace on the original object.


  feat[field].fillna(value=0, inplace=True)
/root/miniconda3/lib/python3.10/site-packages/recbole/data/dataset/sequential_dataset.py:165: FutureWarning: using <built-in function len> in Series.agg cannot aggregate and has been deprecated. Use Series.transform to keep behavior unchanged.
  ].agg(len)
24 May 14:56    INFO  Industrial_and_Scientific
The number of users: 50986
Average actions of users: 7.099382171226831
The number of items: 25849
Average actions of items: 14.00510737086477
The number of inters: 361962
The sparsity of the dataset: 99.9725357153877%
Remain Fields: ['user_id', 'item_id_list', 'item_id', 'item_length']
24 May 14:56    INFO  [Training]: train_batch_size = [2048] train_neg_sample_args: [{'distribution': 'none', 'sample_num': 'none', 'alpha': 'none', 'dynamic': False, 'candidate_num': 0}]
24 May 14:56    INFO  [Evaluation]: eval_batch_size = [2048] eval_args: [{'split': {'LS': 'valid_and_test'}, 'order': 'TO', 'group_by': 'user', 'mode': {'valid': 'full', 'test': 'full'}}]
24 May 14:56    INFO  SASRec(
  (item_embedding): Embedding(25849, 300, padding_idx=0)
  (position_embedding): Embedding(50, 300)
  (trm_encoder): TransformerEncoder(
    (layer): ModuleList(
      (0-2): 3 x TransformerLayer(
        (multi_head_attention): MultiHeadAttention(
          (query): Linear(in_features=300, out_features=300, bias=True)
          (key): Linear(in_features=300, out_features=300, bias=True)
          (value): Linear(in_features=300, out_features=300, bias=True)
          (softmax): Softmax(dim=-1)
          (attn_dropout): Dropout(p=0.3, inplace=False)
          (dense): Linear(in_features=300, out_features=300, bias=True)
          (LayerNorm): LayerNorm((300,), eps=1e-12, elementwise_affine=True)
          (out_dropout): Dropout(p=0.3, inplace=False)
        )
        (feed_forward): FeedForward(
          (dense_1): Linear(in_features=300, out_features=512, bias=True)
          (dense_2): Linear(in_features=512, out_features=300, bias=True)
          (LayerNorm): LayerNorm((300,), eps=1e-12, elementwise_affine=True)
          (dropout): Dropout(p=0.3, inplace=False)
        )
      )
    )
  )
  (LayerNorm): LayerNorm((300,), eps=1e-12, elementwise_affine=True)
  (dropout): Dropout(p=0.3, inplace=False)
  (loss_fct): CrossEntropyLoss()
)
Trainable parameters: 9781536
24 May 14:56    INFO  epoch 0 training [time: 23.61s, train loss: 1236.7388]
24 May 14:56    INFO  epoch 0 evaluating [time: 1.96s, valid_score: 0.012100]
24 May 14:56    INFO  valid result: 
recall@10 : 0.0231    recall@50 : 0.062    ndcg@10 : 0.0121    ndcg@50 : 0.0204
24 May 14:56    INFO  Saving current: checkpoints/SASRec-May-24-2026_14-56-24.pth
24 May 14:57    INFO  epoch 1 training [time: 23.32s, train loss: 1147.2536]
24 May 14:57    INFO  epoch 1 evaluating [time: 1.87s, valid_score: 0.017600]
24 May 14:57    INFO  valid result: 
recall@10 : 0.0349    recall@50 : 0.0897    ndcg@10 : 0.0176    ndcg@50 : 0.0294
24 May 14:57    INFO  Saving current: checkpoints/SASRec-May-24-2026_14-56-24.pth
24 May 14:57    INFO  epoch 2 training [time: 23.30s, train loss: 1058.5669]
24 May 14:57    INFO  epoch 2 evaluating [time: 1.76s, valid_score: 0.022300]
24 May 14:57    INFO  valid result: 
recall@10 : 0.0469    recall@50 : 0.1108    ndcg@10 : 0.0223    ndcg@50 : 0.0361
24 May 14:57    INFO  Saving current: checkpoints/SASRec-May-24-2026_14-56-24.pth
24 May 14:58    INFO  epoch 3 training [time: 23.09s, train loss: 971.9530]
24 May 14:58    INFO  epoch 3 evaluating [time: 2.01s, valid_score: 0.023400]
24 May 14:58    INFO  valid result: 
recall@10 : 0.0513    recall@50 : 0.1173    ndcg@10 : 0.0234    ndcg@50 : 0.0377
24 May 14:58    INFO  Saving current: checkpoints/SASRec-May-24-2026_14-56-24.pth
24 May 14:58    INFO  epoch 4 training [time: 23.38s, train loss: 907.2375]
24 May 14:58    INFO  epoch 4 evaluating [time: 2.04s, valid_score: 0.022700]
24 May 14:58    INFO  valid result: 
recall@10 : 0.0494    recall@50 : 0.1123    ndcg@10 : 0.0227    ndcg@50 : 0.0362
24 May 14:58    INFO  epoch 5 training [time: 23.36s, train loss: 857.9667]
24 May 14:58    INFO  epoch 5 evaluating [time: 2.05s, valid_score: 0.021500]
24 May 14:58    INFO  valid result: 
recall@10 : 0.0462    recall@50 : 0.1076    ndcg@10 : 0.0215    ndcg@50 : 0.0348
24 May 14:59    INFO  epoch 6 training [time: 23.13s, train loss: 813.7418]
24 May 14:59    INFO  epoch 6 evaluating [time: 1.78s, valid_score: 0.020600]
24 May 14:59    INFO  valid result: 
recall@10 : 0.044    recall@50 : 0.1038    ndcg@10 : 0.0206    ndcg@50 : 0.0335
24 May 14:59    INFO  epoch 7 training [time: 23.23s, train loss: 773.0363]
24 May 14:59    INFO  epoch 7 evaluating [time: 1.76s, valid_score: 0.019200]
24 May 14:59    INFO  valid result: 
recall@10 : 0.0404    recall@50 : 0.0972    ndcg@10 : 0.0192    ndcg@50 : 0.0315
24 May 15:00    INFO  epoch 8 training [time: 23.22s, train loss: 734.4742]
24 May 15:00    INFO  epoch 8 evaluating [time: 1.92s, valid_score: 0.018600]
24 May 15:00    INFO  valid result: 
recall@10 : 0.0385    recall@50 : 0.0918    ndcg@10 : 0.0186    ndcg@50 : 0.0301
24 May 15:00    INFO  epoch 9 training [time: 23.28s, train loss: 697.7061]
24 May 15:00    INFO  epoch 9 evaluating [time: 1.81s, valid_score: 0.017800]
24 May 15:00    INFO  valid result: 
recall@10 : 0.0365    recall@50 : 0.0864    ndcg@10 : 0.0178    ndcg@50 : 0.0285
24 May 15:01    INFO  epoch 10 training [time: 23.39s, train loss: 663.2473]
24 May 15:01    INFO  epoch 10 evaluating [time: 1.89s, valid_score: 0.017100]
24 May 15:01    INFO  valid result: 
recall@10 : 0.0339    recall@50 : 0.0839    ndcg@10 : 0.0171    ndcg@50 : 0.0279
24 May 15:01    INFO  epoch 11 training [time: 23.08s, train loss: 631.6880]
24 May 15:01    INFO  epoch 11 evaluating [time: 1.80s, valid_score: 0.016300]
24 May 15:01    INFO  valid result: 
recall@10 : 0.0326    recall@50 : 0.0801    ndcg@10 : 0.0163    ndcg@50 : 0.0265
24 May 15:01    INFO  epoch 12 training [time: 23.42s, train loss: 602.7739]
24 May 15:01    INFO  epoch 12 evaluating [time: 1.71s, valid_score: 0.016100]
24 May 15:01    INFO  valid result: 
recall@10 : 0.0316    recall@50 : 0.0789    ndcg@10 : 0.0161    ndcg@50 : 0.0262
24 May 15:02    INFO  epoch 13 training [time: 23.19s, train loss: 576.8550]
24 May 15:02    INFO  epoch 13 evaluating [time: 1.80s, valid_score: 0.015900]
24 May 15:02    INFO  valid result: 
recall@10 : 0.0312    recall@50 : 0.0764    ndcg@10 : 0.0159    ndcg@50 : 0.0257
24 May 15:02    INFO  epoch 14 training [time: 23.20s, train loss: 553.7952]
24 May 15:02    INFO  epoch 14 evaluating [time: 1.85s, valid_score: 0.015800]
24 May 15:02    INFO  valid result: 
recall@10 : 0.0305    recall@50 : 0.0763    ndcg@10 : 0.0158    ndcg@50 : 0.0257
24 May 15:03    INFO  epoch 15 training [time: 23.14s, train loss: 532.5986]
24 May 15:03    INFO  epoch 15 evaluating [time: 1.92s, valid_score: 0.015500]
24 May 15:03    INFO  valid result: 
recall@10 : 0.0299    recall@50 : 0.0758    ndcg@10 : 0.0155    ndcg@50 : 0.0253
24 May 15:03    INFO  epoch 16 training [time: 23.39s, train loss: 512.7541]
24 May 15:03    INFO  epoch 16 evaluating [time: 1.76s, valid_score: 0.015400]
24 May 15:03    INFO  valid result: 
recall@10 : 0.0295    recall@50 : 0.0733    ndcg@10 : 0.0154    ndcg@50 : 0.0248
24 May 15:03    INFO  epoch 17 training [time: 23.04s, train loss: 495.9992]
24 May 15:03    INFO  epoch 17 evaluating [time: 1.77s, valid_score: 0.014500]
24 May 15:03    INFO  valid result: 
recall@10 : 0.0278    recall@50 : 0.0711    ndcg@10 : 0.0145    ndcg@50 : 0.0237
24 May 15:04    INFO  epoch 18 training [time: 23.22s, train loss: 480.5983]
24 May 15:04    INFO  epoch 18 evaluating [time: 1.97s, valid_score: 0.014200]
24 May 15:04    INFO  valid result: 
recall@10 : 0.027    recall@50 : 0.0697    ndcg@10 : 0.0142    ndcg@50 : 0.0233
24 May 15:04    INFO  epoch 19 training [time: 23.25s, train loss: 465.2715]
24 May 15:04    INFO  epoch 19 evaluating [time: 1.87s, valid_score: 0.014800]
24 May 15:04    INFO  valid result: 
recall@10 : 0.0283    recall@50 : 0.0726    ndcg@10 : 0.0148    ndcg@50 : 0.0243
24 May 15:04    INFO  Finished training, best eval result in epoch 3
24 May 15:04    INFO  Loading model structure and parameters from checkpoints/SASRec-May-24-2026_14-56-24.pth
24 May 15:04    INFO  best valid : OrderedDict([('recall@10', 0.0513), ('recall@50', 0.1173), ('ndcg@10', 0.0234), ('ndcg@50', 0.0377)])
24 May 15:04    INFO  test result: OrderedDict([('recall@10', 0.0393), ('recall@50', 0.099), ('ndcg@10', 0.0182), ('ndcg@50', 0.0311)])
