command line args [-m RichUniSRec -d Industrial_and_Scientific_Rich --train_stage transductive_ft --learning_rate 0.00005 --epochs 100 --stopping_step 10 --tag industrial-richunisrec-main --result_file results/experiment_results.jsonl --checkpoint_dir checkpoints --show_progress false] will not be used in RecBole
24 May 18:13    INFO  
General Hyper Parameters:
gpu_id = 0
use_gpu = True
seed = 2020
state = INFO
reproducibility = True
data_path = dataset/processed/Industrial_and_Scientific_Rich
checkpoint_dir = checkpoints
show_progress = False
save_dataset = False
dataset_save_path = None
save_dataloaders = False
dataloaders_save_path = None
log_wandb = False

Training Hyper Parameters:
epochs = 100
train_batch_size = 2048
learner = adamw
learning_rate = 5e-05
train_neg_sample_args = {'distribution': 'none', 'sample_num': 'none', 'alpha': 'none', 'dynamic': False, 'candidate_num': 0}
eval_step = 1
stopping_step = 10
clip_grad_norm = None
weight_decay = 0.0
loss_decimal_place = 4

Evaluation Hyper Parameters:
eval_args = {'split': {'LS': 'valid_and_test'}, 'order': 'TO', 'group_by': 'user', 'mode': {'valid': 'full', 'test': 'full'}}
repeatable = True
metrics = ['Recall', 'NDCG']
topk = [10, 50]
valid_metric = NDCG@10
valid_metric_bigger = True
eval_batch_size = 2048
metric_decimal_place = 4

Dataset Hyper Parameters:
field_separator = 	
seq_separator =  
USER_ID_FIELD = user_id
ITEM_ID_FIELD = item_id
RATING_FIELD = rating
TIME_FIELD = timestamp
seq_len = None
LABEL_FIELD = label
threshold = None
NEG_PREFIX = neg_
load_col = {'inter': ['user_id', 'item_id_list', 'rating_list', 'time_gap_list', 'recency_list', 'item_id']}
unload_col = None
unused_col = None
additional_feat_suffix = None
rm_dup_inter = None
val_interval = None
filter_inter_by_user_or_item = True
user_inter_num_interval = [0,inf)
item_inter_num_interval = [0,inf)
alias_of_user_id = None
alias_of_item_id = ['item_id_list']
alias_of_entity_id = None
alias_of_relation_id = None
preload_weight = None
normalize_field = None
normalize_all = None
ITEM_LIST_LENGTH_FIELD = item_length
LIST_SUFFIX = _list
MAX_ITEM_LIST_LENGTH = 50
POSITION_FIELD = position_id
HEAD_ENTITY_ID_FIELD = head_id
TAIL_ENTITY_ID_FIELD = tail_id
RELATION_ID_FIELD = relation_id
ENTITY_ID_FIELD = entity_id
benchmark_filename = ['train', 'valid', 'test']

Other Hyper Parameters: 
worker = 0
wandb_project = recbole
shuffle = True
require_pow = False
enable_amp = False
enable_scaler = False
transform = None
numerical_features = []
discretization = None
kg_reverse_r = False
entity_kg_num_interval = [0,inf)
relation_kg_num_interval = [0,inf)
MODEL_TYPE = ModelType.SEQUENTIAL
n_layers = 3
n_heads = 4
hidden_size = 300
inner_size = 512
hidden_dropout_prob = 0.3
attn_dropout_prob = 0.3
hidden_act = gelu
layer_norm_eps = 1e-12
initializer_range = 0.02
loss_type = CE
item_drop_ratio = 0.15
item_drop_coefficient = 0.95
lambda = 0.001
plm_suffix = blair-roberta-base.feature
struct_suffix = rich-item-struct.npy
train_stage = transductive_ft
plm_size = 768
adaptor_dropout_prob = 0.1
adaptor_layers = [768, 300]
temperature = 0.05
n_exps = 8
use_rich_item_struct = True
use_user_history_features = True
rich_struct_embedding_size = 32
rich_user_feature_embedding_size = 32
rich_rating_bucket_num = 6
rich_time_gap_bucket_num = 10
rich_recency_bucket_num = 51
MODEL_INPUT_TYPE = InputType.POINTWISE
eval_type = EvaluatorType.RANKING
single_spec = True
local_rank = 0
device = cuda
valid_neg_sample_args = {'distribution': 'uniform', 'sample_num': 'none'}
test_neg_sample_args = {'distribution': 'uniform', 'sample_num': 'none'}


/root/miniconda3/lib/python3.10/site-packages/recbole/data/dataset/dataset.py:501: FutureWarning: A value is trying to be set on a copy of a DataFrame or Series through chained assignment using an inplace method.
The behavior will change in pandas 3.0. This inplace method will never work because the intermediate object on which we are setting values always behaves as a copy.

For example, when doing 'df[col].method(value, inplace=True)', try using 'df.method({col: value}, inplace=True)' or df[col] = df[col].method(value) instead, to perform the operation inplace on the original object.


  df[field].fillna(value="", inplace=True)
/root/miniconda3/lib/python3.10/site-packages/recbole/data/dataset/dataset.py:501: FutureWarning: A value is trying to be set on a copy of a DataFrame or Series through chained assignment using an inplace method.
The behavior will change in pandas 3.0. This inplace method will never work because the intermediate object on which we are setting values always behaves as a copy.

For example, when doing 'df[col].method(value, inplace=True)', try using 'df.method({col: value}, inplace=True)' or df[col] = df[col].method(value) instead, to perform the operation inplace on the original object.


  df[field].fillna(value="", inplace=True)
/root/miniconda3/lib/python3.10/site-packages/recbole/data/dataset/dataset.py:501: FutureWarning: A value is trying to be set on a copy of a DataFrame or Series through chained assignment using an inplace method.
The behavior will change in pandas 3.0. This inplace method will never work because the intermediate object on which we are setting values always behaves as a copy.

For example, when doing 'df[col].method(value, inplace=True)', try using 'df.method({col: value}, inplace=True)' or df[col] = df[col].method(value) instead, to perform the operation inplace on the original object.


  df[field].fillna(value="", inplace=True)
/root/miniconda3/lib/python3.10/site-packages/recbole/data/dataset/dataset.py:1217: FutureWarning: using <built-in function len> in Series.agg cannot aggregate and has been deprecated. Use Series.transform to keep behavior unchanged.
  split_point = np.cumsum(feat[field].agg(len))[:-1]
/root/miniconda3/lib/python3.10/site-packages/recbole/data/dataset/dataset.py:648: FutureWarning: A value is trying to be set on a copy of a DataFrame or Series through chained assignment using an inplace method.
The behavior will change in pandas 3.0. This inplace method will never work because the intermediate object on which we are setting values always behaves as a copy.

For example, when doing 'df[col].method(value, inplace=True)', try using 'df.method({col: value}, inplace=True)' or df[col] = df[col].method(value) instead, to perform the operation inplace on the original object.


  feat[field].fillna(value=0, inplace=True)
/root/miniconda3/lib/python3.10/site-packages/recbole/data/dataset/sequential_dataset.py:165: FutureWarning: using <built-in function len> in Series.agg cannot aggregate and has been deprecated. Use Series.transform to keep behavior unchanged.
  ].agg(len)
24 May 18:13    INFO  Industrial_and_Scientific_Rich
The number of users: 50986
Average actions of users: 7.099382171226831
The number of items: 25849
Average actions of items: 14.00510737086477
The number of inters: 361962
The sparsity of the dataset: 99.9725357153877%
Remain Fields: ['user_id', 'item_id_list', 'rating_list', 'time_gap_list', 'recency_list', 'item_id', 'item_length']
24 May 18:13    INFO  [Training]: train_batch_size = [2048] train_neg_sample_args: [{'distribution': 'none', 'sample_num': 'none', 'alpha': 'none', 'dynamic': False, 'candidate_num': 0}]
24 May 18:13    INFO  [Evaluation]: eval_batch_size = [2048] eval_args: [{'split': {'LS': 'valid_and_test'}, 'order': 'TO', 'group_by': 'user', 'mode': {'valid': 'full', 'test': 'full'}}]
24 May 18:13    INFO  RichUniSRec(
  (item_embedding): Embedding(25849, 300, padding_idx=0)
  (position_embedding): Embedding(50, 300)
  (trm_encoder): TransformerEncoder(
    (layer): ModuleList(
      (0-2): 3 x TransformerLayer(
        (multi_head_attention): MultiHeadAttention(
          (query): Linear(in_features=300, out_features=300, bias=True)
          (key): Linear(in_features=300, out_features=300, bias=True)
          (value): Linear(in_features=300, out_features=300, bias=True)
          (softmax): Softmax(dim=-1)
          (attn_dropout): Dropout(p=0.3, inplace=False)
          (dense): Linear(in_features=300, out_features=300, bias=True)
          (LayerNorm): LayerNorm((300,), eps=1e-12, elementwise_affine=True)
          (out_dropout): Dropout(p=0.3, inplace=False)
        )
        (feed_forward): FeedForward(
          (dense_1): Linear(in_features=300, out_features=512, bias=True)
          (dense_2): Linear(in_features=512, out_features=300, bias=True)
          (LayerNorm): LayerNorm((300,), eps=1e-12, elementwise_affine=True)
          (dropout): Dropout(p=0.3, inplace=False)
        )
      )
    )
  )
  (LayerNorm): LayerNorm((300,), eps=1e-12, elementwise_affine=True)
  (dropout): Dropout(p=0.3, inplace=False)
  (loss_fct): CrossEntropyLoss()
  (plm_embedding): Embedding(25849, 768, padding_idx=0)
  (moe_adaptor): MoEAdaptorLayer(
    (experts): ModuleList(
      (0-7): 8 x PWLayer(
        (dropout): Dropout(p=0.1, inplace=False)
        (lin): Linear(in_features=768, out_features=300, bias=False)
      )
    )
  )
  (struct_embeddings): ModuleList(
    (0): Embedding(9, 32, padding_idx=0)
    (1): Embedding(11, 32, padding_idx=0)
    (2-3): 2 x Embedding(22, 32, padding_idx=0)
    (4): Embedding(2459, 32, padding_idx=0)
  )
  (struct_projection): Linear(in_features=160, out_features=300, bias=True)
  (rating_embedding): Embedding(6, 32, padding_idx=0)
  (time_gap_embedding): Embedding(10, 32, padding_idx=0)
  (recency_embedding): Embedding(51, 32, padding_idx=0)
  (user_feature_projection): Linear(in_features=96, out_features=300, bias=True)
)
Trainable parameters: 11803448
24 May 18:14    INFO  epoch 0 training [time: 38.63s, train loss: 1241.0398]
24 May 18:14    INFO  epoch 0 evaluating [time: 2.03s, valid_score: 0.013700]
24 May 18:14    INFO  valid result: 
recall@10 : 0.026    recall@50 : 0.0784    ndcg@10 : 0.0137    ndcg@50 : 0.025
24 May 18:14    INFO  Saving current: checkpoints/RichUniSRec-May-24-2026_18-13-46.pth
24 May 18:15    INFO  epoch 1 training [time: 38.27s, train loss: 1169.7071]
24 May 18:15    INFO  epoch 1 evaluating [time: 1.97s, valid_score: 0.020400]
24 May 18:15    INFO  valid result: 
recall@10 : 0.0395    recall@50 : 0.1026    ndcg@10 : 0.0204    ndcg@50 : 0.0339
24 May 18:15    INFO  Saving current: checkpoints/RichUniSRec-May-24-2026_18-13-46.pth
24 May 18:15    INFO  epoch 2 training [time: 38.15s, train loss: 1135.7319]
24 May 18:15    INFO  epoch 2 evaluating [time: 1.97s, valid_score: 0.023700]
24 May 18:15    INFO  valid result: 
recall@10 : 0.0448    recall@50 : 0.1166    ndcg@10 : 0.0237    ndcg@50 : 0.0392
24 May 18:15    INFO  Saving current: checkpoints/RichUniSRec-May-24-2026_18-13-46.pth
24 May 18:16    INFO  epoch 3 training [time: 38.11s, train loss: 1115.9302]
24 May 18:16    INFO  epoch 3 evaluating [time: 2.00s, valid_score: 0.025000]
24 May 18:16    INFO  valid result: 
recall@10 : 0.0478    recall@50 : 0.1227    ndcg@10 : 0.025    ndcg@50 : 0.0412
24 May 18:16    INFO  Saving current: checkpoints/RichUniSRec-May-24-2026_18-13-46.pth
24 May 18:17    INFO  epoch 4 training [time: 38.11s, train loss: 1103.1586]
24 May 18:17    INFO  epoch 4 evaluating [time: 1.98s, valid_score: 0.026700]
24 May 18:17    INFO  valid result: 
recall@10 : 0.0511    recall@50 : 0.1285    ndcg@10 : 0.0267    ndcg@50 : 0.0435
24 May 18:17    INFO  Saving current: checkpoints/RichUniSRec-May-24-2026_18-13-46.pth
24 May 18:17    INFO  epoch 5 training [time: 38.18s, train loss: 1093.3224]
24 May 18:17    INFO  epoch 5 evaluating [time: 2.01s, valid_score: 0.027800]
24 May 18:17    INFO  valid result: 
recall@10 : 0.0539    recall@50 : 0.134    ndcg@10 : 0.0278    ndcg@50 : 0.0452
24 May 18:17    INFO  Saving current: checkpoints/RichUniSRec-May-24-2026_18-13-46.pth
24 May 18:18    INFO  epoch 6 training [time: 38.25s, train loss: 1084.5497]
24 May 18:18    INFO  epoch 6 evaluating [time: 2.01s, valid_score: 0.029300]
24 May 18:18    INFO  valid result: 
recall@10 : 0.0574    recall@50 : 0.1382    ndcg@10 : 0.0293    ndcg@50 : 0.0468
24 May 18:18    INFO  Saving current: checkpoints/RichUniSRec-May-24-2026_18-13-46.pth
24 May 18:19    INFO  epoch 7 training [time: 38.16s, train loss: 1076.8714]
24 May 18:19    INFO  epoch 7 evaluating [time: 2.03s, valid_score: 0.029500]
24 May 18:19    INFO  valid result: 
recall@10 : 0.0582    recall@50 : 0.1411    ndcg@10 : 0.0295    ndcg@50 : 0.0475
24 May 18:19    INFO  Saving current: checkpoints/RichUniSRec-May-24-2026_18-13-46.pth
24 May 18:19    INFO  epoch 8 training [time: 38.15s, train loss: 1069.9317]
24 May 18:19    INFO  epoch 8 evaluating [time: 2.01s, valid_score: 0.030600]
24 May 18:19    INFO  valid result: 
recall@10 : 0.0609    recall@50 : 0.1456    ndcg@10 : 0.0306    ndcg@50 : 0.049
24 May 18:19    INFO  Saving current: checkpoints/RichUniSRec-May-24-2026_18-13-46.pth
24 May 18:20    INFO  epoch 9 training [time: 38.17s, train loss: 1063.3270]
24 May 18:20    INFO  epoch 9 evaluating [time: 2.01s, valid_score: 0.031500]
24 May 18:20    INFO  valid result: 
recall@10 : 0.0628    recall@50 : 0.1482    ndcg@10 : 0.0315    ndcg@50 : 0.05
24 May 18:20    INFO  Saving current: checkpoints/RichUniSRec-May-24-2026_18-13-46.pth
24 May 18:21    INFO  epoch 10 training [time: 38.09s, train loss: 1057.4616]
24 May 18:21    INFO  epoch 10 evaluating [time: 2.04s, valid_score: 0.031800]
24 May 18:21    INFO  valid result: 
recall@10 : 0.0639    recall@50 : 0.1498    ndcg@10 : 0.0318    ndcg@50 : 0.0505
24 May 18:21    INFO  Saving current: checkpoints/RichUniSRec-May-24-2026_18-13-46.pth
24 May 18:21    INFO  epoch 11 training [time: 37.54s, train loss: 1051.7084]
24 May 18:21    INFO  epoch 11 evaluating [time: 1.99s, valid_score: 0.032400]
24 May 18:21    INFO  valid result: 
recall@10 : 0.0655    recall@50 : 0.1526    ndcg@10 : 0.0324    ndcg@50 : 0.0513
24 May 18:21    INFO  Saving current: checkpoints/RichUniSRec-May-24-2026_18-13-46.pth
24 May 18:22    INFO  epoch 12 training [time: 38.11s, train loss: 1046.0491]
24 May 18:22    INFO  epoch 12 evaluating [time: 2.02s, valid_score: 0.032600]
24 May 18:22    INFO  valid result: 
recall@10 : 0.0664    recall@50 : 0.1548    ndcg@10 : 0.0326    ndcg@50 : 0.0518
24 May 18:22    INFO  Saving current: checkpoints/RichUniSRec-May-24-2026_18-13-46.pth
24 May 18:23    INFO  epoch 13 training [time: 38.11s, train loss: 1040.9899]
24 May 18:23    INFO  epoch 13 evaluating [time: 2.00s, valid_score: 0.033000]
24 May 18:23    INFO  valid result: 
recall@10 : 0.0679    recall@50 : 0.1544    ndcg@10 : 0.033    ndcg@50 : 0.0518
24 May 18:23    INFO  Saving current: checkpoints/RichUniSRec-May-24-2026_18-13-46.pth
24 May 18:23    INFO  epoch 14 training [time: 38.10s, train loss: 1035.9598]
24 May 18:23    INFO  epoch 14 evaluating [time: 1.99s, valid_score: 0.032600]
24 May 18:23    INFO  valid result: 
recall@10 : 0.0672    recall@50 : 0.1555    ndcg@10 : 0.0326    ndcg@50 : 0.0518
24 May 18:24    INFO  epoch 15 training [time: 38.18s, train loss: 1031.0608]
24 May 18:24    INFO  epoch 15 evaluating [time: 2.00s, valid_score: 0.033100]
24 May 18:24    INFO  valid result: 
recall@10 : 0.0687    recall@50 : 0.1569    ndcg@10 : 0.0331    ndcg@50 : 0.0523
24 May 18:24    INFO  Saving current: checkpoints/RichUniSRec-May-24-2026_18-13-46.pth
24 May 18:25    INFO  epoch 16 training [time: 38.04s, train loss: 1026.0907]
24 May 18:25    INFO  epoch 16 evaluating [time: 2.01s, valid_score: 0.033200]
24 May 18:25    INFO  valid result: 
recall@10 : 0.0688    recall@50 : 0.1576    ndcg@10 : 0.0332    ndcg@50 : 0.0525
24 May 18:25    INFO  Saving current: checkpoints/RichUniSRec-May-24-2026_18-13-46.pth
24 May 18:25    INFO  epoch 17 training [time: 38.09s, train loss: 1021.2098]
24 May 18:25    INFO  epoch 17 evaluating [time: 1.99s, valid_score: 0.032900]
24 May 18:25    INFO  valid result: 
recall@10 : 0.0686    recall@50 : 0.1583    ndcg@10 : 0.0329    ndcg@50 : 0.0524
24 May 18:26    INFO  epoch 18 training [time: 38.05s, train loss: 1016.7654]
24 May 18:26    INFO  epoch 18 evaluating [time: 1.99s, valid_score: 0.033600]
24 May 18:26    INFO  valid result: 
recall@10 : 0.0702    recall@50 : 0.16    ndcg@10 : 0.0336    ndcg@50 : 0.053
24 May 18:26    INFO  Saving current: checkpoints/RichUniSRec-May-24-2026_18-13-46.pth
24 May 18:27    INFO  epoch 19 training [time: 38.20s, train loss: 1011.8509]
24 May 18:27    INFO  epoch 19 evaluating [time: 2.02s, valid_score: 0.033600]
24 May 18:27    INFO  valid result: 
recall@10 : 0.0708    recall@50 : 0.1596    ndcg@10 : 0.0336    ndcg@50 : 0.0529
24 May 18:27    INFO  Saving current: checkpoints/RichUniSRec-May-24-2026_18-13-46.pth
24 May 18:27    INFO  epoch 20 training [time: 38.13s, train loss: 1007.5867]
24 May 18:27    INFO  epoch 20 evaluating [time: 1.99s, valid_score: 0.033400]
24 May 18:27    INFO  valid result: 
recall@10 : 0.0707    recall@50 : 0.1595    ndcg@10 : 0.0334    ndcg@50 : 0.0527
24 May 18:28    INFO  epoch 21 training [time: 38.22s, train loss: 1002.8845]
24 May 18:28    INFO  epoch 21 evaluating [time: 2.00s, valid_score: 0.033600]
24 May 18:28    INFO  valid result: 
recall@10 : 0.0714    recall@50 : 0.1619    ndcg@10 : 0.0336    ndcg@50 : 0.0533
24 May 18:28    INFO  Saving current: checkpoints/RichUniSRec-May-24-2026_18-13-46.pth
24 May 18:29    INFO  epoch 22 training [time: 38.27s, train loss: 998.7153]
24 May 18:29    INFO  epoch 22 evaluating [time: 2.02s, valid_score: 0.033200]
24 May 18:29    INFO  valid result: 
recall@10 : 0.071    recall@50 : 0.1608    ndcg@10 : 0.0332    ndcg@50 : 0.0527
24 May 18:29    INFO  epoch 23 training [time: 38.15s, train loss: 994.2536]
24 May 18:29    INFO  epoch 23 evaluating [time: 2.01s, valid_score: 0.033300]
24 May 18:29    INFO  valid result: 
recall@10 : 0.0715    recall@50 : 0.1612    ndcg@10 : 0.0333    ndcg@50 : 0.0527
24 May 18:30    INFO  epoch 24 training [time: 38.00s, train loss: 990.3917]
24 May 18:30    INFO  epoch 24 evaluating [time: 1.99s, valid_score: 0.033100]
24 May 18:30    INFO  valid result: 
recall@10 : 0.0712    recall@50 : 0.1609    ndcg@10 : 0.0331    ndcg@50 : 0.0525
24 May 18:31    INFO  epoch 25 training [time: 37.79s, train loss: 986.0823]
24 May 18:31    INFO  epoch 25 evaluating [time: 2.01s, valid_score: 0.033000]
24 May 18:31    INFO  valid result: 
recall@10 : 0.071    recall@50 : 0.1617    ndcg@10 : 0.033    ndcg@50 : 0.0528
24 May 18:31    INFO  epoch 26 training [time: 38.21s, train loss: 982.0890]
24 May 18:31    INFO  epoch 26 evaluating [time: 1.99s, valid_score: 0.032900]
24 May 18:31    INFO  valid result: 
recall@10 : 0.0713    recall@50 : 0.1613    ndcg@10 : 0.0329    ndcg@50 : 0.0525
24 May 18:32    INFO  epoch 27 training [time: 38.12s, train loss: 977.9041]
24 May 18:32    INFO  epoch 27 evaluating [time: 1.98s, valid_score: 0.032700]
24 May 18:32    INFO  valid result: 
recall@10 : 0.0709    recall@50 : 0.1609    ndcg@10 : 0.0327    ndcg@50 : 0.0522
24 May 18:33    INFO  epoch 28 training [time: 38.19s, train loss: 974.0297]
24 May 18:33    INFO  epoch 28 evaluating [time: 2.02s, valid_score: 0.032800]
24 May 18:33    INFO  valid result: 
recall@10 : 0.0718    recall@50 : 0.1624    ndcg@10 : 0.0328    ndcg@50 : 0.0525
24 May 18:33    INFO  epoch 29 training [time: 38.18s, train loss: 969.9432]
24 May 18:34    INFO  epoch 29 evaluating [time: 2.00s, valid_score: 0.032800]
24 May 18:34    INFO  valid result: 
recall@10 : 0.0712    recall@50 : 0.1615    ndcg@10 : 0.0328    ndcg@50 : 0.0524
24 May 18:34    INFO  epoch 30 training [time: 38.10s, train loss: 965.6638]
24 May 18:34    INFO  epoch 30 evaluating [time: 2.00s, valid_score: 0.032900]
24 May 18:34    INFO  valid result: 
recall@10 : 0.0723    recall@50 : 0.1619    ndcg@10 : 0.0329    ndcg@50 : 0.0523
24 May 18:35    INFO  epoch 31 training [time: 38.17s, train loss: 962.1180]
24 May 18:35    INFO  epoch 31 evaluating [time: 1.99s, valid_score: 0.032600]
24 May 18:35    INFO  valid result: 
recall@10 : 0.0716    recall@50 : 0.1612    ndcg@10 : 0.0326    ndcg@50 : 0.052
24 May 18:35    INFO  epoch 32 training [time: 38.17s, train loss: 958.3754]
24 May 18:36    INFO  epoch 32 evaluating [time: 2.00s, valid_score: 0.032700]
24 May 18:36    INFO  valid result: 
recall@10 : 0.0719    recall@50 : 0.1607    ndcg@10 : 0.0327    ndcg@50 : 0.0519
24 May 18:36    INFO  Finished training, best eval result in epoch 21
24 May 18:36    INFO  Loading model structure and parameters from checkpoints/RichUniSRec-May-24-2026_18-13-46.pth
24 May 18:36    INFO  best valid : OrderedDict([('recall@10', 0.0714), ('recall@50', 0.1619), ('ndcg@10', 0.0336), ('ndcg@50', 0.0533)])
24 May 18:36    INFO  test result: OrderedDict([('recall@10', 0.0587), ('recall@50', 0.1411), ('ndcg@10', 0.0284), ('ndcg@50', 0.0463)])
