command line args [-m UniSRec -d Musical_Instruments --show_progress false --tag mi-baseline --result_file results/experiment_results.jsonl] will not be used in RecBole
24 May 00:58    INFO  
General Hyper Parameters:
gpu_id = 0
use_gpu = True
seed = 2020
state = INFO
reproducibility = True
data_path = dataset/processed/Musical_Instruments
checkpoint_dir = saved
show_progress = False
save_dataset = False
dataset_save_path = None
save_dataloaders = False
dataloaders_save_path = None
log_wandb = False

Training Hyper Parameters:
epochs = 300
train_batch_size = 2048
learner = adamw
learning_rate = 0.0001
train_neg_sample_args = {'distribution': 'none', 'sample_num': 'none', 'alpha': 'none', 'dynamic': False, 'candidate_num': 0}
eval_step = 1
stopping_step = 10
clip_grad_norm = None
weight_decay = 0.0
loss_decimal_place = 4

Evaluation Hyper Parameters:
eval_args = {'split': {'LS': 'valid_and_test'}, 'order': 'TO', 'group_by': 'user', 'mode': {'valid': 'full', 'test': 'full'}}
repeatable = True
metrics = ['Recall', 'NDCG']
topk = [10, 50]
valid_metric = NDCG@10
valid_metric_bigger = True
eval_batch_size = 2048
metric_decimal_place = 4

Dataset Hyper Parameters:
field_separator = 	
seq_separator =  
USER_ID_FIELD = user_id
ITEM_ID_FIELD = item_id
RATING_FIELD = rating
TIME_FIELD = timestamp
seq_len = None
LABEL_FIELD = label
threshold = None
NEG_PREFIX = neg_
load_col = {'inter': ['user_id', 'item_id_list', 'item_id']}
unload_col = None
unused_col = None
additional_feat_suffix = None
rm_dup_inter = None
val_interval = None
filter_inter_by_user_or_item = True
user_inter_num_interval = [0,inf)
item_inter_num_interval = [0,inf)
alias_of_user_id = None
alias_of_item_id = ['item_id_list']
alias_of_entity_id = None
alias_of_relation_id = None
preload_weight = None
normalize_field = None
normalize_all = None
ITEM_LIST_LENGTH_FIELD = item_length
LIST_SUFFIX = _list
MAX_ITEM_LIST_LENGTH = 50
POSITION_FIELD = position_id
HEAD_ENTITY_ID_FIELD = head_id
TAIL_ENTITY_ID_FIELD = tail_id
RELATION_ID_FIELD = relation_id
ENTITY_ID_FIELD = entity_id
benchmark_filename = ['train', 'valid', 'test']

Other Hyper Parameters: 
worker = 0
wandb_project = recbole
shuffle = True
require_pow = False
enable_amp = False
enable_scaler = False
transform = None
numerical_features = []
discretization = None
kg_reverse_r = False
entity_kg_num_interval = [0,inf)
relation_kg_num_interval = [0,inf)
MODEL_TYPE = ModelType.SEQUENTIAL
n_layers = 3
n_heads = 4
hidden_size = 300
inner_size = 512
hidden_dropout_prob = 0.3
attn_dropout_prob = 0.3
hidden_act = gelu
layer_norm_eps = 1e-12
initializer_range = 0.02
loss_type = CE
item_drop_ratio = 0.15
item_drop_coefficient = 0.95
lambda = 0.001
plm_suffix = blair-roberta-base.feature
train_stage = inductive_ft
plm_size = 768
adaptor_dropout_prob = 0.1
adaptor_layers = [768, 300]
temperature = 0.05
n_exps = 8
MODEL_INPUT_TYPE = InputType.POINTWISE
eval_type = EvaluatorType.RANKING
single_spec = True
local_rank = 0
device = cuda
valid_neg_sample_args = {'distribution': 'uniform', 'sample_num': 'none'}
test_neg_sample_args = {'distribution': 'uniform', 'sample_num': 'none'}


/root/miniconda3/lib/python3.10/site-packages/recbole/data/dataset/dataset.py:501: FutureWarning: A value is trying to be set on a copy of a DataFrame or Series through chained assignment using an inplace method.
The behavior will change in pandas 3.0. This inplace method will never work because the intermediate object on which we are setting values always behaves as a copy.

For example, when doing 'df[col].method(value, inplace=True)', try using 'df.method({col: value}, inplace=True)' or df[col] = df[col].method(value) instead, to perform the operation inplace on the original object.


  df[field].fillna(value="", inplace=True)
/root/miniconda3/lib/python3.10/site-packages/recbole/data/dataset/dataset.py:501: FutureWarning: A value is trying to be set on a copy of a DataFrame or Series through chained assignment using an inplace method.
The behavior will change in pandas 3.0. This inplace method will never work because the intermediate object on which we are setting values always behaves as a copy.

For example, when doing 'df[col].method(value, inplace=True)', try using 'df.method({col: value}, inplace=True)' or df[col] = df[col].method(value) instead, to perform the operation inplace on the original object.


  df[field].fillna(value="", inplace=True)
/root/miniconda3/lib/python3.10/site-packages/recbole/data/dataset/dataset.py:501: FutureWarning: A value is trying to be set on a copy of a DataFrame or Series through chained assignment using an inplace method.
The behavior will change in pandas 3.0. This inplace method will never work because the intermediate object on which we are setting values always behaves as a copy.

For example, when doing 'df[col].method(value, inplace=True)', try using 'df.method({col: value}, inplace=True)' or df[col] = df[col].method(value) instead, to perform the operation inplace on the original object.


  df[field].fillna(value="", inplace=True)
/root/miniconda3/lib/python3.10/site-packages/recbole/data/dataset/dataset.py:1217: FutureWarning: using <built-in function len> in Series.agg cannot aggregate and has been deprecated. Use Series.transform to keep behavior unchanged.
  split_point = np.cumsum(feat[field].agg(len))[:-1]
/root/miniconda3/lib/python3.10/site-packages/recbole/data/dataset/dataset.py:648: FutureWarning: A value is trying to be set on a copy of a DataFrame or Series through chained assignment using an inplace method.
The behavior will change in pandas 3.0. This inplace method will never work because the intermediate object on which we are setting values always behaves as a copy.

For example, when doing 'df[col].method(value, inplace=True)', try using 'df.method({col: value}, inplace=True)' or df[col] = df[col].method(value) instead, to perform the operation inplace on the original object.


  feat[field].fillna(value=0, inplace=True)
/root/miniconda3/lib/python3.10/site-packages/recbole/data/dataset/sequential_dataset.py:165: FutureWarning: using <built-in function len> in Series.agg cannot aggregate and has been deprecated. Use Series.transform to keep behavior unchanged.
  ].agg(len)
24 May 00:58    INFO  Musical_Instruments
The number of users: 57440
Average actions of users: 7.910949006772402
The number of items: 24588
Average actions of items: 18.484196395883334
The number of inters: 454397
The sparsity of the dataset: 99.96782653619108%
Remain Fields: ['user_id', 'item_id_list', 'item_id', 'item_length']
24 May 00:58    INFO  [Training]: train_batch_size = [2048] train_neg_sample_args: [{'distribution': 'none', 'sample_num': 'none', 'alpha': 'none', 'dynamic': False, 'candidate_num': 0}]
24 May 00:58    INFO  [Evaluation]: eval_batch_size = [2048] eval_args: [{'split': {'LS': 'valid_and_test'}, 'order': 'TO', 'group_by': 'user', 'mode': {'valid': 'full', 'test': 'full'}}]
24 May 00:58    INFO  UniSRec(
  (item_embedding): None
  (position_embedding): Embedding(50, 300)
  (trm_encoder): TransformerEncoder(
    (layer): ModuleList(
      (0-2): 3 x TransformerLayer(
        (multi_head_attention): MultiHeadAttention(
          (query): Linear(in_features=300, out_features=300, bias=True)
          (key): Linear(in_features=300, out_features=300, bias=True)
          (value): Linear(in_features=300, out_features=300, bias=True)
          (softmax): Softmax(dim=-1)
          (attn_dropout): Dropout(p=0.3, inplace=False)
          (dense): Linear(in_features=300, out_features=300, bias=True)
          (LayerNorm): LayerNorm((300,), eps=1e-12, elementwise_affine=True)
          (out_dropout): Dropout(p=0.3, inplace=False)
        )
        (feed_forward): FeedForward(
          (dense_1): Linear(in_features=300, out_features=512, bias=True)
          (dense_2): Linear(in_features=512, out_features=300, bias=True)
          (LayerNorm): LayerNorm((300,), eps=1e-12, elementwise_affine=True)
          (dropout): Dropout(p=0.3, inplace=False)
        )
      )
    )
  )
  (LayerNorm): LayerNorm((300,), eps=1e-12, elementwise_affine=True)
  (dropout): Dropout(p=0.3, inplace=False)
  (loss_fct): CrossEntropyLoss()
  (plm_embedding): Embedding(24588, 768, padding_idx=0)
  (moe_adaptor): MoEAdaptorLayer(
    (experts): ModuleList(
      (0-7): 8 x PWLayer(
        (dropout): Dropout(p=0.1, inplace=False)
        (lin): Linear(in_features=768, out_features=300, bias=False)
      )
    )
  )
)
Trainable parameters: 3888468
24 May 00:59    INFO  epoch 0 training [time: 47.32s, train loss: 1592.0542]
24 May 00:59    INFO  epoch 0 evaluating [time: 2.28s, valid_score: 0.006900]
24 May 00:59    INFO  valid result: 
recall@10 : 0.0133    recall@50 : 0.0474    ndcg@10 : 0.0069    ndcg@50 : 0.0141
24 May 00:59    INFO  Saving current: saved/UniSRec-May-24-2026_00-58-47.pth
24 May 01:00    INFO  epoch 1 training [time: 47.16s, train loss: 1543.6165]
24 May 01:00    INFO  epoch 1 evaluating [time: 2.23s, valid_score: 0.013900]
24 May 01:00    INFO  valid result: 
recall@10 : 0.0258    recall@50 : 0.0697    ndcg@10 : 0.0139    ndcg@50 : 0.0233
24 May 01:00    INFO  Saving current: saved/UniSRec-May-24-2026_00-58-47.pth
24 May 01:01    INFO  epoch 2 training [time: 47.02s, train loss: 1525.3898]
24 May 01:01    INFO  epoch 2 evaluating [time: 2.22s, valid_score: 0.019400]
24 May 01:01    INFO  valid result: 
recall@10 : 0.0374    recall@50 : 0.0871    ndcg@10 : 0.0194    ndcg@50 : 0.0301
24 May 01:01    INFO  Saving current: saved/UniSRec-May-24-2026_00-58-47.pth
24 May 01:02    INFO  epoch 3 training [time: 46.98s, train loss: 1510.5166]
24 May 01:02    INFO  epoch 3 evaluating [time: 2.23s, valid_score: 0.022000]
24 May 01:02    INFO  valid result: 
recall@10 : 0.042    recall@50 : 0.0982    ndcg@10 : 0.022    ndcg@50 : 0.0342
24 May 01:02    INFO  Saving current: saved/UniSRec-May-24-2026_00-58-47.pth
24 May 01:02    INFO  epoch 4 training [time: 47.00s, train loss: 1498.9268]
24 May 01:02    INFO  epoch 4 evaluating [time: 2.22s, valid_score: 0.023400]
24 May 01:02    INFO  valid result: 
recall@10 : 0.0447    recall@50 : 0.109    ndcg@10 : 0.0234    ndcg@50 : 0.0374
24 May 01:02    INFO  Saving current: saved/UniSRec-May-24-2026_00-58-47.pth
24 May 01:03    INFO  epoch 5 training [time: 46.78s, train loss: 1489.3770]
24 May 01:03    INFO  epoch 5 evaluating [time: 2.21s, valid_score: 0.025200]
24 May 01:03    INFO  valid result: 
recall@10 : 0.0481    recall@50 : 0.1186    ndcg@10 : 0.0252    ndcg@50 : 0.0404
24 May 01:03    INFO  Saving current: saved/UniSRec-May-24-2026_00-58-47.pth
24 May 01:04    INFO  epoch 6 training [time: 46.75s, train loss: 1480.9278]
24 May 01:04    INFO  epoch 6 evaluating [time: 2.19s, valid_score: 0.025900]
24 May 01:04    INFO  valid result: 
recall@10 : 0.0499    recall@50 : 0.1234    ndcg@10 : 0.0259    ndcg@50 : 0.0418
24 May 01:04    INFO  Saving current: saved/UniSRec-May-24-2026_00-58-47.pth
24 May 01:05    INFO  epoch 7 training [time: 46.87s, train loss: 1474.0545]
24 May 01:05    INFO  epoch 7 evaluating [time: 2.22s, valid_score: 0.026700]
24 May 01:05    INFO  valid result: 
recall@10 : 0.051    recall@50 : 0.1278    ndcg@10 : 0.0267    ndcg@50 : 0.0434
24 May 01:05    INFO  Saving current: saved/UniSRec-May-24-2026_00-58-47.pth
24 May 01:06    INFO  epoch 8 training [time: 46.74s, train loss: 1468.0949]
24 May 01:06    INFO  epoch 8 evaluating [time: 2.22s, valid_score: 0.027900]
24 May 01:06    INFO  valid result: 
recall@10 : 0.0536    recall@50 : 0.1315    ndcg@10 : 0.0279    ndcg@50 : 0.0447
24 May 01:06    INFO  Saving current: saved/UniSRec-May-24-2026_00-58-47.pth
24 May 01:07    INFO  epoch 9 training [time: 46.79s, train loss: 1462.8686]
24 May 01:07    INFO  epoch 9 evaluating [time: 2.19s, valid_score: 0.028300]
24 May 01:07    INFO  valid result: 
recall@10 : 0.0545    recall@50 : 0.1347    ndcg@10 : 0.0283    ndcg@50 : 0.0456
24 May 01:07    INFO  Saving current: saved/UniSRec-May-24-2026_00-58-47.pth
24 May 01:07    INFO  epoch 10 training [time: 46.79s, train loss: 1458.1036]
24 May 01:07    INFO  epoch 10 evaluating [time: 2.23s, valid_score: 0.028800]
24 May 01:07    INFO  valid result: 
recall@10 : 0.0555    recall@50 : 0.1371    ndcg@10 : 0.0288    ndcg@50 : 0.0465
24 May 01:07    INFO  Saving current: saved/UniSRec-May-24-2026_00-58-47.pth
24 May 01:08    INFO  epoch 11 training [time: 46.87s, train loss: 1453.9784]
24 May 01:08    INFO  epoch 11 evaluating [time: 2.21s, valid_score: 0.029300]
24 May 01:08    INFO  valid result: 
recall@10 : 0.0564    recall@50 : 0.1396    ndcg@10 : 0.0293    ndcg@50 : 0.0473
24 May 01:08    INFO  Saving current: saved/UniSRec-May-24-2026_00-58-47.pth
24 May 01:09    INFO  epoch 12 training [time: 46.41s, train loss: 1450.0313]
24 May 01:09    INFO  epoch 12 evaluating [time: 2.20s, valid_score: 0.029400]
24 May 01:09    INFO  valid result: 
recall@10 : 0.0568    recall@50 : 0.1411    ndcg@10 : 0.0294    ndcg@50 : 0.0476
24 May 01:09    INFO  Saving current: saved/UniSRec-May-24-2026_00-58-47.pth
24 May 01:10    INFO  epoch 13 training [time: 46.83s, train loss: 1446.5952]
24 May 01:10    INFO  epoch 13 evaluating [time: 2.21s, valid_score: 0.030100]
24 May 01:10    INFO  valid result: 
recall@10 : 0.0579    recall@50 : 0.1437    ndcg@10 : 0.0301    ndcg@50 : 0.0487
24 May 01:10    INFO  Saving current: saved/UniSRec-May-24-2026_00-58-47.pth
24 May 01:11    INFO  epoch 14 training [time: 46.68s, train loss: 1443.5655]
24 May 01:11    INFO  epoch 14 evaluating [time: 2.20s, valid_score: 0.030300]
24 May 01:11    INFO  valid result: 
recall@10 : 0.0584    recall@50 : 0.1451    ndcg@10 : 0.0303    ndcg@50 : 0.0491
24 May 01:11    INFO  Saving current: saved/UniSRec-May-24-2026_00-58-47.pth
24 May 01:11    INFO  epoch 15 training [time: 46.86s, train loss: 1440.9996]
24 May 01:11    INFO  epoch 15 evaluating [time: 2.20s, valid_score: 0.030900]
24 May 01:11    INFO  valid result: 
recall@10 : 0.0593    recall@50 : 0.1467    ndcg@10 : 0.0309    ndcg@50 : 0.0498
24 May 01:11    INFO  Saving current: saved/UniSRec-May-24-2026_00-58-47.pth
24 May 01:12    INFO  epoch 16 training [time: 46.95s, train loss: 1438.0827]
24 May 01:12    INFO  epoch 16 evaluating [time: 2.22s, valid_score: 0.030600]
24 May 01:12    INFO  valid result: 
recall@10 : 0.0589    recall@50 : 0.1473    ndcg@10 : 0.0306    ndcg@50 : 0.0498
24 May 01:13    INFO  epoch 17 training [time: 46.88s, train loss: 1435.7329]
24 May 01:13    INFO  epoch 17 evaluating [time: 2.23s, valid_score: 0.031700]
24 May 01:13    INFO  valid result: 
recall@10 : 0.0609    recall@50 : 0.1509    ndcg@10 : 0.0317    ndcg@50 : 0.0512
24 May 01:13    INFO  Saving current: saved/UniSRec-May-24-2026_00-58-47.pth
24 May 01:14    INFO  epoch 18 training [time: 46.93s, train loss: 1433.8303]
24 May 01:14    INFO  epoch 18 evaluating [time: 2.23s, valid_score: 0.031600]
24 May 01:14    INFO  valid result: 
recall@10 : 0.0606    recall@50 : 0.1501    ndcg@10 : 0.0316    ndcg@50 : 0.051
24 May 01:15    INFO  epoch 19 training [time: 46.89s, train loss: 1431.5606]
24 May 01:15    INFO  epoch 19 evaluating [time: 2.21s, valid_score: 0.032300]
24 May 01:15    INFO  valid result: 
recall@10 : 0.0613    recall@50 : 0.1513    ndcg@10 : 0.0323    ndcg@50 : 0.0518
24 May 01:15    INFO  Saving current: saved/UniSRec-May-24-2026_00-58-47.pth
24 May 01:16    INFO  epoch 20 training [time: 46.77s, train loss: 1429.7500]
24 May 01:16    INFO  epoch 20 evaluating [time: 2.22s, valid_score: 0.031800]
24 May 01:16    INFO  valid result: 
recall@10 : 0.061    recall@50 : 0.1515    ndcg@10 : 0.0318    ndcg@50 : 0.0514
24 May 01:16    INFO  epoch 21 training [time: 46.80s, train loss: 1427.6733]
24 May 01:16    INFO  epoch 21 evaluating [time: 2.21s, valid_score: 0.032100]
24 May 01:16    INFO  valid result: 
recall@10 : 0.0616    recall@50 : 0.1532    ndcg@10 : 0.0321    ndcg@50 : 0.0519
24 May 01:17    INFO  epoch 22 training [time: 46.58s, train loss: 1426.1415]
24 May 01:17    INFO  epoch 22 evaluating [time: 2.21s, valid_score: 0.032400]
24 May 01:17    INFO  valid result: 
recall@10 : 0.0619    recall@50 : 0.1547    ndcg@10 : 0.0324    ndcg@50 : 0.0525
24 May 01:17    INFO  Saving current: saved/UniSRec-May-24-2026_00-58-47.pth
24 May 01:18    INFO  epoch 23 training [time: 46.70s, train loss: 1424.6407]
24 May 01:18    INFO  epoch 23 evaluating [time: 2.20s, valid_score: 0.033000]
24 May 01:18    INFO  valid result: 
recall@10 : 0.0631    recall@50 : 0.1536    ndcg@10 : 0.033    ndcg@50 : 0.0527
24 May 01:18    INFO  Saving current: saved/UniSRec-May-24-2026_00-58-47.pth
24 May 01:19    INFO  epoch 24 training [time: 46.68s, train loss: 1422.8606]
24 May 01:19    INFO  epoch 24 evaluating [time: 2.21s, valid_score: 0.032600]
24 May 01:19    INFO  valid result: 
recall@10 : 0.0627    recall@50 : 0.1547    ndcg@10 : 0.0326    ndcg@50 : 0.0525
24 May 01:20    INFO  epoch 25 training [time: 46.03s, train loss: 1421.2508]
24 May 01:20    INFO  epoch 25 evaluating [time: 2.21s, valid_score: 0.033100]
24 May 01:20    INFO  valid result: 
recall@10 : 0.0634    recall@50 : 0.1567    ndcg@10 : 0.0331    ndcg@50 : 0.0533
24 May 01:20    INFO  Saving current: saved/UniSRec-May-24-2026_00-58-47.pth
24 May 01:20    INFO  epoch 26 training [time: 46.78s, train loss: 1420.0189]
24 May 01:20    INFO  epoch 26 evaluating [time: 2.20s, valid_score: 0.032800]
24 May 01:20    INFO  valid result: 
recall@10 : 0.0631    recall@50 : 0.1558    ndcg@10 : 0.0328    ndcg@50 : 0.0529
24 May 01:21    INFO  epoch 27 training [time: 46.62s, train loss: 1418.4774]
24 May 01:21    INFO  epoch 27 evaluating [time: 2.21s, valid_score: 0.033200]
24 May 01:21    INFO  valid result: 
recall@10 : 0.0639    recall@50 : 0.1565    ndcg@10 : 0.0332    ndcg@50 : 0.0533
24 May 01:21    INFO  Saving current: saved/UniSRec-May-24-2026_00-58-47.pth
24 May 01:22    INFO  epoch 28 training [time: 46.71s, train loss: 1417.3130]
24 May 01:22    INFO  epoch 28 evaluating [time: 2.21s, valid_score: 0.033300]
24 May 01:22    INFO  valid result: 
recall@10 : 0.0638    recall@50 : 0.1576    ndcg@10 : 0.0333    ndcg@50 : 0.0537
24 May 01:22    INFO  Saving current: saved/UniSRec-May-24-2026_00-58-47.pth
24 May 01:23    INFO  epoch 29 training [time: 46.80s, train loss: 1416.2832]
24 May 01:23    INFO  epoch 29 evaluating [time: 2.22s, valid_score: 0.033900]
24 May 01:23    INFO  valid result: 
recall@10 : 0.0649    recall@50 : 0.1599    ndcg@10 : 0.0339    ndcg@50 : 0.0545
24 May 01:23    INFO  Saving current: saved/UniSRec-May-24-2026_00-58-47.pth
24 May 01:24    INFO  epoch 30 training [time: 46.66s, train loss: 1414.7273]
24 May 01:24    INFO  epoch 30 evaluating [time: 2.20s, valid_score: 0.033300]
24 May 01:24    INFO  valid result: 
recall@10 : 0.0645    recall@50 : 0.1579    ndcg@10 : 0.0333    ndcg@50 : 0.0536
24 May 01:25    INFO  epoch 31 training [time: 46.74s, train loss: 1413.3630]
24 May 01:25    INFO  epoch 31 evaluating [time: 2.22s, valid_score: 0.033800]
24 May 01:25    INFO  valid result: 
recall@10 : 0.0649    recall@50 : 0.1595    ndcg@10 : 0.0338    ndcg@50 : 0.0543
24 May 01:25    INFO  epoch 32 training [time: 45.48s, train loss: 1412.4193]
24 May 01:25    INFO  epoch 32 evaluating [time: 2.20s, valid_score: 0.034300]
24 May 01:25    INFO  valid result: 
recall@10 : 0.0655    recall@50 : 0.161    ndcg@10 : 0.0343    ndcg@50 : 0.0551
24 May 01:25    INFO  Saving current: saved/UniSRec-May-24-2026_00-58-47.pth
24 May 01:26    INFO  epoch 33 training [time: 45.69s, train loss: 1411.3229]
24 May 01:26    INFO  epoch 33 evaluating [time: 2.22s, valid_score: 0.034000]
24 May 01:26    INFO  valid result: 
recall@10 : 0.065    recall@50 : 0.1614    ndcg@10 : 0.034    ndcg@50 : 0.0548
24 May 01:27    INFO  epoch 34 training [time: 46.78s, train loss: 1410.2559]
24 May 01:27    INFO  epoch 34 evaluating [time: 2.20s, valid_score: 0.034500]
24 May 01:27    INFO  valid result: 
recall@10 : 0.0657    recall@50 : 0.1612    ndcg@10 : 0.0345    ndcg@50 : 0.0552
24 May 01:27    INFO  Saving current: saved/UniSRec-May-24-2026_00-58-47.pth
24 May 01:28    INFO  epoch 35 training [time: 46.68s, train loss: 1409.1400]
24 May 01:28    INFO  epoch 35 evaluating [time: 2.21s, valid_score: 0.034200]
24 May 01:28    INFO  valid result: 
recall@10 : 0.0656    recall@50 : 0.1624    ndcg@10 : 0.0342    ndcg@50 : 0.0552
24 May 01:29    INFO  epoch 36 training [time: 46.74s, train loss: 1408.3990]
24 May 01:29    INFO  epoch 36 evaluating [time: 2.22s, valid_score: 0.034300]
24 May 01:29    INFO  valid result: 
recall@10 : 0.066    recall@50 : 0.1618    ndcg@10 : 0.0343    ndcg@50 : 0.0551
24 May 01:29    INFO  epoch 37 training [time: 46.72s, train loss: 1407.1360]
24 May 01:29    INFO  epoch 37 evaluating [time: 2.20s, valid_score: 0.034000]
24 May 01:29    INFO  valid result: 
recall@10 : 0.0647    recall@50 : 0.1607    ndcg@10 : 0.034    ndcg@50 : 0.0548
24 May 01:30    INFO  epoch 38 training [time: 46.77s, train loss: 1406.3241]
24 May 01:30    INFO  epoch 38 evaluating [time: 2.21s, valid_score: 0.034300]
24 May 01:30    INFO  valid result: 
recall@10 : 0.0658    recall@50 : 0.1621    ndcg@10 : 0.0343    ndcg@50 : 0.0551
24 May 01:31    INFO  epoch 39 training [time: 46.78s, train loss: 1405.5073]
24 May 01:31    INFO  epoch 39 evaluating [time: 2.22s, valid_score: 0.034400]
24 May 01:31    INFO  valid result: 
recall@10 : 0.0657    recall@50 : 0.1616    ndcg@10 : 0.0344    ndcg@50 : 0.0552
24 May 01:32    INFO  epoch 40 training [time: 46.54s, train loss: 1404.5010]
24 May 01:32    INFO  epoch 40 evaluating [time: 2.21s, valid_score: 0.034200]
24 May 01:32    INFO  valid result: 
recall@10 : 0.0654    recall@50 : 0.1627    ndcg@10 : 0.0342    ndcg@50 : 0.0553
24 May 01:33    INFO  epoch 41 training [time: 46.94s, train loss: 1403.6769]
24 May 01:33    INFO  epoch 41 evaluating [time: 2.22s, valid_score: 0.034500]
24 May 01:33    INFO  valid result: 
recall@10 : 0.066    recall@50 : 0.1632    ndcg@10 : 0.0345    ndcg@50 : 0.0556
24 May 01:33    INFO  Saving current: saved/UniSRec-May-24-2026_00-58-47.pth
24 May 01:33    INFO  epoch 42 training [time: 46.86s, train loss: 1402.4869]
24 May 01:34    INFO  epoch 42 evaluating [time: 2.22s, valid_score: 0.035000]
24 May 01:34    INFO  valid result: 
recall@10 : 0.0669    recall@50 : 0.1642    ndcg@10 : 0.035    ndcg@50 : 0.056
24 May 01:34    INFO  Saving current: saved/UniSRec-May-24-2026_00-58-47.pth
24 May 01:34    INFO  epoch 43 training [time: 46.90s, train loss: 1401.6337]
24 May 01:34    INFO  epoch 43 evaluating [time: 2.23s, valid_score: 0.034700]
24 May 01:34    INFO  valid result: 
recall@10 : 0.0665    recall@50 : 0.1646    ndcg@10 : 0.0347    ndcg@50 : 0.056
24 May 01:35    INFO  epoch 44 training [time: 46.85s, train loss: 1401.1981]
24 May 01:35    INFO  epoch 44 evaluating [time: 2.21s, valid_score: 0.034900]
24 May 01:35    INFO  valid result: 
recall@10 : 0.0666    recall@50 : 0.164    ndcg@10 : 0.0349    ndcg@50 : 0.056
24 May 01:36    INFO  epoch 45 training [time: 46.78s, train loss: 1399.8538]
24 May 01:36    INFO  epoch 45 evaluating [time: 2.21s, valid_score: 0.035000]
24 May 01:36    INFO  valid result: 
recall@10 : 0.0671    recall@50 : 0.1653    ndcg@10 : 0.035    ndcg@50 : 0.0563
24 May 01:36    INFO  Saving current: saved/UniSRec-May-24-2026_00-58-47.pth
24 May 01:37    INFO  epoch 46 training [time: 46.69s, train loss: 1399.5105]
24 May 01:37    INFO  epoch 46 evaluating [time: 2.21s, valid_score: 0.034800]
24 May 01:37    INFO  valid result: 
recall@10 : 0.067    recall@50 : 0.1648    ndcg@10 : 0.0348    ndcg@50 : 0.056
24 May 01:38    INFO  epoch 47 training [time: 46.81s, train loss: 1398.2014]
24 May 01:38    INFO  epoch 47 evaluating [time: 2.21s, valid_score: 0.034800]
24 May 01:38    INFO  valid result: 
recall@10 : 0.0667    recall@50 : 0.1656    ndcg@10 : 0.0348    ndcg@50 : 0.0562
24 May 01:38    INFO  epoch 48 training [time: 46.68s, train loss: 1397.2505]
24 May 01:38    INFO  epoch 48 evaluating [time: 2.21s, valid_score: 0.035200]
24 May 01:38    INFO  valid result: 
recall@10 : 0.0674    recall@50 : 0.1645    ndcg@10 : 0.0352    ndcg@50 : 0.0562
24 May 01:38    INFO  Saving current: saved/UniSRec-May-24-2026_00-58-47.pth
24 May 01:39    INFO  epoch 49 training [time: 46.82s, train loss: 1396.7396]
24 May 01:39    INFO  epoch 49 evaluating [time: 2.21s, valid_score: 0.035000]
24 May 01:39    INFO  valid result: 
recall@10 : 0.0673    recall@50 : 0.1645    ndcg@10 : 0.035    ndcg@50 : 0.0561
24 May 01:40    INFO  epoch 50 training [time: 46.69s, train loss: 1395.8453]
24 May 01:40    INFO  epoch 50 evaluating [time: 2.21s, valid_score: 0.035300]
24 May 01:40    INFO  valid result: 
recall@10 : 0.067    recall@50 : 0.1658    ndcg@10 : 0.0353    ndcg@50 : 0.0567
24 May 01:40    INFO  Saving current: saved/UniSRec-May-24-2026_00-58-47.pth
24 May 01:41    INFO  epoch 51 training [time: 46.78s, train loss: 1394.9941]
24 May 01:41    INFO  epoch 51 evaluating [time: 2.23s, valid_score: 0.035200]
24 May 01:41    INFO  valid result: 
recall@10 : 0.0676    recall@50 : 0.1664    ndcg@10 : 0.0352    ndcg@50 : 0.0566
24 May 01:42    INFO  epoch 52 training [time: 46.64s, train loss: 1394.3019]
24 May 01:42    INFO  epoch 52 evaluating [time: 2.21s, valid_score: 0.035200]
24 May 01:42    INFO  valid result: 
recall@10 : 0.0678    recall@50 : 0.1655    ndcg@10 : 0.0352    ndcg@50 : 0.0564
24 May 01:42    INFO  epoch 53 training [time: 46.77s, train loss: 1393.5651]
24 May 01:43    INFO  epoch 53 evaluating [time: 2.22s, valid_score: 0.035200]
24 May 01:43    INFO  valid result: 
recall@10 : 0.0678    recall@50 : 0.166    ndcg@10 : 0.0352    ndcg@50 : 0.0565
24 May 01:43    INFO  epoch 54 training [time: 46.80s, train loss: 1393.0237]
24 May 01:43    INFO  epoch 54 evaluating [time: 2.22s, valid_score: 0.035400]
24 May 01:43    INFO  valid result: 
recall@10 : 0.0674    recall@50 : 0.1659    ndcg@10 : 0.0354    ndcg@50 : 0.0568
24 May 01:43    INFO  Saving current: saved/UniSRec-May-24-2026_00-58-47.pth
24 May 01:44    INFO  epoch 55 training [time: 46.74s, train loss: 1392.3464]
24 May 01:44    INFO  epoch 55 evaluating [time: 2.21s, valid_score: 0.035300]
24 May 01:44    INFO  valid result: 
recall@10 : 0.0679    recall@50 : 0.1668    ndcg@10 : 0.0353    ndcg@50 : 0.0567
24 May 01:45    INFO  epoch 56 training [time: 46.82s, train loss: 1391.4766]
24 May 01:45    INFO  epoch 56 evaluating [time: 2.20s, valid_score: 0.036000]
24 May 01:45    INFO  valid result: 
recall@10 : 0.0693    recall@50 : 0.1673    ndcg@10 : 0.036    ndcg@50 : 0.0573
24 May 01:45    INFO  Saving current: saved/UniSRec-May-24-2026_00-58-47.pth
24 May 01:46    INFO  epoch 57 training [time: 46.75s, train loss: 1390.4852]
24 May 01:46    INFO  epoch 57 evaluating [time: 2.24s, valid_score: 0.035600]
24 May 01:46    INFO  valid result: 
recall@10 : 0.0686    recall@50 : 0.168    ndcg@10 : 0.0356    ndcg@50 : 0.0572
24 May 01:47    INFO  epoch 58 training [time: 46.85s, train loss: 1390.0651]
24 May 01:47    INFO  epoch 58 evaluating [time: 2.22s, valid_score: 0.036200]
24 May 01:47    INFO  valid result: 
recall@10 : 0.0697    recall@50 : 0.1684    ndcg@10 : 0.0362    ndcg@50 : 0.0575
24 May 01:47    INFO  Saving current: saved/UniSRec-May-24-2026_00-58-47.pth
24 May 01:47    INFO  epoch 59 training [time: 46.74s, train loss: 1389.2819]
24 May 01:47    INFO  epoch 59 evaluating [time: 2.20s, valid_score: 0.036100]
24 May 01:47    INFO  valid result: 
recall@10 : 0.0693    recall@50 : 0.1681    ndcg@10 : 0.0361    ndcg@50 : 0.0576
24 May 01:48    INFO  epoch 60 training [time: 46.89s, train loss: 1388.4486]
24 May 01:48    INFO  epoch 60 evaluating [time: 2.23s, valid_score: 0.036100]
24 May 01:48    INFO  valid result: 
recall@10 : 0.0691    recall@50 : 0.1678    ndcg@10 : 0.0361    ndcg@50 : 0.0574
24 May 01:49    INFO  epoch 61 training [time: 46.77s, train loss: 1388.1903]
24 May 01:49    INFO  epoch 61 evaluating [time: 2.22s, valid_score: 0.035900]
24 May 01:49    INFO  valid result: 
recall@10 : 0.0686    recall@50 : 0.1679    ndcg@10 : 0.0359    ndcg@50 : 0.0574
24 May 01:50    INFO  epoch 62 training [time: 46.86s, train loss: 1387.3467]
24 May 01:50    INFO  epoch 62 evaluating [time: 2.23s, valid_score: 0.036000]
24 May 01:50    INFO  valid result: 
recall@10 : 0.0693    recall@50 : 0.1678    ndcg@10 : 0.036    ndcg@50 : 0.0573
