command line args [-m UniSRec -d Musical_Instruments -p saved/UniSRec-May-24-2026_00-58-47.pth --epochs 100 --stopping_step 10 --show_progress false --tag mi-baseline-resume --result_file results/experiment_results.jsonl] will not be used in RecBole
24 May 09:24    INFO  
General Hyper Parameters:
gpu_id = 0
use_gpu = True
seed = 2020
state = INFO
reproducibility = True
data_path = dataset/processed/Musical_Instruments
checkpoint_dir = saved
show_progress = False
save_dataset = False
dataset_save_path = None
save_dataloaders = False
dataloaders_save_path = None
log_wandb = False

Training Hyper Parameters:
epochs = 100
train_batch_size = 2048
learner = adamw
learning_rate = 0.0001
train_neg_sample_args = {'distribution': 'none', 'sample_num': 'none', 'alpha': 'none', 'dynamic': False, 'candidate_num': 0}
eval_step = 1
stopping_step = 10
clip_grad_norm = None
weight_decay = 0.0
loss_decimal_place = 4

Evaluation Hyper Parameters:
eval_args = {'split': {'LS': 'valid_and_test'}, 'order': 'TO', 'group_by': 'user', 'mode': {'valid': 'full', 'test': 'full'}}
repeatable = True
metrics = ['Recall', 'NDCG']
topk = [10, 50]
valid_metric = NDCG@10
valid_metric_bigger = True
eval_batch_size = 2048
metric_decimal_place = 4

Dataset Hyper Parameters:
field_separator = 	
seq_separator =  
USER_ID_FIELD = user_id
ITEM_ID_FIELD = item_id
RATING_FIELD = rating
TIME_FIELD = timestamp
seq_len = None
LABEL_FIELD = label
threshold = None
NEG_PREFIX = neg_
load_col = {'inter': ['user_id', 'item_id_list', 'item_id']}
unload_col = None
unused_col = None
additional_feat_suffix = None
rm_dup_inter = None
val_interval = None
filter_inter_by_user_or_item = True
user_inter_num_interval = [0,inf)
item_inter_num_interval = [0,inf)
alias_of_user_id = None
alias_of_item_id = ['item_id_list']
alias_of_entity_id = None
alias_of_relation_id = None
preload_weight = None
normalize_field = None
normalize_all = None
ITEM_LIST_LENGTH_FIELD = item_length
LIST_SUFFIX = _list
MAX_ITEM_LIST_LENGTH = 50
POSITION_FIELD = position_id
HEAD_ENTITY_ID_FIELD = head_id
TAIL_ENTITY_ID_FIELD = tail_id
RELATION_ID_FIELD = relation_id
ENTITY_ID_FIELD = entity_id
benchmark_filename = ['train', 'valid', 'test']

Other Hyper Parameters: 
worker = 0
wandb_project = recbole
shuffle = True
require_pow = False
enable_amp = False
enable_scaler = False
transform = None
numerical_features = []
discretization = None
kg_reverse_r = False
entity_kg_num_interval = [0,inf)
relation_kg_num_interval = [0,inf)
MODEL_TYPE = ModelType.SEQUENTIAL
n_layers = 3
n_heads = 4
hidden_size = 300
inner_size = 512
hidden_dropout_prob = 0.3
attn_dropout_prob = 0.3
hidden_act = gelu
layer_norm_eps = 1e-12
initializer_range = 0.02
loss_type = CE
item_drop_ratio = 0.15
item_drop_coefficient = 0.95
lambda = 0.001
plm_suffix = blair-roberta-base.feature
train_stage = inductive_ft
plm_size = 768
adaptor_dropout_prob = 0.1
adaptor_layers = [768, 300]
temperature = 0.05
n_exps = 8
MODEL_INPUT_TYPE = InputType.POINTWISE
eval_type = EvaluatorType.RANKING
single_spec = True
local_rank = 0
device = cuda
valid_neg_sample_args = {'distribution': 'uniform', 'sample_num': 'none'}
test_neg_sample_args = {'distribution': 'uniform', 'sample_num': 'none'}


/root/miniconda3/lib/python3.10/site-packages/recbole/data/dataset/dataset.py:501: FutureWarning: A value is trying to be set on a copy of a DataFrame or Series through chained assignment using an inplace method.
The behavior will change in pandas 3.0. This inplace method will never work because the intermediate object on which we are setting values always behaves as a copy.

For example, when doing 'df[col].method(value, inplace=True)', try using 'df.method({col: value}, inplace=True)' or df[col] = df[col].method(value) instead, to perform the operation inplace on the original object.


  df[field].fillna(value="", inplace=True)
/root/miniconda3/lib/python3.10/site-packages/recbole/data/dataset/dataset.py:501: FutureWarning: A value is trying to be set on a copy of a DataFrame or Series through chained assignment using an inplace method.
The behavior will change in pandas 3.0. This inplace method will never work because the intermediate object on which we are setting values always behaves as a copy.

For example, when doing 'df[col].method(value, inplace=True)', try using 'df.method({col: value}, inplace=True)' or df[col] = df[col].method(value) instead, to perform the operation inplace on the original object.


  df[field].fillna(value="", inplace=True)
/root/miniconda3/lib/python3.10/site-packages/recbole/data/dataset/dataset.py:501: FutureWarning: A value is trying to be set on a copy of a DataFrame or Series through chained assignment using an inplace method.
The behavior will change in pandas 3.0. This inplace method will never work because the intermediate object on which we are setting values always behaves as a copy.

For example, when doing 'df[col].method(value, inplace=True)', try using 'df.method({col: value}, inplace=True)' or df[col] = df[col].method(value) instead, to perform the operation inplace on the original object.


  df[field].fillna(value="", inplace=True)
/root/miniconda3/lib/python3.10/site-packages/recbole/data/dataset/dataset.py:1217: FutureWarning: using <built-in function len> in Series.agg cannot aggregate and has been deprecated. Use Series.transform to keep behavior unchanged.
  split_point = np.cumsum(feat[field].agg(len))[:-1]
/root/miniconda3/lib/python3.10/site-packages/recbole/data/dataset/dataset.py:648: FutureWarning: A value is trying to be set on a copy of a DataFrame or Series through chained assignment using an inplace method.
The behavior will change in pandas 3.0. This inplace method will never work because the intermediate object on which we are setting values always behaves as a copy.

For example, when doing 'df[col].method(value, inplace=True)', try using 'df.method({col: value}, inplace=True)' or df[col] = df[col].method(value) instead, to perform the operation inplace on the original object.


  feat[field].fillna(value=0, inplace=True)
/root/miniconda3/lib/python3.10/site-packages/recbole/data/dataset/sequential_dataset.py:165: FutureWarning: using <built-in function len> in Series.agg cannot aggregate and has been deprecated. Use Series.transform to keep behavior unchanged.
  ].agg(len)
24 May 09:24    INFO  Musical_Instruments
The number of users: 57440
Average actions of users: 7.910949006772402
The number of items: 24588
Average actions of items: 18.484196395883334
The number of inters: 454397
The sparsity of the dataset: 99.96782653619108%
Remain Fields: ['user_id', 'item_id_list', 'item_id', 'item_length']
24 May 09:24    INFO  [Training]: train_batch_size = [2048] train_neg_sample_args: [{'distribution': 'none', 'sample_num': 'none', 'alpha': 'none', 'dynamic': False, 'candidate_num': 0}]
24 May 09:24    INFO  [Evaluation]: eval_batch_size = [2048] eval_args: [{'split': {'LS': 'valid_and_test'}, 'order': 'TO', 'group_by': 'user', 'mode': {'valid': 'full', 'test': 'full'}}]
24 May 09:24    INFO  Loading from saved/UniSRec-May-24-2026_00-58-47.pth
24 May 09:24    INFO  UniSRec(
  (item_embedding): None
  (position_embedding): Embedding(50, 300)
  (trm_encoder): TransformerEncoder(
    (layer): ModuleList(
      (0-2): 3 x TransformerLayer(
        (multi_head_attention): MultiHeadAttention(
          (query): Linear(in_features=300, out_features=300, bias=True)
          (key): Linear(in_features=300, out_features=300, bias=True)
          (value): Linear(in_features=300, out_features=300, bias=True)
          (softmax): Softmax(dim=-1)
          (attn_dropout): Dropout(p=0.3, inplace=False)
          (dense): Linear(in_features=300, out_features=300, bias=True)
          (LayerNorm): LayerNorm((300,), eps=1e-12, elementwise_affine=True)
          (out_dropout): Dropout(p=0.3, inplace=False)
        )
        (feed_forward): FeedForward(
          (dense_1): Linear(in_features=300, out_features=512, bias=True)
          (dense_2): Linear(in_features=512, out_features=300, bias=True)
          (LayerNorm): LayerNorm((300,), eps=1e-12, elementwise_affine=True)
          (dropout): Dropout(p=0.3, inplace=False)
        )
      )
    )
  )
  (LayerNorm): LayerNorm((300,), eps=1e-12, elementwise_affine=True)
  (dropout): Dropout(p=0.3, inplace=False)
  (loss_fct): CrossEntropyLoss()
  (plm_embedding): Embedding(24588, 768, padding_idx=0)
  (moe_adaptor): MoEAdaptorLayer(
    (experts): ModuleList(
      (0-7): 8 x PWLayer(
        (dropout): Dropout(p=0.1, inplace=False)
        (lin): Linear(in_features=768, out_features=300, bias=False)
      )
    )
  )
)
Trainable parameters: 3888468
24 May 09:25    INFO  epoch 0 training [time: 46.37s, train loss: 1389.9810]
24 May 09:25    INFO  epoch 0 evaluating [time: 2.11s, valid_score: 0.035600]
24 May 09:25    INFO  valid result: 
recall@10 : 0.0687    recall@50 : 0.1681    ndcg@10 : 0.0356    ndcg@50 : 0.0571
24 May 09:25    INFO  Saving current: saved/UniSRec-May-24-2026_09-24-37.pth
24 May 09:26    INFO  epoch 1 training [time: 44.87s, train loss: 1388.5694]
24 May 09:26    INFO  epoch 1 evaluating [time: 2.09s, valid_score: 0.035800]
24 May 09:26    INFO  valid result: 
recall@10 : 0.0688    recall@50 : 0.1682    ndcg@10 : 0.0358    ndcg@50 : 0.0574
24 May 09:26    INFO  Saving current: saved/UniSRec-May-24-2026_09-24-37.pth
24 May 09:26    INFO  epoch 2 training [time: 45.80s, train loss: 1388.2358]
24 May 09:27    INFO  epoch 2 evaluating [time: 2.10s, valid_score: 0.035700]
24 May 09:27    INFO  valid result: 
recall@10 : 0.0689    recall@50 : 0.1675    ndcg@10 : 0.0357    ndcg@50 : 0.0571
24 May 09:27    INFO  epoch 3 training [time: 46.05s, train loss: 1387.3365]
24 May 09:27    INFO  epoch 3 evaluating [time: 2.09s, valid_score: 0.036000]
24 May 09:27    INFO  valid result: 
recall@10 : 0.0696    recall@50 : 0.1689    ndcg@10 : 0.036    ndcg@50 : 0.0574
24 May 09:27    INFO  Saving current: saved/UniSRec-May-24-2026_09-24-37.pth
24 May 09:28    INFO  epoch 4 training [time: 45.50s, train loss: 1386.9689]
24 May 09:28    INFO  epoch 4 evaluating [time: 2.09s, valid_score: 0.035700]
24 May 09:28    INFO  valid result: 
recall@10 : 0.0689    recall@50 : 0.1688    ndcg@10 : 0.0357    ndcg@50 : 0.0573
24 May 09:29    INFO  epoch 5 training [time: 45.00s, train loss: 1386.0456]
24 May 09:29    INFO  epoch 5 evaluating [time: 2.09s, valid_score: 0.035900]
24 May 09:29    INFO  valid result: 
recall@10 : 0.0694    recall@50 : 0.1696    ndcg@10 : 0.0359    ndcg@50 : 0.0576
24 May 09:30    INFO  epoch 6 training [time: 45.06s, train loss: 1385.6732]
24 May 09:30    INFO  epoch 6 evaluating [time: 2.12s, valid_score: 0.036000]
24 May 09:30    INFO  valid result: 
recall@10 : 0.0688    recall@50 : 0.1691    ndcg@10 : 0.036    ndcg@50 : 0.0577
24 May 09:30    INFO  Saving current: saved/UniSRec-May-24-2026_09-24-37.pth
24 May 09:30    INFO  epoch 7 training [time: 46.24s, train loss: 1385.0411]
24 May 09:31    INFO  epoch 7 evaluating [time: 2.08s, valid_score: 0.036100]
24 May 09:31    INFO  valid result: 
recall@10 : 0.0695    recall@50 : 0.1686    ndcg@10 : 0.0361    ndcg@50 : 0.0575
24 May 09:31    INFO  Saving current: saved/UniSRec-May-24-2026_09-24-37.pth
24 May 09:31    INFO  epoch 8 training [time: 45.22s, train loss: 1384.1992]
24 May 09:31    INFO  epoch 8 evaluating [time: 2.10s, valid_score: 0.036300]
24 May 09:31    INFO  valid result: 
recall@10 : 0.0693    recall@50 : 0.1701    ndcg@10 : 0.0363    ndcg@50 : 0.058
24 May 09:31    INFO  Saving current: saved/UniSRec-May-24-2026_09-24-37.pth
24 May 09:32    INFO  epoch 9 training [time: 46.17s, train loss: 1383.7377]
24 May 09:32    INFO  epoch 9 evaluating [time: 2.09s, valid_score: 0.036200]
24 May 09:32    INFO  valid result: 
recall@10 : 0.0697    recall@50 : 0.169    ndcg@10 : 0.0362    ndcg@50 : 0.0577
24 May 09:33    INFO  epoch 10 training [time: 46.13s, train loss: 1382.9668]
24 May 09:33    INFO  epoch 10 evaluating [time: 2.08s, valid_score: 0.036300]
24 May 09:33    INFO  valid result: 
recall@10 : 0.0695    recall@50 : 0.17    ndcg@10 : 0.0363    ndcg@50 : 0.0581
24 May 09:33    INFO  Saving current: saved/UniSRec-May-24-2026_09-24-37.pth
24 May 09:34    INFO  epoch 11 training [time: 46.06s, train loss: 1382.6749]
24 May 09:34    INFO  epoch 11 evaluating [time: 2.08s, valid_score: 0.036500]
24 May 09:34    INFO  valid result: 
recall@10 : 0.0701    recall@50 : 0.1697    ndcg@10 : 0.0365    ndcg@50 : 0.0581
24 May 09:34    INFO  Saving current: saved/UniSRec-May-24-2026_09-24-37.pth
24 May 09:35    INFO  epoch 12 training [time: 46.50s, train loss: 1381.7248]
24 May 09:35    INFO  epoch 12 evaluating [time: 2.08s, valid_score: 0.036000]
24 May 09:35    INFO  valid result: 
recall@10 : 0.0693    recall@50 : 0.1703    ndcg@10 : 0.036    ndcg@50 : 0.0579
24 May 09:35    INFO  epoch 13 training [time: 45.86s, train loss: 1381.0548]
24 May 09:35    INFO  epoch 13 evaluating [time: 2.13s, valid_score: 0.036400]
24 May 09:35    INFO  valid result: 
recall@10 : 0.0696    recall@50 : 0.1694    ndcg@10 : 0.0364    ndcg@50 : 0.058
24 May 09:36    INFO  epoch 14 training [time: 46.41s, train loss: 1380.5463]
24 May 09:36    INFO  epoch 14 evaluating [time: 2.13s, valid_score: 0.036200]
24 May 09:36    INFO  valid result: 
recall@10 : 0.069    recall@50 : 0.1701    ndcg@10 : 0.0362    ndcg@50 : 0.0582
24 May 09:37    INFO  epoch 15 training [time: 46.36s, train loss: 1380.1079]
24 May 09:37    INFO  epoch 15 evaluating [time: 2.10s, valid_score: 0.036100]
24 May 09:37    INFO  valid result: 
recall@10 : 0.07    recall@50 : 0.1697    ndcg@10 : 0.0361    ndcg@50 : 0.0577
24 May 09:38    INFO  epoch 16 training [time: 46.38s, train loss: 1379.4392]
24 May 09:38    INFO  epoch 16 evaluating [time: 2.13s, valid_score: 0.036500]
24 May 09:38    INFO  valid result: 
recall@10 : 0.0699    recall@50 : 0.1701    ndcg@10 : 0.0365    ndcg@50 : 0.0582
24 May 09:38    INFO  Saving current: saved/UniSRec-May-24-2026_09-24-37.pth
24 May 09:39    INFO  epoch 17 training [time: 45.98s, train loss: 1379.0940]
24 May 09:39    INFO  epoch 17 evaluating [time: 2.10s, valid_score: 0.036200]
24 May 09:39    INFO  valid result: 
recall@10 : 0.0702    recall@50 : 0.1707    ndcg@10 : 0.0362    ndcg@50 : 0.058
24 May 09:39    INFO  epoch 18 training [time: 46.22s, train loss: 1378.1130]
24 May 09:39    INFO  epoch 18 evaluating [time: 2.10s, valid_score: 0.036100]
24 May 09:39    INFO  valid result: 
recall@10 : 0.0701    recall@50 : 0.1707    ndcg@10 : 0.0361    ndcg@50 : 0.0579
24 May 09:40    INFO  epoch 19 training [time: 46.26s, train loss: 1377.6109]
24 May 09:40    INFO  epoch 19 evaluating [time: 2.10s, valid_score: 0.036300]
24 May 09:40    INFO  valid result: 
recall@10 : 0.0699    recall@50 : 0.1701    ndcg@10 : 0.0363    ndcg@50 : 0.058
24 May 09:41    INFO  epoch 20 training [time: 46.37s, train loss: 1376.9640]
24 May 09:41    INFO  epoch 20 evaluating [time: 2.09s, valid_score: 0.036300]
24 May 09:41    INFO  valid result: 
recall@10 : 0.0701    recall@50 : 0.1701    ndcg@10 : 0.0363    ndcg@50 : 0.0579
24 May 09:42    INFO  epoch 21 training [time: 45.48s, train loss: 1376.5892]
24 May 09:42    INFO  epoch 21 evaluating [time: 2.09s, valid_score: 0.036600]
24 May 09:42    INFO  valid result: 
recall@10 : 0.0703    recall@50 : 0.1704    ndcg@10 : 0.0366    ndcg@50 : 0.0583
24 May 09:42    INFO  Saving current: saved/UniSRec-May-24-2026_09-24-37.pth
24 May 09:43    INFO  epoch 22 training [time: 46.40s, train loss: 1375.8127]
24 May 09:43    INFO  epoch 22 evaluating [time: 2.10s, valid_score: 0.036500]
24 May 09:43    INFO  valid result: 
recall@10 : 0.0708    recall@50 : 0.1704    ndcg@10 : 0.0365    ndcg@50 : 0.0581
24 May 09:43    INFO  epoch 23 training [time: 46.05s, train loss: 1375.5991]
24 May 09:43    INFO  epoch 23 evaluating [time: 2.08s, valid_score: 0.036800]
24 May 09:43    INFO  valid result: 
recall@10 : 0.0709    recall@50 : 0.1702    ndcg@10 : 0.0368    ndcg@50 : 0.0583
24 May 09:43    INFO  Saving current: saved/UniSRec-May-24-2026_09-24-37.pth
24 May 09:44    INFO  epoch 24 training [time: 46.20s, train loss: 1374.7252]
24 May 09:44    INFO  epoch 24 evaluating [time: 2.10s, valid_score: 0.036500]
24 May 09:44    INFO  valid result: 
recall@10 : 0.0707    recall@50 : 0.1705    ndcg@10 : 0.0365    ndcg@50 : 0.0581
24 May 09:45    INFO  epoch 25 training [time: 45.39s, train loss: 1374.3849]
24 May 09:45    INFO  epoch 25 evaluating [time: 2.08s, valid_score: 0.036500]
24 May 09:45    INFO  valid result: 
recall@10 : 0.0711    recall@50 : 0.1708    ndcg@10 : 0.0365    ndcg@50 : 0.0581
24 May 09:46    INFO  epoch 26 training [time: 46.21s, train loss: 1373.8301]
24 May 09:46    INFO  epoch 26 evaluating [time: 2.11s, valid_score: 0.036900]
24 May 09:46    INFO  valid result: 
recall@10 : 0.0711    recall@50 : 0.1712    ndcg@10 : 0.0369    ndcg@50 : 0.0585
24 May 09:46    INFO  Saving current: saved/UniSRec-May-24-2026_09-24-37.pth
24 May 09:47    INFO  epoch 27 training [time: 45.70s, train loss: 1373.3824]
24 May 09:47    INFO  epoch 27 evaluating [time: 2.09s, valid_score: 0.036600]
24 May 09:47    INFO  valid result: 
recall@10 : 0.071    recall@50 : 0.1698    ndcg@10 : 0.0366    ndcg@50 : 0.058
24 May 09:47    INFO  epoch 28 training [time: 46.32s, train loss: 1372.6788]
24 May 09:47    INFO  epoch 28 evaluating [time: 2.10s, valid_score: 0.036700]
24 May 09:47    INFO  valid result: 
recall@10 : 0.0716    recall@50 : 0.1709    ndcg@10 : 0.0367    ndcg@50 : 0.0582
24 May 09:48    INFO  epoch 29 training [time: 46.18s, train loss: 1372.4426]
24 May 09:48    INFO  epoch 29 evaluating [time: 2.10s, valid_score: 0.036800]
24 May 09:48    INFO  valid result: 
recall@10 : 0.0709    recall@50 : 0.172    ndcg@10 : 0.0368    ndcg@50 : 0.0587
24 May 09:49    INFO  epoch 30 training [time: 46.17s, train loss: 1371.5645]
24 May 09:49    INFO  epoch 30 evaluating [time: 2.09s, valid_score: 0.036400]
24 May 09:49    INFO  valid result: 
recall@10 : 0.0704    recall@50 : 0.1692    ndcg@10 : 0.0364    ndcg@50 : 0.0579
24 May 09:50    INFO  epoch 31 training [time: 46.06s, train loss: 1371.2084]
24 May 09:50    INFO  epoch 31 evaluating [time: 2.10s, valid_score: 0.036800]
24 May 09:50    INFO  valid result: 
recall@10 : 0.0713    recall@50 : 0.1713    ndcg@10 : 0.0368    ndcg@50 : 0.0585
24 May 09:51    INFO  epoch 32 training [time: 46.16s, train loss: 1370.4090]
24 May 09:51    INFO  epoch 32 evaluating [time: 2.10s, valid_score: 0.036700]
24 May 09:51    INFO  valid result: 
recall@10 : 0.0716    recall@50 : 0.1715    ndcg@10 : 0.0367    ndcg@50 : 0.0583
24 May 09:51    INFO  epoch 33 training [time: 46.11s, train loss: 1370.0201]
24 May 09:51    INFO  epoch 33 evaluating [time: 2.10s, valid_score: 0.037300]
24 May 09:51    INFO  valid result: 
recall@10 : 0.0721    recall@50 : 0.1711    ndcg@10 : 0.0373    ndcg@50 : 0.0587
24 May 09:51    INFO  Saving current: saved/UniSRec-May-24-2026_09-24-37.pth
24 May 09:52    INFO  epoch 34 training [time: 46.14s, train loss: 1369.7827]
24 May 09:52    INFO  epoch 34 evaluating [time: 2.10s, valid_score: 0.037000]
24 May 09:52    INFO  valid result: 
recall@10 : 0.0721    recall@50 : 0.1719    ndcg@10 : 0.037    ndcg@50 : 0.0587
24 May 09:53    INFO  epoch 35 training [time: 46.40s, train loss: 1369.0406]
24 May 09:53    INFO  epoch 35 evaluating [time: 2.10s, valid_score: 0.036700]
24 May 09:53    INFO  valid result: 
recall@10 : 0.0713    recall@50 : 0.1714    ndcg@10 : 0.0367    ndcg@50 : 0.0584
24 May 09:54    INFO  epoch 36 training [time: 46.22s, train loss: 1368.4938]
24 May 09:54    INFO  epoch 36 evaluating [time: 2.09s, valid_score: 0.037100]
24 May 09:54    INFO  valid result: 
recall@10 : 0.0718    recall@50 : 0.1713    ndcg@10 : 0.0371    ndcg@50 : 0.0586
24 May 09:55    INFO  epoch 37 training [time: 45.82s, train loss: 1368.1565]
24 May 09:55    INFO  epoch 37 evaluating [time: 2.11s, valid_score: 0.037000]
24 May 09:55    INFO  valid result: 
recall@10 : 0.0715    recall@50 : 0.171    ndcg@10 : 0.037    ndcg@50 : 0.0586
24 May 09:55    INFO  epoch 38 training [time: 46.20s, train loss: 1367.4005]
24 May 09:55    INFO  epoch 38 evaluating [time: 2.08s, valid_score: 0.036900]
24 May 09:55    INFO  valid result: 
recall@10 : 0.072    recall@50 : 0.1721    ndcg@10 : 0.0369    ndcg@50 : 0.0585
24 May 09:56    INFO  epoch 39 training [time: 46.17s, train loss: 1366.8844]
24 May 09:56    INFO  epoch 39 evaluating [time: 2.12s, valid_score: 0.036900]
24 May 09:56    INFO  valid result: 
recall@10 : 0.0715    recall@50 : 0.1711    ndcg@10 : 0.0369    ndcg@50 : 0.0584
24 May 09:57    INFO  epoch 40 training [time: 46.15s, train loss: 1366.3769]
24 May 09:57    INFO  epoch 40 evaluating [time: 2.09s, valid_score: 0.036900]
24 May 09:57    INFO  valid result: 
recall@10 : 0.0711    recall@50 : 0.1711    ndcg@10 : 0.0369    ndcg@50 : 0.0586
24 May 09:58    INFO  epoch 41 training [time: 46.11s, train loss: 1366.1282]
24 May 09:58    INFO  epoch 41 evaluating [time: 2.10s, valid_score: 0.036900]
24 May 09:58    INFO  valid result: 
recall@10 : 0.0713    recall@50 : 0.172    ndcg@10 : 0.0369    ndcg@50 : 0.0587
24 May 09:59    INFO  epoch 42 training [time: 46.09s, train loss: 1365.4306]
24 May 09:59    INFO  epoch 42 evaluating [time: 2.13s, valid_score: 0.037200]
24 May 09:59    INFO  valid result: 
recall@10 : 0.0722    recall@50 : 0.173    ndcg@10 : 0.0372    ndcg@50 : 0.0589
24 May 09:59    INFO  epoch 43 training [time: 46.13s, train loss: 1365.2195]
24 May 09:59    INFO  epoch 43 evaluating [time: 2.10s, valid_score: 0.036900]
24 May 09:59    INFO  valid result: 
recall@10 : 0.0719    recall@50 : 0.1716    ndcg@10 : 0.0369    ndcg@50 : 0.0584
24 May 10:00    INFO  epoch 44 training [time: 46.06s, train loss: 1364.9791]
24 May 10:00    INFO  epoch 44 evaluating [time: 2.09s, valid_score: 0.036900]
24 May 10:00    INFO  valid result: 
recall@10 : 0.0712    recall@50 : 0.1718    ndcg@10 : 0.0369    ndcg@50 : 0.0587
24 May 10:00    INFO  Finished training, best eval result in epoch 33
24 May 10:00    INFO  Loading model structure and parameters from saved/UniSRec-May-24-2026_09-24-37.pth
24 May 10:00    INFO  best valid : OrderedDict([('recall@10', 0.0721), ('recall@50', 0.1711), ('ndcg@10', 0.0373), ('ndcg@50', 0.0587)])
24 May 10:00    INFO  test result: OrderedDict([('recall@10', 0.0647), ('recall@50', 0.1559), ('ndcg@10', 0.0336), ('ndcg@50', 0.0532)])
