command line args [-m GRU4Rec -d Musical_Instruments --epochs 180 --stopping_step 15 --tag mi-gru4rec-main --result_file results/experiment_results.jsonl --checkpoint_dir checkpoints --show_progress false] will not be used in RecBole
24 May 14:01    INFO  
General Hyper Parameters:
gpu_id = 0
use_gpu = True
seed = 2020
state = INFO
reproducibility = True
data_path = dataset/processed/Musical_Instruments
checkpoint_dir = checkpoints
show_progress = False
save_dataset = False
dataset_save_path = None
save_dataloaders = False
dataloaders_save_path = None
log_wandb = False

Training Hyper Parameters:
epochs = 180
train_batch_size = 2048
learner = adamw
learning_rate = 0.001
train_neg_sample_args = {'distribution': 'none', 'sample_num': 'none', 'alpha': 'none', 'dynamic': False, 'candidate_num': 0}
eval_step = 1
stopping_step = 15
clip_grad_norm = None
weight_decay = 0.0
loss_decimal_place = 4

Evaluation Hyper Parameters:
eval_args = {'split': {'LS': 'valid_and_test'}, 'order': 'TO', 'group_by': 'user', 'mode': {'valid': 'full', 'test': 'full'}}
repeatable = True
metrics = ['Recall', 'NDCG']
topk = [10, 50]
valid_metric = NDCG@10
valid_metric_bigger = True
eval_batch_size = 2048
metric_decimal_place = 4

Dataset Hyper Parameters:
field_separator = 	
seq_separator =  
USER_ID_FIELD = user_id
ITEM_ID_FIELD = item_id
RATING_FIELD = rating
TIME_FIELD = timestamp
seq_len = None
LABEL_FIELD = label
threshold = None
NEG_PREFIX = neg_
load_col = {'inter': ['user_id', 'item_id_list', 'item_id']}
unload_col = None
unused_col = None
additional_feat_suffix = None
rm_dup_inter = None
val_interval = None
filter_inter_by_user_or_item = True
user_inter_num_interval = [0,inf)
item_inter_num_interval = [0,inf)
alias_of_user_id = None
alias_of_item_id = ['item_id_list']
alias_of_entity_id = None
alias_of_relation_id = None
preload_weight = None
normalize_field = None
normalize_all = None
ITEM_LIST_LENGTH_FIELD = item_length
LIST_SUFFIX = _list
MAX_ITEM_LIST_LENGTH = 50
POSITION_FIELD = position_id
HEAD_ENTITY_ID_FIELD = head_id
TAIL_ENTITY_ID_FIELD = tail_id
RELATION_ID_FIELD = relation_id
ENTITY_ID_FIELD = entity_id
benchmark_filename = ['train', 'valid', 'test']

Other Hyper Parameters: 
worker = 0
wandb_project = recbole
shuffle = True
require_pow = False
enable_amp = False
enable_scaler = False
transform = None
embedding_size = 300
hidden_size = 300
num_layers = 1
dropout_prob = 0.2
loss_type = CE
numerical_features = []
discretization = None
kg_reverse_r = False
entity_kg_num_interval = [0,inf)
relation_kg_num_interval = [0,inf)
MODEL_TYPE = ModelType.SEQUENTIAL
MODEL_INPUT_TYPE = InputType.POINTWISE
eval_type = EvaluatorType.RANKING
single_spec = True
local_rank = 0
device = cuda
valid_neg_sample_args = {'distribution': 'uniform', 'sample_num': 'none'}
test_neg_sample_args = {'distribution': 'uniform', 'sample_num': 'none'}


/root/miniconda3/lib/python3.10/site-packages/recbole/data/dataset/dataset.py:501: FutureWarning: A value is trying to be set on a copy of a DataFrame or Series through chained assignment using an inplace method.
The behavior will change in pandas 3.0. This inplace method will never work because the intermediate object on which we are setting values always behaves as a copy.

For example, when doing 'df[col].method(value, inplace=True)', try using 'df.method({col: value}, inplace=True)' or df[col] = df[col].method(value) instead, to perform the operation inplace on the original object.


  df[field].fillna(value="", inplace=True)
/root/miniconda3/lib/python3.10/site-packages/recbole/data/dataset/dataset.py:501: FutureWarning: A value is trying to be set on a copy of a DataFrame or Series through chained assignment using an inplace method.
The behavior will change in pandas 3.0. This inplace method will never work because the intermediate object on which we are setting values always behaves as a copy.

For example, when doing 'df[col].method(value, inplace=True)', try using 'df.method({col: value}, inplace=True)' or df[col] = df[col].method(value) instead, to perform the operation inplace on the original object.


  df[field].fillna(value="", inplace=True)
/root/miniconda3/lib/python3.10/site-packages/recbole/data/dataset/dataset.py:501: FutureWarning: A value is trying to be set on a copy of a DataFrame or Series through chained assignment using an inplace method.
The behavior will change in pandas 3.0. This inplace method will never work because the intermediate object on which we are setting values always behaves as a copy.

For example, when doing 'df[col].method(value, inplace=True)', try using 'df.method({col: value}, inplace=True)' or df[col] = df[col].method(value) instead, to perform the operation inplace on the original object.


  df[field].fillna(value="", inplace=True)
/root/miniconda3/lib/python3.10/site-packages/recbole/data/dataset/dataset.py:1217: FutureWarning: using <built-in function len> in Series.agg cannot aggregate and has been deprecated. Use Series.transform to keep behavior unchanged.
  split_point = np.cumsum(feat[field].agg(len))[:-1]
/root/miniconda3/lib/python3.10/site-packages/recbole/data/dataset/dataset.py:648: FutureWarning: A value is trying to be set on a copy of a DataFrame or Series through chained assignment using an inplace method.
The behavior will change in pandas 3.0. This inplace method will never work because the intermediate object on which we are setting values always behaves as a copy.

For example, when doing 'df[col].method(value, inplace=True)', try using 'df.method({col: value}, inplace=True)' or df[col] = df[col].method(value) instead, to perform the operation inplace on the original object.


  feat[field].fillna(value=0, inplace=True)
/root/miniconda3/lib/python3.10/site-packages/recbole/data/dataset/sequential_dataset.py:165: FutureWarning: using <built-in function len> in Series.agg cannot aggregate and has been deprecated. Use Series.transform to keep behavior unchanged.
  ].agg(len)
24 May 14:01    INFO  Musical_Instruments
The number of users: 57440
Average actions of users: 7.910949006772402
The number of items: 24588
Average actions of items: 18.484196395883334
The number of inters: 454397
The sparsity of the dataset: 99.96782653619108%
Remain Fields: ['user_id', 'item_id_list', 'item_id', 'item_length']
24 May 14:01    INFO  [Training]: train_batch_size = [2048] train_neg_sample_args: [{'distribution': 'none', 'sample_num': 'none', 'alpha': 'none', 'dynamic': False, 'candidate_num': 0}]
24 May 14:01    INFO  [Evaluation]: eval_batch_size = [2048] eval_args: [{'split': {'LS': 'valid_and_test'}, 'order': 'TO', 'group_by': 'user', 'mode': {'valid': 'full', 'test': 'full'}}]
24 May 14:01    INFO  GRU4Rec(
  (item_embedding): Embedding(24588, 300, padding_idx=0)
  (emb_dropout): Dropout(p=0.2, inplace=False)
  (gru_layers): GRU(300, 300, bias=False, batch_first=True)
  (dense): Linear(in_features=300, out_features=300, bias=True)
  (loss_fct): CrossEntropyLoss()
)
Trainable parameters: 8006700
24 May 14:01    INFO  epoch 0 training [time: 5.62s, train loss: 1567.3913]
24 May 14:01    INFO  epoch 0 evaluating [time: 0.49s, valid_score: 0.016500]
24 May 14:01    INFO  valid result: 
recall@10 : 0.0323    recall@50 : 0.0838    ndcg@10 : 0.0165    ndcg@50 : 0.0275
24 May 14:01    INFO  Saving current: checkpoints/GRU4Rec-May-24-2026_14-01-21.pth
24 May 14:01    INFO  epoch 1 training [time: 5.47s, train loss: 1498.6929]
24 May 14:01    INFO  epoch 1 evaluating [time: 0.42s, valid_score: 0.022600]
24 May 14:01    INFO  valid result: 
recall@10 : 0.044    recall@50 : 0.1102    ndcg@10 : 0.0226    ndcg@50 : 0.0368
24 May 14:01    INFO  Saving current: checkpoints/GRU4Rec-May-24-2026_14-01-21.pth
24 May 14:01    INFO  epoch 2 training [time: 5.48s, train loss: 1449.3014]
24 May 14:01    INFO  epoch 2 evaluating [time: 0.43s, valid_score: 0.024900]
24 May 14:01    INFO  valid result: 
recall@10 : 0.0475    recall@50 : 0.1202    ndcg@10 : 0.0249    ndcg@50 : 0.0406
24 May 14:01    INFO  Saving current: checkpoints/GRU4Rec-May-24-2026_14-01-21.pth
24 May 14:01    INFO  epoch 3 training [time: 5.43s, train loss: 1416.0850]
24 May 14:01    INFO  epoch 3 evaluating [time: 0.42s, valid_score: 0.027600]
24 May 14:01    INFO  valid result: 
recall@10 : 0.0529    recall@50 : 0.1336    ndcg@10 : 0.0276    ndcg@50 : 0.045
24 May 14:01    INFO  Saving current: checkpoints/GRU4Rec-May-24-2026_14-01-21.pth
24 May 14:01    INFO  epoch 4 training [time: 5.44s, train loss: 1384.5007]
24 May 14:01    INFO  epoch 4 evaluating [time: 0.41s, valid_score: 0.029200]
24 May 14:01    INFO  valid result: 
recall@10 : 0.0559    recall@50 : 0.139    ndcg@10 : 0.0292    ndcg@50 : 0.0472
24 May 14:01    INFO  Saving current: checkpoints/GRU4Rec-May-24-2026_14-01-21.pth
24 May 14:01    INFO  epoch 5 training [time: 5.24s, train loss: 1355.2768]
24 May 14:01    INFO  epoch 5 evaluating [time: 0.41s, valid_score: 0.029600]
24 May 14:01    INFO  valid result: 
recall@10 : 0.0568    recall@50 : 0.1424    ndcg@10 : 0.0296    ndcg@50 : 0.0481
24 May 14:01    INFO  Saving current: checkpoints/GRU4Rec-May-24-2026_14-01-21.pth
24 May 14:02    INFO  epoch 6 training [time: 5.51s, train loss: 1326.2593]
24 May 14:02    INFO  epoch 6 evaluating [time: 0.42s, valid_score: 0.029500]
24 May 14:02    INFO  valid result: 
recall@10 : 0.0562    recall@50 : 0.1414    ndcg@10 : 0.0295    ndcg@50 : 0.0478
24 May 14:02    INFO  epoch 7 training [time: 5.42s, train loss: 1295.9752]
24 May 14:02    INFO  epoch 7 evaluating [time: 0.42s, valid_score: 0.028500]
24 May 14:02    INFO  valid result: 
recall@10 : 0.0547    recall@50 : 0.1383    ndcg@10 : 0.0285    ndcg@50 : 0.0465
24 May 14:02    INFO  epoch 8 training [time: 5.32s, train loss: 1264.2757]
24 May 14:02    INFO  epoch 8 evaluating [time: 0.41s, valid_score: 0.027300]
24 May 14:02    INFO  valid result: 
recall@10 : 0.053    recall@50 : 0.1344    ndcg@10 : 0.0273    ndcg@50 : 0.0449
24 May 14:02    INFO  epoch 9 training [time: 5.46s, train loss: 1231.4921]
24 May 14:02    INFO  epoch 9 evaluating [time: 0.40s, valid_score: 0.026000]
24 May 14:02    INFO  valid result: 
recall@10 : 0.0504    recall@50 : 0.1301    ndcg@10 : 0.026    ndcg@50 : 0.0432
24 May 14:02    INFO  epoch 10 training [time: 5.30s, train loss: 1196.6200]
24 May 14:02    INFO  epoch 10 evaluating [time: 0.42s, valid_score: 0.025000]
24 May 14:02    INFO  valid result: 
recall@10 : 0.0481    recall@50 : 0.1253    ndcg@10 : 0.025    ndcg@50 : 0.0417
24 May 14:02    INFO  epoch 11 training [time: 5.15s, train loss: 1160.7538]
24 May 14:02    INFO  epoch 11 evaluating [time: 0.42s, valid_score: 0.022600]
24 May 14:02    INFO  valid result: 
recall@10 : 0.0444    recall@50 : 0.1182    ndcg@10 : 0.0226    ndcg@50 : 0.0385
24 May 14:02    INFO  epoch 12 training [time: 5.16s, train loss: 1122.1554]
24 May 14:02    INFO  epoch 12 evaluating [time: 0.44s, valid_score: 0.021600]
24 May 14:02    INFO  valid result: 
recall@10 : 0.0416    recall@50 : 0.1125    ndcg@10 : 0.0216    ndcg@50 : 0.0369
24 May 14:02    INFO  epoch 13 training [time: 5.24s, train loss: 1082.5167]
24 May 14:02    INFO  epoch 13 evaluating [time: 0.42s, valid_score: 0.020200]
24 May 14:02    INFO  valid result: 
recall@10 : 0.0385    recall@50 : 0.1055    ndcg@10 : 0.0202    ndcg@50 : 0.0346
24 May 14:02    INFO  epoch 14 training [time: 5.28s, train loss: 1041.7405]
24 May 14:02    INFO  epoch 14 evaluating [time: 0.43s, valid_score: 0.018700]
24 May 14:02    INFO  valid result: 
recall@10 : 0.0363    recall@50 : 0.1    ndcg@10 : 0.0187    ndcg@50 : 0.0323
24 May 14:02    INFO  epoch 15 training [time: 5.44s, train loss: 1000.0736]
24 May 14:02    INFO  epoch 15 evaluating [time: 0.43s, valid_score: 0.018300]
24 May 14:02    INFO  valid result: 
recall@10 : 0.0354    recall@50 : 0.0983    ndcg@10 : 0.0183    ndcg@50 : 0.0318
24 May 14:03    INFO  epoch 16 training [time: 5.24s, train loss: 957.9185]
24 May 14:03    INFO  epoch 16 evaluating [time: 0.41s, valid_score: 0.017000]
24 May 14:03    INFO  valid result: 
recall@10 : 0.0331    recall@50 : 0.0951    ndcg@10 : 0.017    ndcg@50 : 0.0303
24 May 14:03    INFO  epoch 17 training [time: 5.39s, train loss: 916.7866]
24 May 14:03    INFO  epoch 17 evaluating [time: 0.43s, valid_score: 0.016400]
24 May 14:03    INFO  valid result: 
recall@10 : 0.0321    recall@50 : 0.0921    ndcg@10 : 0.0164    ndcg@50 : 0.0292
24 May 14:03    INFO  epoch 18 training [time: 5.27s, train loss: 876.4528]
24 May 14:03    INFO  epoch 18 evaluating [time: 0.43s, valid_score: 0.015200]
24 May 14:03    INFO  valid result: 
recall@10 : 0.03    recall@50 : 0.0896    ndcg@10 : 0.0152    ndcg@50 : 0.028
24 May 14:03    INFO  epoch 19 training [time: 5.34s, train loss: 838.0809]
24 May 14:03    INFO  epoch 19 evaluating [time: 0.42s, valid_score: 0.014600]
24 May 14:03    INFO  valid result: 
recall@10 : 0.0293    recall@50 : 0.0856    ndcg@10 : 0.0146    ndcg@50 : 0.0267
24 May 14:03    INFO  epoch 20 training [time: 5.30s, train loss: 800.9676]
24 May 14:03    INFO  epoch 20 evaluating [time: 0.41s, valid_score: 0.014700]
24 May 14:03    INFO  valid result: 
recall@10 : 0.0292    recall@50 : 0.0863    ndcg@10 : 0.0147    ndcg@50 : 0.0269
24 May 14:03    INFO  epoch 21 training [time: 5.34s, train loss: 765.2875]
24 May 14:03    INFO  epoch 21 evaluating [time: 0.45s, valid_score: 0.013600]
24 May 14:03    INFO  valid result: 
recall@10 : 0.0271    recall@50 : 0.0827    ndcg@10 : 0.0136    ndcg@50 : 0.0255
24 May 14:03    INFO  Finished training, best eval result in epoch 5
24 May 14:03    INFO  Loading model structure and parameters from checkpoints/GRU4Rec-May-24-2026_14-01-21.pth
24 May 14:03    INFO  best valid : OrderedDict([('recall@10', 0.0568), ('recall@50', 0.1424), ('ndcg@10', 0.0296), ('ndcg@50', 0.0481)])
24 May 14:03    INFO  test result: OrderedDict([('recall@10', 0.0519), ('recall@50', 0.1262), ('ndcg@10', 0.0271), ('ndcg@50', 0.0431)])
