{
  "tag": "mi-rrf-unisrec-only",
  "model": "RRF",
  "dataset": "Musical_Instruments",
  "ranklists": [
    "ranklists/mi-transductive-lr5e5-test.jsonl",
    "ranklists/mi-sasrec-main-test.jsonl",
    "ranklists/mi-gru4rec-main-test.jsonl",
    "ranklists/mi-narm-main-test.jsonl"
  ],
  "weights": [
    1.0,
    0.0,
    0.0,
    0.0
  ],
  "rrf_k": 60.0,
  "topk": 200,
  "metrics": {
    "recall@50": 0.1668204530023155,
    "ndcg@50": 0.05608509620763031,
    "recall@10": 0.06798516687268233,
    "ndcg@10": 0.034678046430432534
  }
}
