{
  "tag": "mi-rrf-u4-s1",
  "model": "RRF",
  "dataset": "Musical_Instruments",
  "ranklists": [
    "ranklists/mi-transductive-lr5e5-test.jsonl",
    "ranklists/mi-sasrec-main-test.jsonl",
    "ranklists/mi-gru4rec-main-test.jsonl",
    "ranklists/mi-narm-main-test.jsonl"
  ],
  "weights": [
    4.0,
    1.0,
    0.0,
    0.0
  ],
  "rrf_k": 60.0,
  "topk": 200,
  "metrics": {
    "recall@50": 0.17018053935479377,
    "ndcg@50": 0.057487245950147765,
    "recall@10": 0.06857709918348161,
    "ndcg@10": 0.03550172181463733
  }
}
