{
  "tag": "mi-rrf-u4-s1-g1-n1",
  "model": "RRF",
  "dataset": "Musical_Instruments",
  "ranklists": [
    "ranklists/mi-transductive-lr5e5-test.jsonl",
    "ranklists/mi-sasrec-main-test.jsonl",
    "ranklists/mi-gru4rec-main-test.jsonl",
    "ranklists/mi-narm-main-test.jsonl"
  ],
  "weights": [
    4.0,
    1.0,
    1.0,
    1.0
  ],
  "rrf_k": 60.0,
  "topk": 200,
  "metrics": {
    "recall@50": 0.16838733264854888,
    "ndcg@50": 0.0574262460926475,
    "recall@10": 0.06915162172043385,
    "ndcg@10": 0.03603008902424871
  }
}
