{
  "tag": "mi-rrf-u8-s1-g1-n1",
  "model": "RRF",
  "dataset": "Musical_Instruments",
  "ranklists": [
    "ranklists/mi-transductive-lr5e5-test.jsonl",
    "ranklists/mi-sasrec-main-test.jsonl",
    "ranklists/mi-gru4rec-main-test.jsonl",
    "ranklists/mi-narm-main-test.jsonl"
  ],
  "weights": [
    8.0,
    1.0,
    1.0,
    1.0
  ],
  "rrf_k": 60.0,
  "topk": 200,
  "metrics": {
    "recall@50": 0.16993680252093527,
    "ndcg@50": 0.05795855067728658,
    "recall@10": 0.06996988109124462,
    "ndcg@10": 0.03639702782622258
  }
}
