{
  "tag": "mi-rrf-u4-n1",
  "model": "RRF",
  "dataset": "Musical_Instruments",
  "ranklists": [
    "ranklists/mi-transductive-lr5e5-test.jsonl",
    "ranklists/mi-sasrec-main-test.jsonl",
    "ranklists/mi-gru4rec-main-test.jsonl",
    "ranklists/mi-narm-main-test.jsonl"
  ],
  "weights": [
    4.0,
    0.0,
    0.0,
    1.0
  ],
  "rrf_k": 60.0,
  "topk": 200,
  "metrics": {
    "recall@50": 0.16875293789933668,
    "ndcg@50": 0.05760137808027823,
    "recall@10": 0.069221260815822,
    "ndcg@10": 0.03609565093103478
  }
}
