command line args [-m SASRec -d Musical_Instruments --epochs 180 --stopping_step 15 --tag mi-sasrec-main --result_file results/experiment_results.jsonl --checkpoint_dir checkpoints --show_progress false] will not be used in RecBole
24 May 14:08    INFO  
General Hyper Parameters:
gpu_id = 0
use_gpu = True
seed = 2020
state = INFO
reproducibility = True
data_path = dataset/processed/Musical_Instruments
checkpoint_dir = checkpoints
show_progress = False
save_dataset = False
dataset_save_path = None
save_dataloaders = False
dataloaders_save_path = None
log_wandb = False

Training Hyper Parameters:
epochs = 180
train_batch_size = 2048
learner = adamw
learning_rate = 0.001
train_neg_sample_args = {'distribution': 'none', 'sample_num': 'none', 'alpha': 'none', 'dynamic': False, 'candidate_num': 0}
eval_step = 1
stopping_step = 15
clip_grad_norm = None
weight_decay = 0.0
loss_decimal_place = 4

Evaluation Hyper Parameters:
eval_args = {'split': {'LS': 'valid_and_test'}, 'order': 'TO', 'group_by': 'user', 'mode': {'valid': 'full', 'test': 'full'}}
repeatable = True
metrics = ['Recall', 'NDCG']
topk = [10, 50]
valid_metric = NDCG@10
valid_metric_bigger = True
eval_batch_size = 2048
metric_decimal_place = 4

Dataset Hyper Parameters:
field_separator = 	
seq_separator =  
USER_ID_FIELD = user_id
ITEM_ID_FIELD = item_id
RATING_FIELD = rating
TIME_FIELD = timestamp
seq_len = None
LABEL_FIELD = label
threshold = None
NEG_PREFIX = neg_
load_col = {'inter': ['user_id', 'item_id_list', 'item_id']}
unload_col = None
unused_col = None
additional_feat_suffix = None
rm_dup_inter = None
val_interval = None
filter_inter_by_user_or_item = True
user_inter_num_interval = [0,inf)
item_inter_num_interval = [0,inf)
alias_of_user_id = None
alias_of_item_id = ['item_id_list']
alias_of_entity_id = None
alias_of_relation_id = None
preload_weight = None
normalize_field = None
normalize_all = None
ITEM_LIST_LENGTH_FIELD = item_length
LIST_SUFFIX = _list
MAX_ITEM_LIST_LENGTH = 50
POSITION_FIELD = position_id
HEAD_ENTITY_ID_FIELD = head_id
TAIL_ENTITY_ID_FIELD = tail_id
RELATION_ID_FIELD = relation_id
ENTITY_ID_FIELD = entity_id
benchmark_filename = ['train', 'valid', 'test']

Other Hyper Parameters: 
worker = 0
wandb_project = recbole
shuffle = True
require_pow = False
enable_amp = False
enable_scaler = False
transform = None
n_layers = 3
n_heads = 4
hidden_size = 300
inner_size = 512
hidden_dropout_prob = 0.3
attn_dropout_prob = 0.3
hidden_act = gelu
layer_norm_eps = 1e-12
initializer_range = 0.02
loss_type = CE
numerical_features = []
discretization = None
kg_reverse_r = False
entity_kg_num_interval = [0,inf)
relation_kg_num_interval = [0,inf)
MODEL_TYPE = ModelType.SEQUENTIAL
MODEL_INPUT_TYPE = InputType.POINTWISE
eval_type = EvaluatorType.RANKING
single_spec = True
local_rank = 0
device = cuda
valid_neg_sample_args = {'distribution': 'uniform', 'sample_num': 'none'}
test_neg_sample_args = {'distribution': 'uniform', 'sample_num': 'none'}


/root/miniconda3/lib/python3.10/site-packages/recbole/data/dataset/dataset.py:501: FutureWarning: A value is trying to be set on a copy of a DataFrame or Series through chained assignment using an inplace method.
The behavior will change in pandas 3.0. This inplace method will never work because the intermediate object on which we are setting values always behaves as a copy.

For example, when doing 'df[col].method(value, inplace=True)', try using 'df.method({col: value}, inplace=True)' or df[col] = df[col].method(value) instead, to perform the operation inplace on the original object.


  df[field].fillna(value="", inplace=True)
/root/miniconda3/lib/python3.10/site-packages/recbole/data/dataset/dataset.py:501: FutureWarning: A value is trying to be set on a copy of a DataFrame or Series through chained assignment using an inplace method.
The behavior will change in pandas 3.0. This inplace method will never work because the intermediate object on which we are setting values always behaves as a copy.

For example, when doing 'df[col].method(value, inplace=True)', try using 'df.method({col: value}, inplace=True)' or df[col] = df[col].method(value) instead, to perform the operation inplace on the original object.


  df[field].fillna(value="", inplace=True)
/root/miniconda3/lib/python3.10/site-packages/recbole/data/dataset/dataset.py:501: FutureWarning: A value is trying to be set on a copy of a DataFrame or Series through chained assignment using an inplace method.
The behavior will change in pandas 3.0. This inplace method will never work because the intermediate object on which we are setting values always behaves as a copy.

For example, when doing 'df[col].method(value, inplace=True)', try using 'df.method({col: value}, inplace=True)' or df[col] = df[col].method(value) instead, to perform the operation inplace on the original object.


  df[field].fillna(value="", inplace=True)
/root/miniconda3/lib/python3.10/site-packages/recbole/data/dataset/dataset.py:1217: FutureWarning: using <built-in function len> in Series.agg cannot aggregate and has been deprecated. Use Series.transform to keep behavior unchanged.
  split_point = np.cumsum(feat[field].agg(len))[:-1]
/root/miniconda3/lib/python3.10/site-packages/recbole/data/dataset/dataset.py:648: FutureWarning: A value is trying to be set on a copy of a DataFrame or Series through chained assignment using an inplace method.
The behavior will change in pandas 3.0. This inplace method will never work because the intermediate object on which we are setting values always behaves as a copy.

For example, when doing 'df[col].method(value, inplace=True)', try using 'df.method({col: value}, inplace=True)' or df[col] = df[col].method(value) instead, to perform the operation inplace on the original object.


  feat[field].fillna(value=0, inplace=True)
/root/miniconda3/lib/python3.10/site-packages/recbole/data/dataset/sequential_dataset.py:165: FutureWarning: using <built-in function len> in Series.agg cannot aggregate and has been deprecated. Use Series.transform to keep behavior unchanged.
  ].agg(len)
24 May 14:08    INFO  Musical_Instruments
The number of users: 57440
Average actions of users: 7.910949006772402
The number of items: 24588
Average actions of items: 18.484196395883334
The number of inters: 454397
The sparsity of the dataset: 99.96782653619108%
Remain Fields: ['user_id', 'item_id_list', 'item_id', 'item_length']
24 May 14:08    INFO  [Training]: train_batch_size = [2048] train_neg_sample_args: [{'distribution': 'none', 'sample_num': 'none', 'alpha': 'none', 'dynamic': False, 'candidate_num': 0}]
24 May 14:08    INFO  [Evaluation]: eval_batch_size = [2048] eval_args: [{'split': {'LS': 'valid_and_test'}, 'order': 'TO', 'group_by': 'user', 'mode': {'valid': 'full', 'test': 'full'}}]
24 May 14:08    INFO  SASRec(
  (item_embedding): Embedding(24588, 300, padding_idx=0)
  (position_embedding): Embedding(50, 300)
  (trm_encoder): TransformerEncoder(
    (layer): ModuleList(
      (0-2): 3 x TransformerLayer(
        (multi_head_attention): MultiHeadAttention(
          (query): Linear(in_features=300, out_features=300, bias=True)
          (key): Linear(in_features=300, out_features=300, bias=True)
          (value): Linear(in_features=300, out_features=300, bias=True)
          (softmax): Softmax(dim=-1)
          (attn_dropout): Dropout(p=0.3, inplace=False)
          (dense): Linear(in_features=300, out_features=300, bias=True)
          (LayerNorm): LayerNorm((300,), eps=1e-12, elementwise_affine=True)
          (out_dropout): Dropout(p=0.3, inplace=False)
        )
        (feed_forward): FeedForward(
          (dense_1): Linear(in_features=300, out_features=512, bias=True)
          (dense_2): Linear(in_features=512, out_features=300, bias=True)
          (LayerNorm): LayerNorm((300,), eps=1e-12, elementwise_affine=True)
          (dropout): Dropout(p=0.3, inplace=False)
        )
      )
    )
  )
  (LayerNorm): LayerNorm((300,), eps=1e-12, elementwise_affine=True)
  (dropout): Dropout(p=0.3, inplace=False)
  (loss_fct): CrossEntropyLoss()
)
Trainable parameters: 9403236
24 May 14:08    INFO  epoch 0 training [time: 30.09s, train loss: 1574.5930]
24 May 14:08    INFO  epoch 0 evaluating [time: 1.36s, valid_score: 0.015200]
24 May 14:08    INFO  valid result: 
recall@10 : 0.0304    recall@50 : 0.0782    ndcg@10 : 0.0152    ndcg@50 : 0.0254
24 May 14:08    INFO  Saving current: checkpoints/SASRec-May-24-2026_14-08-18.pth
24 May 14:09    INFO  epoch 1 training [time: 29.64s, train loss: 1548.1411]
24 May 14:09    INFO  epoch 1 evaluating [time: 1.32s, valid_score: 0.015300]
24 May 14:09    INFO  valid result: 
recall@10 : 0.0298    recall@50 : 0.0809    ndcg@10 : 0.0153    ndcg@50 : 0.0262
24 May 14:09    INFO  Saving current: checkpoints/SASRec-May-24-2026_14-08-18.pth
24 May 14:09    INFO  epoch 2 training [time: 29.67s, train loss: 1524.2693]
24 May 14:09    INFO  epoch 2 evaluating [time: 1.34s, valid_score: 0.017400]
24 May 14:09    INFO  valid result: 
recall@10 : 0.0343    recall@50 : 0.0902    ndcg@10 : 0.0174    ndcg@50 : 0.0295
24 May 14:09    INFO  Saving current: checkpoints/SASRec-May-24-2026_14-08-18.pth
24 May 14:10    INFO  epoch 3 training [time: 29.75s, train loss: 1488.7739]
24 May 14:10    INFO  epoch 3 evaluating [time: 1.33s, valid_score: 0.021200]
24 May 14:10    INFO  valid result: 
recall@10 : 0.0408    recall@50 : 0.1058    ndcg@10 : 0.0212    ndcg@50 : 0.0352
24 May 14:10    INFO  Saving current: checkpoints/SASRec-May-24-2026_14-08-18.pth
24 May 14:10    INFO  epoch 4 training [time: 29.75s, train loss: 1456.7214]
24 May 14:10    INFO  epoch 4 evaluating [time: 1.32s, valid_score: 0.024000]
24 May 14:10    INFO  valid result: 
recall@10 : 0.046    recall@50 : 0.1182    ndcg@10 : 0.024    ndcg@50 : 0.0395
24 May 14:10    INFO  Saving current: checkpoints/SASRec-May-24-2026_14-08-18.pth
24 May 14:11    INFO  epoch 5 training [time: 29.78s, train loss: 1430.2784]
24 May 14:11    INFO  epoch 5 evaluating [time: 1.30s, valid_score: 0.026500]
24 May 14:11    INFO  valid result: 
recall@10 : 0.0507    recall@50 : 0.1299    ndcg@10 : 0.0265    ndcg@50 : 0.0435
24 May 14:11    INFO  Saving current: checkpoints/SASRec-May-24-2026_14-08-18.pth
24 May 14:11    INFO  epoch 6 training [time: 29.62s, train loss: 1400.9300]
24 May 14:11    INFO  epoch 6 evaluating [time: 1.31s, valid_score: 0.028900]
24 May 14:11    INFO  valid result: 
recall@10 : 0.0549    recall@50 : 0.1367    ndcg@10 : 0.0289    ndcg@50 : 0.0465
24 May 14:11    INFO  Saving current: checkpoints/SASRec-May-24-2026_14-08-18.pth
24 May 14:12    INFO  epoch 7 training [time: 29.48s, train loss: 1373.9131]
24 May 14:12    INFO  epoch 7 evaluating [time: 1.30s, valid_score: 0.029800]
24 May 14:12    INFO  valid result: 
recall@10 : 0.0563    recall@50 : 0.1411    ndcg@10 : 0.0298    ndcg@50 : 0.0482
24 May 14:12    INFO  Saving current: checkpoints/SASRec-May-24-2026_14-08-18.pth
24 May 14:12    INFO  epoch 8 training [time: 28.74s, train loss: 1350.5007]
24 May 14:12    INFO  epoch 8 evaluating [time: 1.31s, valid_score: 0.030200]
24 May 14:12    INFO  valid result: 
recall@10 : 0.0575    recall@50 : 0.1435    ndcg@10 : 0.0302    ndcg@50 : 0.0489
24 May 14:12    INFO  Saving current: checkpoints/SASRec-May-24-2026_14-08-18.pth
24 May 14:13    INFO  epoch 9 training [time: 29.73s, train loss: 1328.4618]
24 May 14:13    INFO  epoch 9 evaluating [time: 1.32s, valid_score: 0.030400]
24 May 14:13    INFO  valid result: 
recall@10 : 0.0587    recall@50 : 0.1481    ndcg@10 : 0.0304    ndcg@50 : 0.0497
24 May 14:13    INFO  Saving current: checkpoints/SASRec-May-24-2026_14-08-18.pth
24 May 14:14    INFO  epoch 10 training [time: 29.79s, train loss: 1304.3436]
24 May 14:14    INFO  epoch 10 evaluating [time: 1.30s, valid_score: 0.030400]
24 May 14:14    INFO  valid result: 
recall@10 : 0.0592    recall@50 : 0.1478    ndcg@10 : 0.0304    ndcg@50 : 0.0494
24 May 14:14    INFO  Saving current: checkpoints/SASRec-May-24-2026_14-08-18.pth
24 May 14:14    INFO  epoch 11 training [time: 29.54s, train loss: 1278.2928]
24 May 14:14    INFO  epoch 11 evaluating [time: 1.33s, valid_score: 0.029000]
24 May 14:14    INFO  valid result: 
recall@10 : 0.0576    recall@50 : 0.1458    ndcg@10 : 0.029    ndcg@50 : 0.048
24 May 14:15    INFO  epoch 12 training [time: 29.58s, train loss: 1249.4357]
24 May 14:15    INFO  epoch 12 evaluating [time: 1.31s, valid_score: 0.028700]
24 May 14:15    INFO  valid result: 
recall@10 : 0.0581    recall@50 : 0.1452    ndcg@10 : 0.0287    ndcg@50 : 0.0476
24 May 14:15    INFO  epoch 13 training [time: 29.49s, train loss: 1218.6359]
24 May 14:15    INFO  epoch 13 evaluating [time: 1.31s, valid_score: 0.027100]
24 May 14:15    INFO  valid result: 
recall@10 : 0.0562    recall@50 : 0.1427    ndcg@10 : 0.0271    ndcg@50 : 0.0458
24 May 14:16    INFO  epoch 14 training [time: 29.12s, train loss: 1187.9379]
24 May 14:16    INFO  epoch 14 evaluating [time: 1.30s, valid_score: 0.025500]
24 May 14:16    INFO  valid result: 
recall@10 : 0.0537    recall@50 : 0.1393    ndcg@10 : 0.0255    ndcg@50 : 0.044
24 May 14:16    INFO  epoch 15 training [time: 29.36s, train loss: 1157.0334]
24 May 14:16    INFO  epoch 15 evaluating [time: 1.32s, valid_score: 0.024900]
24 May 14:16    INFO  valid result: 
recall@10 : 0.0526    recall@50 : 0.1356    ndcg@10 : 0.0249    ndcg@50 : 0.0429
24 May 14:17    INFO  epoch 16 training [time: 29.84s, train loss: 1126.1554]
24 May 14:17    INFO  epoch 16 evaluating [time: 1.30s, valid_score: 0.024500]
24 May 14:17    INFO  valid result: 
recall@10 : 0.0513    recall@50 : 0.1319    ndcg@10 : 0.0245    ndcg@50 : 0.0419
24 May 14:17    INFO  epoch 17 training [time: 29.69s, train loss: 1095.8016]
24 May 14:17    INFO  epoch 17 evaluating [time: 1.30s, valid_score: 0.023000]
24 May 14:17    INFO  valid result: 
recall@10 : 0.0488    recall@50 : 0.1274    ndcg@10 : 0.023    ndcg@50 : 0.04
24 May 14:18    INFO  epoch 18 training [time: 29.73s, train loss: 1066.8695]
24 May 14:18    INFO  epoch 18 evaluating [time: 1.31s, valid_score: 0.021700]
24 May 14:18    INFO  valid result: 
recall@10 : 0.0469    recall@50 : 0.1233    ndcg@10 : 0.0217    ndcg@50 : 0.0382
24 May 14:18    INFO  epoch 19 training [time: 29.04s, train loss: 1038.0450]
24 May 14:18    INFO  epoch 19 evaluating [time: 1.32s, valid_score: 0.021300]
24 May 14:18    INFO  valid result: 
recall@10 : 0.0456    recall@50 : 0.1214    ndcg@10 : 0.0213    ndcg@50 : 0.0376
24 May 14:19    INFO  epoch 20 training [time: 29.63s, train loss: 1010.1791]
24 May 14:19    INFO  epoch 20 evaluating [time: 1.31s, valid_score: 0.021200]
24 May 14:19    INFO  valid result: 
recall@10 : 0.0449    recall@50 : 0.1179    ndcg@10 : 0.0212    ndcg@50 : 0.0369
24 May 14:19    INFO  epoch 21 training [time: 29.56s, train loss: 983.6032]
24 May 14:19    INFO  epoch 21 evaluating [time: 1.30s, valid_score: 0.020900]
24 May 14:19    INFO  valid result: 
recall@10 : 0.044    recall@50 : 0.1166    ndcg@10 : 0.0209    ndcg@50 : 0.0365
24 May 14:20    INFO  epoch 22 training [time: 29.40s, train loss: 957.4186]
24 May 14:20    INFO  epoch 22 evaluating [time: 1.30s, valid_score: 0.020100]
24 May 14:20    INFO  valid result: 
recall@10 : 0.0424    recall@50 : 0.1136    ndcg@10 : 0.0201    ndcg@50 : 0.0355
24 May 14:20    INFO  epoch 23 training [time: 29.52s, train loss: 933.8279]
24 May 14:20    INFO  epoch 23 evaluating [time: 1.31s, valid_score: 0.019400]
24 May 14:20    INFO  valid result: 
recall@10 : 0.0409    recall@50 : 0.1119    ndcg@10 : 0.0194    ndcg@50 : 0.0347
24 May 14:21    INFO  epoch 24 training [time: 29.43s, train loss: 911.4538]
24 May 14:21    INFO  epoch 24 evaluating [time: 1.33s, valid_score: 0.018300]
24 May 14:21    INFO  valid result: 
recall@10 : 0.039    recall@50 : 0.1066    ndcg@10 : 0.0183    ndcg@50 : 0.0328
24 May 14:21    INFO  epoch 25 training [time: 29.34s, train loss: 889.9648]
24 May 14:21    INFO  epoch 25 evaluating [time: 1.31s, valid_score: 0.018500]
24 May 14:21    INFO  valid result: 
recall@10 : 0.0387    recall@50 : 0.1081    ndcg@10 : 0.0185    ndcg@50 : 0.0335
24 May 14:22    INFO  epoch 26 training [time: 29.15s, train loss: 869.3899]
24 May 14:22    INFO  epoch 26 evaluating [time: 1.30s, valid_score: 0.018300]
24 May 14:22    INFO  valid result: 
recall@10 : 0.0387    recall@50 : 0.1047    ndcg@10 : 0.0183    ndcg@50 : 0.0325
24 May 14:22    INFO  Finished training, best eval result in epoch 10
24 May 14:22    INFO  Loading model structure and parameters from checkpoints/SASRec-May-24-2026_14-08-18.pth
24 May 14:22    INFO  best valid : OrderedDict([('recall@10', 0.0592), ('recall@50', 0.1478), ('ndcg@10', 0.0304), ('ndcg@50', 0.0494)])
24 May 14:22    INFO  test result: OrderedDict([('recall@10', 0.0536), ('recall@50', 0.1313), ('ndcg@10', 0.0279), ('ndcg@50', 0.0447)])
