command line args [-m UniSRec -d Musical_Instruments -p checkpoints/mi-baseline-resume-best.pth --train_stage transductive_ft --epochs 100 --stopping_step 10 --show_progress false --tag mi-transductive-warm --result_file results/experiment_results.jsonl] will not be used in RecBole
24 May 10:02    INFO  
General Hyper Parameters:
gpu_id = 0
use_gpu = True
seed = 2020
state = INFO
reproducibility = True
data_path = dataset/processed/Musical_Instruments
checkpoint_dir = saved
show_progress = False
save_dataset = False
dataset_save_path = None
save_dataloaders = False
dataloaders_save_path = None
log_wandb = False

Training Hyper Parameters:
epochs = 100
train_batch_size = 2048
learner = adamw
learning_rate = 0.0001
train_neg_sample_args = {'distribution': 'none', 'sample_num': 'none', 'alpha': 'none', 'dynamic': False, 'candidate_num': 0}
eval_step = 1
stopping_step = 10
clip_grad_norm = None
weight_decay = 0.0
loss_decimal_place = 4

Evaluation Hyper Parameters:
eval_args = {'split': {'LS': 'valid_and_test'}, 'order': 'TO', 'group_by': 'user', 'mode': {'valid': 'full', 'test': 'full'}}
repeatable = True
metrics = ['Recall', 'NDCG']
topk = [10, 50]
valid_metric = NDCG@10
valid_metric_bigger = True
eval_batch_size = 2048
metric_decimal_place = 4

Dataset Hyper Parameters:
field_separator = 	
seq_separator =  
USER_ID_FIELD = user_id
ITEM_ID_FIELD = item_id
RATING_FIELD = rating
TIME_FIELD = timestamp
seq_len = None
LABEL_FIELD = label
threshold = None
NEG_PREFIX = neg_
load_col = {'inter': ['user_id', 'item_id_list', 'item_id']}
unload_col = None
unused_col = None
additional_feat_suffix = None
rm_dup_inter = None
val_interval = None
filter_inter_by_user_or_item = True
user_inter_num_interval = [0,inf)
item_inter_num_interval = [0,inf)
alias_of_user_id = None
alias_of_item_id = ['item_id_list']
alias_of_entity_id = None
alias_of_relation_id = None
preload_weight = None
normalize_field = None
normalize_all = None
ITEM_LIST_LENGTH_FIELD = item_length
LIST_SUFFIX = _list
MAX_ITEM_LIST_LENGTH = 50
POSITION_FIELD = position_id
HEAD_ENTITY_ID_FIELD = head_id
TAIL_ENTITY_ID_FIELD = tail_id
RELATION_ID_FIELD = relation_id
ENTITY_ID_FIELD = entity_id
benchmark_filename = ['train', 'valid', 'test']

Other Hyper Parameters: 
worker = 0
wandb_project = recbole
shuffle = True
require_pow = False
enable_amp = False
enable_scaler = False
transform = None
numerical_features = []
discretization = None
kg_reverse_r = False
entity_kg_num_interval = [0,inf)
relation_kg_num_interval = [0,inf)
MODEL_TYPE = ModelType.SEQUENTIAL
n_layers = 3
n_heads = 4
hidden_size = 300
inner_size = 512
hidden_dropout_prob = 0.3
attn_dropout_prob = 0.3
hidden_act = gelu
layer_norm_eps = 1e-12
initializer_range = 0.02
loss_type = CE
item_drop_ratio = 0.15
item_drop_coefficient = 0.95
lambda = 0.001
plm_suffix = blair-roberta-base.feature
train_stage = transductive_ft
plm_size = 768
adaptor_dropout_prob = 0.1
adaptor_layers = [768, 300]
temperature = 0.05
n_exps = 8
MODEL_INPUT_TYPE = InputType.POINTWISE
eval_type = EvaluatorType.RANKING
single_spec = True
local_rank = 0
device = cuda
valid_neg_sample_args = {'distribution': 'uniform', 'sample_num': 'none'}
test_neg_sample_args = {'distribution': 'uniform', 'sample_num': 'none'}


/root/miniconda3/lib/python3.10/site-packages/recbole/data/dataset/dataset.py:501: FutureWarning: A value is trying to be set on a copy of a DataFrame or Series through chained assignment using an inplace method.
The behavior will change in pandas 3.0. This inplace method will never work because the intermediate object on which we are setting values always behaves as a copy.

For example, when doing 'df[col].method(value, inplace=True)', try using 'df.method({col: value}, inplace=True)' or df[col] = df[col].method(value) instead, to perform the operation inplace on the original object.


  df[field].fillna(value="", inplace=True)
/root/miniconda3/lib/python3.10/site-packages/recbole/data/dataset/dataset.py:501: FutureWarning: A value is trying to be set on a copy of a DataFrame or Series through chained assignment using an inplace method.
The behavior will change in pandas 3.0. This inplace method will never work because the intermediate object on which we are setting values always behaves as a copy.

For example, when doing 'df[col].method(value, inplace=True)', try using 'df.method({col: value}, inplace=True)' or df[col] = df[col].method(value) instead, to perform the operation inplace on the original object.


  df[field].fillna(value="", inplace=True)
/root/miniconda3/lib/python3.10/site-packages/recbole/data/dataset/dataset.py:501: FutureWarning: A value is trying to be set on a copy of a DataFrame or Series through chained assignment using an inplace method.
The behavior will change in pandas 3.0. This inplace method will never work because the intermediate object on which we are setting values always behaves as a copy.

For example, when doing 'df[col].method(value, inplace=True)', try using 'df.method({col: value}, inplace=True)' or df[col] = df[col].method(value) instead, to perform the operation inplace on the original object.


  df[field].fillna(value="", inplace=True)
/root/miniconda3/lib/python3.10/site-packages/recbole/data/dataset/dataset.py:1217: FutureWarning: using <built-in function len> in Series.agg cannot aggregate and has been deprecated. Use Series.transform to keep behavior unchanged.
  split_point = np.cumsum(feat[field].agg(len))[:-1]
/root/miniconda3/lib/python3.10/site-packages/recbole/data/dataset/dataset.py:648: FutureWarning: A value is trying to be set on a copy of a DataFrame or Series through chained assignment using an inplace method.
The behavior will change in pandas 3.0. This inplace method will never work because the intermediate object on which we are setting values always behaves as a copy.

For example, when doing 'df[col].method(value, inplace=True)', try using 'df.method({col: value}, inplace=True)' or df[col] = df[col].method(value) instead, to perform the operation inplace on the original object.


  feat[field].fillna(value=0, inplace=True)
/root/miniconda3/lib/python3.10/site-packages/recbole/data/dataset/sequential_dataset.py:165: FutureWarning: using <built-in function len> in Series.agg cannot aggregate and has been deprecated. Use Series.transform to keep behavior unchanged.
  ].agg(len)
24 May 10:02    INFO  Musical_Instruments
The number of users: 57440
Average actions of users: 7.910949006772402
The number of items: 24588
Average actions of items: 18.484196395883334
The number of inters: 454397
The sparsity of the dataset: 99.96782653619108%
Remain Fields: ['user_id', 'item_id_list', 'item_id', 'item_length']
24 May 10:02    INFO  [Training]: train_batch_size = [2048] train_neg_sample_args: [{'distribution': 'none', 'sample_num': 'none', 'alpha': 'none', 'dynamic': False, 'candidate_num': 0}]
24 May 10:02    INFO  [Evaluation]: eval_batch_size = [2048] eval_args: [{'split': {'LS': 'valid_and_test'}, 'order': 'TO', 'group_by': 'user', 'mode': {'valid': 'full', 'test': 'full'}}]
24 May 10:02    INFO  Loading from checkpoints/mi-baseline-resume-best.pth
24 May 10:02    INFO  UniSRec(
  (item_embedding): Embedding(24588, 300, padding_idx=0)
  (position_embedding): Embedding(50, 300)
  (trm_encoder): TransformerEncoder(
    (layer): ModuleList(
      (0-2): 3 x TransformerLayer(
        (multi_head_attention): MultiHeadAttention(
          (query): Linear(in_features=300, out_features=300, bias=True)
          (key): Linear(in_features=300, out_features=300, bias=True)
          (value): Linear(in_features=300, out_features=300, bias=True)
          (softmax): Softmax(dim=-1)
          (attn_dropout): Dropout(p=0.3, inplace=False)
          (dense): Linear(in_features=300, out_features=300, bias=True)
          (LayerNorm): LayerNorm((300,), eps=1e-12, elementwise_affine=True)
          (out_dropout): Dropout(p=0.3, inplace=False)
        )
        (feed_forward): FeedForward(
          (dense_1): Linear(in_features=300, out_features=512, bias=True)
          (dense_2): Linear(in_features=512, out_features=300, bias=True)
          (LayerNorm): LayerNorm((300,), eps=1e-12, elementwise_affine=True)
          (dropout): Dropout(p=0.3, inplace=False)
        )
      )
    )
  )
  (LayerNorm): LayerNorm((300,), eps=1e-12, elementwise_affine=True)
  (dropout): Dropout(p=0.3, inplace=False)
  (loss_fct): CrossEntropyLoss()
  (plm_embedding): Embedding(24588, 768, padding_idx=0)
  (moe_adaptor): MoEAdaptorLayer(
    (experts): ModuleList(
      (0-7): 8 x PWLayer(
        (dropout): Dropout(p=0.1, inplace=False)
        (lin): Linear(in_features=768, out_features=300, bias=False)
      )
    )
  )
)
Trainable parameters: 11264868
24 May 10:03    INFO  epoch 0 training [time: 47.51s, train loss: 1367.3351]
24 May 10:03    INFO  epoch 0 evaluating [time: 2.71s, valid_score: 0.036300]
24 May 10:03    INFO  valid result: 
recall@10 : 0.0713    recall@50 : 0.1736    ndcg@10 : 0.0363    ndcg@50 : 0.0584
24 May 10:03    INFO  Saving current: saved/UniSRec-May-24-2026_10-02-56.pth
24 May 10:04    INFO  epoch 1 training [time: 46.99s, train loss: 1356.0177]
24 May 10:04    INFO  epoch 1 evaluating [time: 2.51s, valid_score: 0.036900]
24 May 10:04    INFO  valid result: 
recall@10 : 0.0726    recall@50 : 0.1764    ndcg@10 : 0.0369    ndcg@50 : 0.0594
24 May 10:04    INFO  Saving current: saved/UniSRec-May-24-2026_10-02-56.pth
24 May 10:05    INFO  epoch 2 training [time: 47.21s, train loss: 1347.8321]
24 May 10:05    INFO  epoch 2 evaluating [time: 2.40s, valid_score: 0.037100]
24 May 10:05    INFO  valid result: 
recall@10 : 0.0733    recall@50 : 0.1775    ndcg@10 : 0.0371    ndcg@50 : 0.0597
24 May 10:05    INFO  Saving current: saved/UniSRec-May-24-2026_10-02-56.pth
24 May 10:06    INFO  epoch 3 training [time: 47.34s, train loss: 1340.1467]
24 May 10:06    INFO  epoch 3 evaluating [time: 2.53s, valid_score: 0.036700]
24 May 10:06    INFO  valid result: 
recall@10 : 0.0731    recall@50 : 0.1776    ndcg@10 : 0.0367    ndcg@50 : 0.0594
24 May 10:07    INFO  epoch 4 training [time: 47.03s, train loss: 1333.4564]
24 May 10:07    INFO  epoch 4 evaluating [time: 2.46s, valid_score: 0.036700]
24 May 10:07    INFO  valid result: 
recall@10 : 0.0734    recall@50 : 0.1787    ndcg@10 : 0.0367    ndcg@50 : 0.0595
24 May 10:07    INFO  epoch 5 training [time: 47.13s, train loss: 1326.5979]
24 May 10:07    INFO  epoch 5 evaluating [time: 2.56s, valid_score: 0.037400]
24 May 10:07    INFO  valid result: 
recall@10 : 0.0745    recall@50 : 0.1792    ndcg@10 : 0.0374    ndcg@50 : 0.0601
24 May 10:07    INFO  Saving current: saved/UniSRec-May-24-2026_10-02-56.pth
24 May 10:08    INFO  epoch 6 training [time: 47.20s, train loss: 1320.1178]
24 May 10:08    INFO  epoch 6 evaluating [time: 2.46s, valid_score: 0.037300]
24 May 10:08    INFO  valid result: 
recall@10 : 0.0751    recall@50 : 0.1816    ndcg@10 : 0.0373    ndcg@50 : 0.0604
24 May 10:09    INFO  epoch 7 training [time: 47.13s, train loss: 1313.7997]
24 May 10:09    INFO  epoch 7 evaluating [time: 2.63s, valid_score: 0.037500]
24 May 10:09    INFO  valid result: 
recall@10 : 0.0753    recall@50 : 0.1815    ndcg@10 : 0.0375    ndcg@50 : 0.0604
24 May 10:09    INFO  Saving current: saved/UniSRec-May-24-2026_10-02-56.pth
24 May 10:10    INFO  epoch 8 training [time: 47.08s, train loss: 1307.3544]
24 May 10:10    INFO  epoch 8 evaluating [time: 2.54s, valid_score: 0.037300]
24 May 10:10    INFO  valid result: 
recall@10 : 0.0757    recall@50 : 0.1835    ndcg@10 : 0.0373    ndcg@50 : 0.0606
24 May 10:11    INFO  epoch 9 training [time: 46.87s, train loss: 1301.3364]
24 May 10:11    INFO  epoch 9 evaluating [time: 2.52s, valid_score: 0.037600]
24 May 10:11    INFO  valid result: 
recall@10 : 0.076    recall@50 : 0.1831    ndcg@10 : 0.0376    ndcg@50 : 0.0608
24 May 10:11    INFO  Saving current: saved/UniSRec-May-24-2026_10-02-56.pth
24 May 10:12    INFO  epoch 10 training [time: 47.05s, train loss: 1294.7817]
24 May 10:12    INFO  epoch 10 evaluating [time: 2.45s, valid_score: 0.037200]
24 May 10:12    INFO  valid result: 
recall@10 : 0.0758    recall@50 : 0.1841    ndcg@10 : 0.0372    ndcg@50 : 0.0607
24 May 10:12    INFO  epoch 11 training [time: 46.96s, train loss: 1288.6534]
24 May 10:12    INFO  epoch 11 evaluating [time: 2.61s, valid_score: 0.037100]
24 May 10:12    INFO  valid result: 
recall@10 : 0.076    recall@50 : 0.1849    ndcg@10 : 0.0371    ndcg@50 : 0.0606
24 May 10:13    INFO  epoch 12 training [time: 46.78s, train loss: 1282.0371]
24 May 10:13    INFO  epoch 12 evaluating [time: 2.51s, valid_score: 0.036400]
24 May 10:13    INFO  valid result: 
recall@10 : 0.0749    recall@50 : 0.1844    ndcg@10 : 0.0364    ndcg@50 : 0.0602
24 May 10:14    INFO  epoch 13 training [time: 46.82s, train loss: 1275.4481]
24 May 10:14    INFO  epoch 13 evaluating [time: 2.50s, valid_score: 0.036700]
24 May 10:14    INFO  valid result: 
recall@10 : 0.0753    recall@50 : 0.1846    ndcg@10 : 0.0367    ndcg@50 : 0.0604
24 May 10:15    INFO  epoch 14 training [time: 46.87s, train loss: 1268.9972]
24 May 10:15    INFO  epoch 14 evaluating [time: 2.53s, valid_score: 0.036000]
24 May 10:15    INFO  valid result: 
recall@10 : 0.0748    recall@50 : 0.1844    ndcg@10 : 0.036    ndcg@50 : 0.0598
24 May 10:16    INFO  epoch 15 training [time: 46.97s, train loss: 1262.3713]
24 May 10:16    INFO  epoch 15 evaluating [time: 2.51s, valid_score: 0.036100]
24 May 10:16    INFO  valid result: 
recall@10 : 0.0751    recall@50 : 0.1843    ndcg@10 : 0.0361    ndcg@50 : 0.0597
24 May 10:16    INFO  epoch 16 training [time: 46.87s, train loss: 1255.7109]
24 May 10:17    INFO  epoch 16 evaluating [time: 2.53s, valid_score: 0.035800]
24 May 10:17    INFO  valid result: 
recall@10 : 0.0752    recall@50 : 0.1858    ndcg@10 : 0.0358    ndcg@50 : 0.0597
24 May 10:17    INFO  epoch 17 training [time: 46.61s, train loss: 1249.2263]
24 May 10:17    INFO  epoch 17 evaluating [time: 2.50s, valid_score: 0.035300]
24 May 10:17    INFO  valid result: 
recall@10 : 0.0743    recall@50 : 0.183    ndcg@10 : 0.0353    ndcg@50 : 0.0589
24 May 10:18    INFO  epoch 18 training [time: 47.00s, train loss: 1242.1660]
24 May 10:18    INFO  epoch 18 evaluating [time: 2.54s, valid_score: 0.035200]
24 May 10:18    INFO  valid result: 
recall@10 : 0.0746    recall@50 : 0.1836    ndcg@10 : 0.0352    ndcg@50 : 0.0588
24 May 10:19    INFO  epoch 19 training [time: 46.84s, train loss: 1235.3533]
24 May 10:19    INFO  epoch 19 evaluating [time: 2.53s, valid_score: 0.035100]
24 May 10:19    INFO  valid result: 
recall@10 : 0.0742    recall@50 : 0.1832    ndcg@10 : 0.0351    ndcg@50 : 0.0588
24 May 10:20    INFO  epoch 20 training [time: 46.94s, train loss: 1228.6114]
24 May 10:20    INFO  epoch 20 evaluating [time: 2.47s, valid_score: 0.035000]
24 May 10:20    INFO  valid result: 
recall@10 : 0.0749    recall@50 : 0.1829    ndcg@10 : 0.035    ndcg@50 : 0.0585
24 May 10:20    INFO  Finished training, best eval result in epoch 9
24 May 10:20    INFO  Loading model structure and parameters from saved/UniSRec-May-24-2026_10-02-56.pth
24 May 10:20    INFO  best valid : OrderedDict([('recall@10', 0.076), ('recall@50', 0.1831), ('ndcg@10', 0.0376), ('ndcg@50', 0.0608)])
24 May 10:20    INFO  test result: OrderedDict([('recall@10', 0.0674), ('recall@50', 0.1658), ('ndcg@10', 0.0343), ('ndcg@50', 0.0555)])
