command line args [-m UniSRec -d Musical_Instruments -p checkpoints/mi-baseline-resume-best.pth --train_stage transductive_ft --learning_rate 0.00005 --epochs 100 --stopping_step 10 --show_progress false --tag mi-transductive-lr5e5 --result_file results/experiment_results.jsonl] will not be used in RecBole
24 May 10:22    INFO  
General Hyper Parameters:
gpu_id = 0
use_gpu = True
seed = 2020
state = INFO
reproducibility = True
data_path = dataset/processed/Musical_Instruments
checkpoint_dir = saved
show_progress = False
save_dataset = False
dataset_save_path = None
save_dataloaders = False
dataloaders_save_path = None
log_wandb = False

Training Hyper Parameters:
epochs = 100
train_batch_size = 2048
learner = adamw
learning_rate = 5e-05
train_neg_sample_args = {'distribution': 'none', 'sample_num': 'none', 'alpha': 'none', 'dynamic': False, 'candidate_num': 0}
eval_step = 1
stopping_step = 10
clip_grad_norm = None
weight_decay = 0.0
loss_decimal_place = 4

Evaluation Hyper Parameters:
eval_args = {'split': {'LS': 'valid_and_test'}, 'order': 'TO', 'group_by': 'user', 'mode': {'valid': 'full', 'test': 'full'}}
repeatable = True
metrics = ['Recall', 'NDCG']
topk = [10, 50]
valid_metric = NDCG@10
valid_metric_bigger = True
eval_batch_size = 2048
metric_decimal_place = 4

Dataset Hyper Parameters:
field_separator = 	
seq_separator =  
USER_ID_FIELD = user_id
ITEM_ID_FIELD = item_id
RATING_FIELD = rating
TIME_FIELD = timestamp
seq_len = None
LABEL_FIELD = label
threshold = None
NEG_PREFIX = neg_
load_col = {'inter': ['user_id', 'item_id_list', 'item_id']}
unload_col = None
unused_col = None
additional_feat_suffix = None
rm_dup_inter = None
val_interval = None
filter_inter_by_user_or_item = True
user_inter_num_interval = [0,inf)
item_inter_num_interval = [0,inf)
alias_of_user_id = None
alias_of_item_id = ['item_id_list']
alias_of_entity_id = None
alias_of_relation_id = None
preload_weight = None
normalize_field = None
normalize_all = None
ITEM_LIST_LENGTH_FIELD = item_length
LIST_SUFFIX = _list
MAX_ITEM_LIST_LENGTH = 50
POSITION_FIELD = position_id
HEAD_ENTITY_ID_FIELD = head_id
TAIL_ENTITY_ID_FIELD = tail_id
RELATION_ID_FIELD = relation_id
ENTITY_ID_FIELD = entity_id
benchmark_filename = ['train', 'valid', 'test']

Other Hyper Parameters: 
worker = 0
wandb_project = recbole
shuffle = True
require_pow = False
enable_amp = False
enable_scaler = False
transform = None
numerical_features = []
discretization = None
kg_reverse_r = False
entity_kg_num_interval = [0,inf)
relation_kg_num_interval = [0,inf)
MODEL_TYPE = ModelType.SEQUENTIAL
n_layers = 3
n_heads = 4
hidden_size = 300
inner_size = 512
hidden_dropout_prob = 0.3
attn_dropout_prob = 0.3
hidden_act = gelu
layer_norm_eps = 1e-12
initializer_range = 0.02
loss_type = CE
item_drop_ratio = 0.15
item_drop_coefficient = 0.95
lambda = 0.001
plm_suffix = blair-roberta-base.feature
train_stage = transductive_ft
plm_size = 768
adaptor_dropout_prob = 0.1
adaptor_layers = [768, 300]
temperature = 0.05
n_exps = 8
MODEL_INPUT_TYPE = InputType.POINTWISE
eval_type = EvaluatorType.RANKING
single_spec = True
local_rank = 0
device = cuda
valid_neg_sample_args = {'distribution': 'uniform', 'sample_num': 'none'}
test_neg_sample_args = {'distribution': 'uniform', 'sample_num': 'none'}


/root/miniconda3/lib/python3.10/site-packages/recbole/data/dataset/dataset.py:501: FutureWarning: A value is trying to be set on a copy of a DataFrame or Series through chained assignment using an inplace method.
The behavior will change in pandas 3.0. This inplace method will never work because the intermediate object on which we are setting values always behaves as a copy.

For example, when doing 'df[col].method(value, inplace=True)', try using 'df.method({col: value}, inplace=True)' or df[col] = df[col].method(value) instead, to perform the operation inplace on the original object.


  df[field].fillna(value="", inplace=True)
/root/miniconda3/lib/python3.10/site-packages/recbole/data/dataset/dataset.py:501: FutureWarning: A value is trying to be set on a copy of a DataFrame or Series through chained assignment using an inplace method.
The behavior will change in pandas 3.0. This inplace method will never work because the intermediate object on which we are setting values always behaves as a copy.

For example, when doing 'df[col].method(value, inplace=True)', try using 'df.method({col: value}, inplace=True)' or df[col] = df[col].method(value) instead, to perform the operation inplace on the original object.


  df[field].fillna(value="", inplace=True)
/root/miniconda3/lib/python3.10/site-packages/recbole/data/dataset/dataset.py:501: FutureWarning: A value is trying to be set on a copy of a DataFrame or Series through chained assignment using an inplace method.
The behavior will change in pandas 3.0. This inplace method will never work because the intermediate object on which we are setting values always behaves as a copy.

For example, when doing 'df[col].method(value, inplace=True)', try using 'df.method({col: value}, inplace=True)' or df[col] = df[col].method(value) instead, to perform the operation inplace on the original object.


  df[field].fillna(value="", inplace=True)
/root/miniconda3/lib/python3.10/site-packages/recbole/data/dataset/dataset.py:1217: FutureWarning: using <built-in function len> in Series.agg cannot aggregate and has been deprecated. Use Series.transform to keep behavior unchanged.
  split_point = np.cumsum(feat[field].agg(len))[:-1]
/root/miniconda3/lib/python3.10/site-packages/recbole/data/dataset/dataset.py:648: FutureWarning: A value is trying to be set on a copy of a DataFrame or Series through chained assignment using an inplace method.
The behavior will change in pandas 3.0. This inplace method will never work because the intermediate object on which we are setting values always behaves as a copy.

For example, when doing 'df[col].method(value, inplace=True)', try using 'df.method({col: value}, inplace=True)' or df[col] = df[col].method(value) instead, to perform the operation inplace on the original object.


  feat[field].fillna(value=0, inplace=True)
/root/miniconda3/lib/python3.10/site-packages/recbole/data/dataset/sequential_dataset.py:165: FutureWarning: using <built-in function len> in Series.agg cannot aggregate and has been deprecated. Use Series.transform to keep behavior unchanged.
  ].agg(len)
24 May 10:22    INFO  Musical_Instruments
The number of users: 57440
Average actions of users: 7.910949006772402
The number of items: 24588
Average actions of items: 18.484196395883334
The number of inters: 454397
The sparsity of the dataset: 99.96782653619108%
Remain Fields: ['user_id', 'item_id_list', 'item_id', 'item_length']
24 May 10:22    INFO  [Training]: train_batch_size = [2048] train_neg_sample_args: [{'distribution': 'none', 'sample_num': 'none', 'alpha': 'none', 'dynamic': False, 'candidate_num': 0}]
24 May 10:22    INFO  [Evaluation]: eval_batch_size = [2048] eval_args: [{'split': {'LS': 'valid_and_test'}, 'order': 'TO', 'group_by': 'user', 'mode': {'valid': 'full', 'test': 'full'}}]
24 May 10:22    INFO  Loading from checkpoints/mi-baseline-resume-best.pth
24 May 10:22    INFO  UniSRec(
  (item_embedding): Embedding(24588, 300, padding_idx=0)
  (position_embedding): Embedding(50, 300)
  (trm_encoder): TransformerEncoder(
    (layer): ModuleList(
      (0-2): 3 x TransformerLayer(
        (multi_head_attention): MultiHeadAttention(
          (query): Linear(in_features=300, out_features=300, bias=True)
          (key): Linear(in_features=300, out_features=300, bias=True)
          (value): Linear(in_features=300, out_features=300, bias=True)
          (softmax): Softmax(dim=-1)
          (attn_dropout): Dropout(p=0.3, inplace=False)
          (dense): Linear(in_features=300, out_features=300, bias=True)
          (LayerNorm): LayerNorm((300,), eps=1e-12, elementwise_affine=True)
          (out_dropout): Dropout(p=0.3, inplace=False)
        )
        (feed_forward): FeedForward(
          (dense_1): Linear(in_features=300, out_features=512, bias=True)
          (dense_2): Linear(in_features=512, out_features=300, bias=True)
          (LayerNorm): LayerNorm((300,), eps=1e-12, elementwise_affine=True)
          (dropout): Dropout(p=0.3, inplace=False)
        )
      )
    )
  )
  (LayerNorm): LayerNorm((300,), eps=1e-12, elementwise_affine=True)
  (dropout): Dropout(p=0.3, inplace=False)
  (loss_fct): CrossEntropyLoss()
  (plm_embedding): Embedding(24588, 768, padding_idx=0)
  (moe_adaptor): MoEAdaptorLayer(
    (experts): ModuleList(
      (0-7): 8 x PWLayer(
        (dropout): Dropout(p=0.1, inplace=False)
        (lin): Linear(in_features=768, out_features=300, bias=False)
      )
    )
  )
)
Trainable parameters: 11264868
24 May 10:23    INFO  epoch 0 training [time: 47.08s, train loss: 1366.2746]
24 May 10:23    INFO  epoch 0 evaluating [time: 2.48s, valid_score: 0.036300]
24 May 10:23    INFO  valid result: 
recall@10 : 0.0711    recall@50 : 0.1731    ndcg@10 : 0.0363    ndcg@50 : 0.0584
24 May 10:23    INFO  Saving current: saved/UniSRec-May-24-2026_10-22-35.pth
24 May 10:24    INFO  epoch 1 training [time: 46.98s, train loss: 1359.3356]
24 May 10:24    INFO  epoch 1 evaluating [time: 2.39s, valid_score: 0.037000]
24 May 10:24    INFO  valid result: 
recall@10 : 0.0726    recall@50 : 0.1743    ndcg@10 : 0.037    ndcg@50 : 0.059
24 May 10:24    INFO  Saving current: saved/UniSRec-May-24-2026_10-22-35.pth
24 May 10:25    INFO  epoch 2 training [time: 47.22s, train loss: 1354.1744]
24 May 10:25    INFO  epoch 2 evaluating [time: 2.47s, valid_score: 0.036900]
24 May 10:25    INFO  valid result: 
recall@10 : 0.0726    recall@50 : 0.1756    ndcg@10 : 0.0369    ndcg@50 : 0.0592
24 May 10:25    INFO  epoch 3 training [time: 47.07s, train loss: 1349.2241]
24 May 10:25    INFO  epoch 3 evaluating [time: 2.49s, valid_score: 0.036800]
24 May 10:25    INFO  valid result: 
recall@10 : 0.0729    recall@50 : 0.1759    ndcg@10 : 0.0368    ndcg@50 : 0.0591
24 May 10:26    INFO  epoch 4 training [time: 47.15s, train loss: 1345.0511]
24 May 10:26    INFO  epoch 4 evaluating [time: 2.54s, valid_score: 0.036800]
24 May 10:26    INFO  valid result: 
recall@10 : 0.0727    recall@50 : 0.1768    ndcg@10 : 0.0368    ndcg@50 : 0.0593
24 May 10:27    INFO  epoch 5 training [time: 47.07s, train loss: 1340.6659]
24 May 10:27    INFO  epoch 5 evaluating [time: 2.58s, valid_score: 0.037200]
24 May 10:27    INFO  valid result: 
recall@10 : 0.0733    recall@50 : 0.178    ndcg@10 : 0.0372    ndcg@50 : 0.0599
24 May 10:27    INFO  Saving current: saved/UniSRec-May-24-2026_10-22-35.pth
24 May 10:28    INFO  epoch 6 training [time: 47.12s, train loss: 1336.7437]
24 May 10:28    INFO  epoch 6 evaluating [time: 2.61s, valid_score: 0.037200]
24 May 10:28    INFO  valid result: 
recall@10 : 0.0739    recall@50 : 0.1792    ndcg@10 : 0.0372    ndcg@50 : 0.06
24 May 10:28    INFO  Saving current: saved/UniSRec-May-24-2026_10-22-35.pth
24 May 10:29    INFO  epoch 7 training [time: 47.38s, train loss: 1333.0348]
24 May 10:29    INFO  epoch 7 evaluating [time: 2.45s, valid_score: 0.037300]
24 May 10:29    INFO  valid result: 
recall@10 : 0.0737    recall@50 : 0.1796    ndcg@10 : 0.0373    ndcg@50 : 0.0602
24 May 10:29    INFO  Saving current: saved/UniSRec-May-24-2026_10-22-35.pth
24 May 10:30    INFO  epoch 8 training [time: 47.13s, train loss: 1329.0659]
24 May 10:30    INFO  epoch 8 evaluating [time: 2.44s, valid_score: 0.037500]
24 May 10:30    INFO  valid result: 
recall@10 : 0.0746    recall@50 : 0.1802    ndcg@10 : 0.0375    ndcg@50 : 0.0604
24 May 10:30    INFO  Saving current: saved/UniSRec-May-24-2026_10-22-35.pth
24 May 10:30    INFO  epoch 9 training [time: 47.30s, train loss: 1325.6871]
24 May 10:30    INFO  epoch 9 evaluating [time: 2.50s, valid_score: 0.037600]
24 May 10:30    INFO  valid result: 
recall@10 : 0.0747    recall@50 : 0.1805    ndcg@10 : 0.0376    ndcg@50 : 0.0605
24 May 10:30    INFO  Saving current: saved/UniSRec-May-24-2026_10-22-35.pth
24 May 10:31    INFO  epoch 10 training [time: 46.94s, train loss: 1321.9017]
24 May 10:31    INFO  epoch 10 evaluating [time: 2.58s, valid_score: 0.037500]
24 May 10:31    INFO  valid result: 
recall@10 : 0.0749    recall@50 : 0.1805    ndcg@10 : 0.0375    ndcg@50 : 0.0604
24 May 10:32    INFO  epoch 11 training [time: 47.33s, train loss: 1318.6625]
24 May 10:32    INFO  epoch 11 evaluating [time: 2.51s, valid_score: 0.037600]
24 May 10:32    INFO  valid result: 
recall@10 : 0.0754    recall@50 : 0.1816    ndcg@10 : 0.0376    ndcg@50 : 0.0606
24 May 10:32    INFO  Saving current: saved/UniSRec-May-24-2026_10-22-35.pth
24 May 10:33    INFO  epoch 12 training [time: 47.12s, train loss: 1314.8638]
24 May 10:33    INFO  epoch 12 evaluating [time: 2.64s, valid_score: 0.037300]
24 May 10:33    INFO  valid result: 
recall@10 : 0.0749    recall@50 : 0.1824    ndcg@10 : 0.0373    ndcg@50 : 0.0606
24 May 10:34    INFO  epoch 13 training [time: 47.16s, train loss: 1311.3290]
24 May 10:34    INFO  epoch 13 evaluating [time: 2.44s, valid_score: 0.037500]
24 May 10:34    INFO  valid result: 
recall@10 : 0.0751    recall@50 : 0.1831    ndcg@10 : 0.0375    ndcg@50 : 0.0609
24 May 10:35    INFO  epoch 14 training [time: 47.25s, train loss: 1307.9839]
24 May 10:35    INFO  epoch 14 evaluating [time: 2.45s, valid_score: 0.037600]
24 May 10:35    INFO  valid result: 
recall@10 : 0.0758    recall@50 : 0.1823    ndcg@10 : 0.0376    ndcg@50 : 0.0606
24 May 10:35    INFO  Saving current: saved/UniSRec-May-24-2026_10-22-35.pth
24 May 10:35    INFO  epoch 15 training [time: 46.79s, train loss: 1304.5695]
24 May 10:35    INFO  epoch 15 evaluating [time: 2.64s, valid_score: 0.037400]
24 May 10:35    INFO  valid result: 
recall@10 : 0.0754    recall@50 : 0.1814    ndcg@10 : 0.0374    ndcg@50 : 0.0603
24 May 10:36    INFO  epoch 16 training [time: 47.07s, train loss: 1301.1441]
24 May 10:36    INFO  epoch 16 evaluating [time: 2.42s, valid_score: 0.037600]
24 May 10:36    INFO  valid result: 
recall@10 : 0.0763    recall@50 : 0.1847    ndcg@10 : 0.0376    ndcg@50 : 0.0611
24 May 10:36    INFO  Saving current: saved/UniSRec-May-24-2026_10-22-35.pth
24 May 10:37    INFO  epoch 17 training [time: 47.17s, train loss: 1298.0497]
24 May 10:37    INFO  epoch 17 evaluating [time: 2.43s, valid_score: 0.037300]
24 May 10:37    INFO  valid result: 
recall@10 : 0.0759    recall@50 : 0.1844    ndcg@10 : 0.0373    ndcg@50 : 0.0608
24 May 10:38    INFO  epoch 18 training [time: 46.88s, train loss: 1294.3217]
24 May 10:38    INFO  epoch 18 evaluating [time: 2.32s, valid_score: 0.037400]
24 May 10:38    INFO  valid result: 
recall@10 : 0.0759    recall@50 : 0.1841    ndcg@10 : 0.0374    ndcg@50 : 0.0608
24 May 10:39    INFO  epoch 19 training [time: 47.16s, train loss: 1290.9448]
24 May 10:39    INFO  epoch 19 evaluating [time: 2.55s, valid_score: 0.037400]
24 May 10:39    INFO  valid result: 
recall@10 : 0.0761    recall@50 : 0.1841    ndcg@10 : 0.0374    ndcg@50 : 0.0608
24 May 10:39    INFO  epoch 20 training [time: 46.99s, train loss: 1287.4657]
24 May 10:40    INFO  epoch 20 evaluating [time: 2.59s, valid_score: 0.037300]
24 May 10:40    INFO  valid result: 
recall@10 : 0.0757    recall@50 : 0.1848    ndcg@10 : 0.0373    ndcg@50 : 0.061
24 May 10:40    INFO  epoch 21 training [time: 47.17s, train loss: 1284.4177]
24 May 10:40    INFO  epoch 21 evaluating [time: 2.54s, valid_score: 0.037300]
24 May 10:40    INFO  valid result: 
recall@10 : 0.0768    recall@50 : 0.184    ndcg@10 : 0.0373    ndcg@50 : 0.0606
24 May 10:41    INFO  epoch 22 training [time: 46.96s, train loss: 1280.7322]
24 May 10:41    INFO  epoch 22 evaluating [time: 2.50s, valid_score: 0.037200]
24 May 10:41    INFO  valid result: 
recall@10 : 0.0763    recall@50 : 0.1845    ndcg@10 : 0.0372    ndcg@50 : 0.0606
24 May 10:42    INFO  epoch 23 training [time: 46.90s, train loss: 1277.6256]
24 May 10:42    INFO  epoch 23 evaluating [time: 2.52s, valid_score: 0.036700]
24 May 10:42    INFO  valid result: 
recall@10 : 0.0751    recall@50 : 0.1846    ndcg@10 : 0.0367    ndcg@50 : 0.0604
24 May 10:43    INFO  epoch 24 training [time: 46.69s, train loss: 1273.9105]
24 May 10:43    INFO  epoch 24 evaluating [time: 2.51s, valid_score: 0.036800]
24 May 10:43    INFO  valid result: 
recall@10 : 0.0758    recall@50 : 0.1851    ndcg@10 : 0.0368    ndcg@50 : 0.0604
24 May 10:44    INFO  epoch 25 training [time: 47.10s, train loss: 1270.6571]
24 May 10:44    INFO  epoch 25 evaluating [time: 2.58s, valid_score: 0.037100]
24 May 10:44    INFO  valid result: 
recall@10 : 0.0763    recall@50 : 0.1853    ndcg@10 : 0.0371    ndcg@50 : 0.0607
24 May 10:44    INFO  epoch 26 training [time: 47.20s, train loss: 1267.4254]
24 May 10:44    INFO  epoch 26 evaluating [time: 2.48s, valid_score: 0.037100]
24 May 10:44    INFO  valid result: 
recall@10 : 0.0768    recall@50 : 0.1853    ndcg@10 : 0.0371    ndcg@50 : 0.0606
24 May 10:45    INFO  epoch 27 training [time: 47.20s, train loss: 1264.2175]
24 May 10:45    INFO  epoch 27 evaluating [time: 2.34s, valid_score: 0.036700]
24 May 10:45    INFO  valid result: 
recall@10 : 0.0764    recall@50 : 0.185    ndcg@10 : 0.0367    ndcg@50 : 0.0602
24 May 10:45    INFO  Finished training, best eval result in epoch 16
24 May 10:45    INFO  Loading model structure and parameters from saved/UniSRec-May-24-2026_10-22-35.pth
24 May 10:45    INFO  best valid : OrderedDict([('recall@10', 0.0763), ('recall@50', 0.1847), ('ndcg@10', 0.0376), ('ndcg@50', 0.0611)])
24 May 10:45    INFO  test result: OrderedDict([('recall@10', 0.068), ('recall@50', 0.1668), ('ndcg@10', 0.0347), ('ndcg@50', 0.0561)])
